<!DOCTYPE html PUBLIC "-//W3C//DTD XHTML 1.1//EN" "https://www.w3.org/TR/xhtml11/DTD/xhtml11.dtd">
<html xmlns="https://www.w3.org/1999/xhtml">
<head>
<meta http-equiv="content-type" content="text/html; charset=UTF-8"/>
<title>TestNG Report</title>
<style type="text/css">table {margin-bottom:10px;border-collapse:collapse;empty-cells:show}th,td {border:1px solid #009;padding:.25em .5em}th {vertical-align:bottom}td {vertical-align:top}table a {font-weight:bold}.stripe td {background-color: #E6EBF9}.num {text-align:right}.passedodd td {background-color: #3F3}.passedeven td {background-color: #0A0}.skippedodd td {background-color: #DDD}.skippedeven td {background-color: #CCC}.failedodd td,.attn {background-color: #F33}.failedeven td,.stripe .attn {background-color: #D00}.stacktrace {white-space:pre;font-family:monospace}.totop {font-size:85%;text-align:center;border-bottom:2px solid #000}.invisible {display:none}</style>
</head>
<body>
<table>
<tr><th>Test</th><th># Passed</th><th># Skipped</th><th># Retried</th><th># Failed</th><th>Time (ms)</th><th>Included Groups</th><th>Excluded Groups</th></tr>
<tr><th colspan="8">Suite</th></tr>
<tr><td><a href="#t0">Test</a></td><td class="num">15</td><td class="num">0</td><td class="num">0</td><td class="num attn">29</td><td class="num">5,011,217</td><td></td><td></td></tr>
</table>
<table id='summary'><thead><tr><th>Class</th><th>Method</th><th>Start</th><th>Time (ms)</th></tr></thead><tbody><tr><th colspan="4">Suite</th></tr></tbody><tbody id="t0"><tr><th colspan="4">Test &#8212; failed</th></tr><tr class="failedeven"><td rowspan="9">com.axisrooms.rateShopper.test.FiltersTest</td><td><a href="#m0">filtersTest</a></td><td rowspan="9">1707119219641</td><td rowspan="9">39663</td></tr><tr class="failedeven"><td><a href="#m1">filtersTest</a></td></tr><tr class="failedeven"><td><a href="#m2">filtersTest</a></td></tr><tr class="failedeven"><td><a href="#m3">filtersTest</a></td></tr><tr class="failedeven"><td><a href="#m4">filtersTest</a></td></tr><tr class="failedeven"><td><a href="#m5">filtersTest</a></td></tr><tr class="failedeven"><td><a href="#m6">filtersTest</a></td></tr><tr class="failedeven"><td><a href="#m7">filtersTest</a></td></tr><tr class="failedeven"><td><a href="#m8">filtersTest</a></td></tr><tr class="failedodd"><td rowspan="19">com.axisrooms.rateShopper.test.RefreshTestForRates</td><td><a href="#m9">refreshTest</a></td><td rowspan="19">1707119654680</td><td rowspan="19">76533</td></tr><tr class="failedodd"><td><a href="#m10">refreshTest</a></td></tr><tr class="failedodd"><td><a href="#m11">refreshTest</a></td></tr><tr class="failedodd"><td><a href="#m12">refreshTest</a></td></tr><tr class="failedodd"><td><a href="#m13">refreshTest</a></td></tr><tr class="failedodd"><td><a href="#m14">refreshTest</a></td></tr><tr class="failedodd"><td><a href="#m15">refreshTest</a></td></tr><tr class="failedodd"><td><a href="#m16">refreshTest</a></td></tr><tr class="failedodd"><td><a href="#m17">refreshTest</a></td></tr><tr class="failedodd"><td><a href="#m18">refreshTest</a></td></tr><tr class="failedodd"><td><a href="#m19">refreshTest</a></td></tr><tr class="failedodd"><td><a href="#m20">refreshTest</a></td></tr><tr class="failedodd"><td><a href="#m21">refreshTest</a></td></tr><tr class="failedodd"><td><a href="#m22">refreshTest</a></td></tr><tr class="failedodd"><td><a href="#m23">refreshTest</a></td></tr><tr class="failedodd"><td><a href="#m24">refreshTest</a></td></tr><tr class="failedodd"><td><a href="#m25">refreshTest</a></td></tr><tr class="failedodd"><td><a href="#m26">refreshTest</a></td></tr><tr class="failedodd"><td><a href="#m27">refreshTest</a></td></tr><tr class="failedeven"><td rowspan="1">com.axisrooms.rateShopper.test.RefreshTestForRatesAndMobileRates</td><td><a href="#m28">refreshTestForRatesAndMobileRates</a></td><td rowspan="1">1707119522172</td><td rowspan="1">3901</td></tr><tr><th colspan="4">Test &#8212; passed</th></tr><tr class="passedeven"><td rowspan="7">com.axisrooms.rateShopper.test.FiltersTest</td><td><a href="#m29">filtersTest</a></td><td rowspan="7">1707119008755</td><td rowspan="7">75485</td></tr><tr class="passedeven"><td><a href="#m30">filtersTest</a></td></tr><tr class="passedeven"><td><a href="#m31">filtersTest</a></td></tr><tr class="passedeven"><td><a href="#m32">filtersTest</a></td></tr><tr class="passedeven"><td><a href="#m33">filtersTest</a></td></tr><tr class="passedeven"><td><a href="#m34">filtersTest</a></td></tr><tr class="passedeven"><td><a href="#m35">filtersTest</a></td></tr><tr class="passedodd"><td rowspan="1">com.axisrooms.rateShopper.test.LoginTest</td><td><a href="#m36">loginTest</a></td><td rowspan="1">1707118330553</td><td rowspan="1">62950</td></tr><tr class="passedeven"><td rowspan="5">com.axisrooms.rateShopper.test.RefreshTestForRates</td><td><a href="#m37">refreshTest</a></td><td rowspan="5">1707122557308</td><td rowspan="5">63493</td></tr><tr class="passedeven"><td><a href="#m38">refreshTest</a></td></tr><tr class="passedeven"><td><a href="#m39">refreshTest</a></td></tr><tr class="passedeven"><td><a href="#m40">refreshTest</a></td></tr><tr class="passedeven"><td><a href="#m41">refreshTest</a></td></tr><tr class="passedodd"><td rowspan="2">com.axisrooms.rateShopper.test.ReportTest</td><td><a href="#m42">reportTest</a></td><td rowspan="2">1707119499671</td><td rowspan="2">14030</td></tr><tr class="passedodd"><td><a href="#m43">reportTest</a></td></tr></tbody>
</table>
<h2>Test</h2><h3 id="m0">com.axisrooms.rateShopper.test.FiltersTest#filtersTest</h3><table class="result"><tr class="param"><th>Parameter #1</th></tr><tr class="param stripe"><td>{TimeForWait=5000, TestName=filtersTest, selectProperties=Coconut Lagoon-CGH Earth, Kumarakom, India, UserName=kancharla.p@axisrooms.com, Execute=yes, NoOfNights=1, RefreshFor=Rates , Month=, OTAs=1, NoOfAdults=1, DateQuickLinks=Today, Browser=chrome, Password=Axisrooms321#, Actual Result=}</td></tr><tr><th>Exception</th></tr><tr><td><div class="stacktrace">org.openqa.selenium.TimeoutException: Expected condition failed: waiting for element to be clickable: [[ChromeDriver: chrome on windows (3491e160845962217322c789a1f02bc8)] -&gt; xpath: //body/app-root[1]/ge-home[1]/ge-home-slider[1]/div[1]/div[1]/div[1]/ge-ota[1]/div[1]/div[1]/button[1]] (tried for 30 second(s) with 500 milliseconds interval)
Build info: version: &apos;4.11.0&apos;, revision: &apos;040bc5406b&apos;
System info: os.name: &apos;Windows 11&apos;, os.arch: &apos;amd64&apos;, os.version: &apos;10.0&apos;, java.version: &apos;17.0.9&apos;
Driver info: org.openqa.selenium.chrome.ChromeDriver
Capabilities {acceptInsecureCerts: false, browserName: chrome, browserVersion: 121.0.6167.140, chrome: {chromedriverVersion: 121.0.6167.85 (3f98d690ad7e..., userDataDir: C:\Users\Sameer\AppData\Loc...}, fedcm:accounts: true, goog:chromeOptions: {debuggerAddress: localhost:59372}, networkConnectionEnabled: false, pageLoadStrategy: normal, platformName: windows, proxy: Proxy(), se:cdp: ws://localhost:59372/devtoo..., se:cdpVersion: 121.0.6167.140, setWindowRect: true, strictFileInteractability: false, timeouts: {implicit: 0, pageLoad: 300000, script: 30000}, unhandledPromptBehavior: dismiss and notify, webauthn:extension:credBlob: true, webauthn:extension:largeBlob: true, webauthn:extension:minPinLength: true, webauthn:extension:prf: true, webauthn:virtualAuthenticators: true}
Session ID: 3491e160845962217322c789a1f02bc8
	at org.openqa.selenium.support.ui.WebDriverWait.timeoutException(WebDriverWait.java:84)
	at org.openqa.selenium.support.ui.FluentWait.until(FluentWait.java:230)
	at com.axisrooms.rateShopper.factories.ExplicitWaitFactory.elementToBeClickable(ExplicitWaitFactory.java:128)
	at com.axisrooms.rateShopper.factories.ExplicitWaitFactory.click(ExplicitWaitFactory.java:24)
	at com.axisrooms.rateShopper.pages.FiltersPage.clickOnOtasDropdown(FiltersPage.java:61)
	at com.axisrooms.rateShopper.test.FiltersTest.filtersTest(FiltersTest.java:29)
	at java.base/java.util.ArrayList.forEach(ArrayList.java:1511)
... Removed 27 stack frames</div></td></tr></table><p class="totop"><a href="#summary">back to summary</a></p>
<h3 id="m1">com.axisrooms.rateShopper.test.FiltersTest#filtersTest</h3><table class="result"><tr class="param"><th>Parameter #1</th></tr><tr class="param stripe"><td>{TimeForWait=5000, TestName=filtersTest, selectProperties=Coconut Lagoon-CGH Earth, Kumarakom, India, UserName=kancharla.p@axisrooms.com, Execute=yes, NoOfNights=3, RefreshFor=Rates , Month=, OTAs=3, NoOfAdults=3, DateQuickLinks=Today, Browser=chrome, Password=Axisrooms321#, Actual Result=}</td></tr><tr><th>Exception</th></tr><tr><td><div class="stacktrace">org.openqa.selenium.TimeoutException: Expected condition failed: waiting for element to be clickable: [[ChromeDriver: chrome on windows (b7ca7b043954aa281a9bb3c6e089a54e)] -&gt; xpath: //body/app-root[1]/ge-home[1]/ge-home-slider[1]/div[1]/div[1]/div[1]/ge-ota[1]/div[1]/div[1]/button[1]] (tried for 30 second(s) with 500 milliseconds interval)
Build info: version: &apos;4.11.0&apos;, revision: &apos;040bc5406b&apos;
System info: os.name: &apos;Windows 11&apos;, os.arch: &apos;amd64&apos;, os.version: &apos;10.0&apos;, java.version: &apos;17.0.9&apos;
Driver info: org.openqa.selenium.chrome.ChromeDriver
Capabilities {acceptInsecureCerts: false, browserName: chrome, browserVersion: 121.0.6167.140, chrome: {chromedriverVersion: 121.0.6167.85 (3f98d690ad7e..., userDataDir: C:\Users\Sameer\AppData\Loc...}, fedcm:accounts: true, goog:chromeOptions: {debuggerAddress: localhost:59249}, networkConnectionEnabled: false, pageLoadStrategy: normal, platformName: windows, proxy: Proxy(), se:cdp: ws://localhost:59249/devtoo..., se:cdpVersion: 121.0.6167.140, setWindowRect: true, strictFileInteractability: false, timeouts: {implicit: 0, pageLoad: 300000, script: 30000}, unhandledPromptBehavior: dismiss and notify, webauthn:extension:credBlob: true, webauthn:extension:largeBlob: true, webauthn:extension:minPinLength: true, webauthn:extension:prf: true, webauthn:virtualAuthenticators: true}
Session ID: b7ca7b043954aa281a9bb3c6e089a54e
	at org.openqa.selenium.support.ui.WebDriverWait.timeoutException(WebDriverWait.java:84)
	at org.openqa.selenium.support.ui.FluentWait.until(FluentWait.java:230)
	at com.axisrooms.rateShopper.factories.ExplicitWaitFactory.elementToBeClickable(ExplicitWaitFactory.java:128)
	at com.axisrooms.rateShopper.factories.ExplicitWaitFactory.click(ExplicitWaitFactory.java:24)
	at com.axisrooms.rateShopper.pages.FiltersPage.clickOnOtasDropdown(FiltersPage.java:61)
	at com.axisrooms.rateShopper.test.FiltersTest.filtersTest(FiltersTest.java:29)
	at java.base/java.util.ArrayList.forEach(ArrayList.java:1511)
... Removed 27 stack frames</div></td></tr></table><p class="totop"><a href="#summary">back to summary</a></p>
<h3 id="m2">com.axisrooms.rateShopper.test.FiltersTest#filtersTest</h3><table class="result"><tr class="param"><th>Parameter #1</th></tr><tr class="param stripe"><td>{TimeForWait=5000, TestName=filtersTest, selectProperties=Coconut Lagoon-CGH Earth, Kumarakom, India, UserName=kancharla.p@axisrooms.com, Execute=yes, NoOfNights=1, RefreshFor=Rates , Month=, OTAs=6, NoOfAdults=1, DateQuickLinks=Today, Browser=chrome, Password=Axisrooms321#, Actual Result=}</td></tr><tr><th>Exception</th></tr><tr><td><div class="stacktrace">org.openqa.selenium.TimeoutException: Expected condition failed: waiting for element to be clickable: [[ChromeDriver: chrome on windows (5d6c3902725279685fe9901563ce684d)] -&gt; xpath: //body/app-root[1]/ge-home[1]/ge-home-slider[1]/div[1]/div[1]/div[1]/ge-ota[1]/div[1]/div[1]/button[1]] (tried for 30 second(s) with 500 milliseconds interval)
Build info: version: &apos;4.11.0&apos;, revision: &apos;040bc5406b&apos;
System info: os.name: &apos;Windows 11&apos;, os.arch: &apos;amd64&apos;, os.version: &apos;10.0&apos;, java.version: &apos;17.0.9&apos;
Driver info: org.openqa.selenium.chrome.ChromeDriver
Capabilities {acceptInsecureCerts: false, browserName: chrome, browserVersion: 121.0.6167.140, chrome: {chromedriverVersion: 121.0.6167.85 (3f98d690ad7e..., userDataDir: C:\Users\Sameer\AppData\Loc...}, fedcm:accounts: true, goog:chromeOptions: {debuggerAddress: localhost:58672}, networkConnectionEnabled: false, pageLoadStrategy: normal, platformName: windows, proxy: Proxy(), se:cdp: ws://localhost:58672/devtoo..., se:cdpVersion: 121.0.6167.140, setWindowRect: true, strictFileInteractability: false, timeouts: {implicit: 0, pageLoad: 300000, script: 30000}, unhandledPromptBehavior: dismiss and notify, webauthn:extension:credBlob: true, webauthn:extension:largeBlob: true, webauthn:extension:minPinLength: true, webauthn:extension:prf: true, webauthn:virtualAuthenticators: true}
Session ID: 5d6c3902725279685fe9901563ce684d
	at org.openqa.selenium.support.ui.WebDriverWait.timeoutException(WebDriverWait.java:84)
	at org.openqa.selenium.support.ui.FluentWait.until(FluentWait.java:230)
	at com.axisrooms.rateShopper.factories.ExplicitWaitFactory.elementToBeClickable(ExplicitWaitFactory.java:128)
	at com.axisrooms.rateShopper.factories.ExplicitWaitFactory.click(ExplicitWaitFactory.java:24)
	at com.axisrooms.rateShopper.pages.FiltersPage.clickOnOtasDropdown(FiltersPage.java:61)
	at com.axisrooms.rateShopper.test.FiltersTest.filtersTest(FiltersTest.java:29)
	at java.base/java.util.ArrayList.forEach(ArrayList.java:1511)
... Removed 27 stack frames</div></td></tr></table><p class="totop"><a href="#summary">back to summary</a></p>
<h3 id="m3">com.axisrooms.rateShopper.test.FiltersTest#filtersTest</h3><table class="result"><tr class="param"><th>Parameter #1</th></tr><tr class="param stripe"><td>{TimeForWait=5000, TestName=filtersTest, selectProperties=Coconut Lagoon-CGH Earth, Kumarakom, India, UserName=kancharla.p@axisrooms.com, Execute=yes, NoOfNights=1, RefreshFor=Rates , Month=, OTAs=6, NoOfAdults=1, DateQuickLinks=Today, Browser=chrome, Password=Axisrooms321#, Actual Result=}</td></tr><tr><th>Exception</th></tr><tr><td><div class="stacktrace">org.openqa.selenium.TimeoutException: Expected condition failed: waiting for element to be clickable: [[ChromeDriver: chrome on windows (cbcbacd811fc8bb534436d52aa21bb8e)] -&gt; xpath: //body/app-root[1]/ge-home[1]/ge-home-slider[1]/div[1]/div[1]/div[1]/ge-ota[1]/div[1]/div[1]/button[1]] (tried for 30 second(s) with 500 milliseconds interval)
Build info: version: &apos;4.11.0&apos;, revision: &apos;040bc5406b&apos;
System info: os.name: &apos;Windows 11&apos;, os.arch: &apos;amd64&apos;, os.version: &apos;10.0&apos;, java.version: &apos;17.0.9&apos;
Driver info: org.openqa.selenium.chrome.ChromeDriver
Capabilities {acceptInsecureCerts: false, browserName: chrome, browserVersion: 121.0.6167.140, chrome: {chromedriverVersion: 121.0.6167.85 (3f98d690ad7e..., userDataDir: C:\Users\Sameer\AppData\Loc...}, fedcm:accounts: true, goog:chromeOptions: {debuggerAddress: localhost:59024}, networkConnectionEnabled: false, pageLoadStrategy: normal, platformName: windows, proxy: Proxy(), se:cdp: ws://localhost:59024/devtoo..., se:cdpVersion: 121.0.6167.140, setWindowRect: true, strictFileInteractability: false, timeouts: {implicit: 0, pageLoad: 300000, script: 30000}, unhandledPromptBehavior: dismiss and notify, webauthn:extension:credBlob: true, webauthn:extension:largeBlob: true, webauthn:extension:minPinLength: true, webauthn:extension:prf: true, webauthn:virtualAuthenticators: true}
Session ID: cbcbacd811fc8bb534436d52aa21bb8e
	at org.openqa.selenium.support.ui.WebDriverWait.timeoutException(WebDriverWait.java:84)
	at org.openqa.selenium.support.ui.FluentWait.until(FluentWait.java:230)
	at com.axisrooms.rateShopper.factories.ExplicitWaitFactory.elementToBeClickable(ExplicitWaitFactory.java:128)
	at com.axisrooms.rateShopper.factories.ExplicitWaitFactory.click(ExplicitWaitFactory.java:24)
	at com.axisrooms.rateShopper.pages.FiltersPage.clickOnOtasDropdown(FiltersPage.java:61)
	at com.axisrooms.rateShopper.test.FiltersTest.filtersTest(FiltersTest.java:29)
	at java.base/java.util.ArrayList.forEach(ArrayList.java:1511)
... Removed 27 stack frames</div></td></tr></table><p class="totop"><a href="#summary">back to summary</a></p>
<h3 id="m4">com.axisrooms.rateShopper.test.FiltersTest#filtersTest</h3><table class="result"><tr class="param"><th>Parameter #1</th></tr><tr class="param stripe"><td>{TimeForWait=5000, TestName=filtersTest, selectProperties=19VillaMira, Pondicherry, India, UserName=kancharla.p@axisrooms.com, Execute=yes, NoOfNights=4, RefreshFor=Rates , Month=, OTAs=4, NoOfAdults=4, DateQuickLinks=Today, Browser=chrome, Password=Axisrooms321#, Actual Result=}</td></tr><tr><th>Exception</th></tr><tr><td><div class="stacktrace">org.openqa.selenium.TimeoutException: Expected condition failed: waiting for visibility of Proxy element for: DefaultElementLocator &apos;By.xpath: (//*[name()=&apos;text&apos;][normalize-space()=&apos;Prices&apos;])[1]&apos; (tried for 10 second(s) with 500 milliseconds interval)
	at org.openqa.selenium.support.ui.WebDriverWait.timeoutException(WebDriverWait.java:84)
	at org.openqa.selenium.support.ui.FluentWait.until(FluentWait.java:230)
	at com.axisrooms.rateShopper.pages.RefreshPage.getPriceText(RefreshPage.java:123)
	at com.axisrooms.rateShopper.test.FiltersTest.filtersTest(FiltersTest.java:57)
	at java.base/java.util.ArrayList.forEach(ArrayList.java:1511)
Caused by: org.openqa.selenium.NoSuchElementException: no such element: Unable to locate element: {&quot;method&quot;:&quot;xpath&quot;,&quot;selector&quot;:&quot;(//*[name()=&apos;text&apos;][normalize-space()=&apos;Prices&apos;])[1]&quot;}
  (Session info: chrome=121.0.6167.140)
For documentation on this error, please visit: https://www.selenium.dev/documentation/webdriver/troubleshooting/errors#no-such-element-exception
Build info: version: &apos;4.11.0&apos;, revision: &apos;040bc5406b&apos;
System info: os.name: &apos;Windows 11&apos;, os.arch: &apos;amd64&apos;, os.version: &apos;10.0&apos;, java.version: &apos;17.0.9&apos;
Driver info: org.openqa.selenium.chrome.ChromeDriver
Command: [21a8cb4fc150408e35633971f8a723a5, findElement {using=xpath, value=(//*[name()=&apos;text&apos;][normalize-space()=&apos;Prices&apos;])[1]}]
Capabilities {acceptInsecureCerts: false, browserName: chrome, browserVersion: 121.0.6167.140, chrome: {chromedriverVersion: 121.0.6167.85 (3f98d690ad7e..., userDataDir: C:\Users\Sameer\AppData\Loc...}, fedcm:accounts: true, goog:chromeOptions: {debuggerAddress: localhost:58960}, networkConnectionEnabled: false, pageLoadStrategy: normal, platformName: windows, proxy: Proxy(), se:cdp: ws://localhost:58960/devtoo..., se:cdpVersion: 121.0.6167.140, setWindowRect: true, strictFileInteractability: false, timeouts: {implicit: 0, pageLoad: 300000, script: 30000}, unhandledPromptBehavior: dismiss and notify, webauthn:extension:credBlob: true, webauthn:extension:largeBlob: true, webauthn:extension:minPinLength: true, webauthn:extension:prf: true, webauthn:virtualAuthenticators: true}
Session ID: 21a8cb4fc150408e35633971f8a723a5
	at org.openqa.selenium.remote.codec.w3c.W3CHttpResponseCodec.createException(W3CHttpResponseCodec.java:200)
	at org.openqa.selenium.remote.codec.w3c.W3CHttpResponseCodec.decode(W3CHttpResponseCodec.java:133)
	at org.openqa.selenium.remote.codec.w3c.W3CHttpResponseCodec.decode(W3CHttpResponseCodec.java:52)
	at org.openqa.selenium.remote.HttpCommandExecutor.execute(HttpCommandExecutor.java:191)
	at org.openqa.selenium.remote.service.DriverCommandExecutor.invokeExecute(DriverCommandExecutor.java:196)
	at org.openqa.selenium.remote.service.DriverCommandExecutor.execute(DriverCommandExecutor.java:171)
	at org.openqa.selenium.remote.RemoteWebDriver.execute(RemoteWebDriver.java:518)
	at org.openqa.selenium.remote.ElementLocation$ElementFinder$2.findElement(ElementLocation.java:165)
	at org.openqa.selenium.remote.ElementLocation.findElement(ElementLocation.java:59)
	at org.openqa.selenium.remote.RemoteWebDriver.findElement(RemoteWebDriver.java:355)
	at org.openqa.selenium.remote.RemoteWebDriver.findElement(RemoteWebDriver.java:349)
	at org.openqa.selenium.support.pagefactory.DefaultElementLocator.findElement(DefaultElementLocator.java:68)
	at org.openqa.selenium.support.pagefactory.internal.LocatingElementHandler.invoke(LocatingElementHandler.java:38)
	at jdk.proxy2/jdk.proxy2.$Proxy18.isDisplayed(Unknown Source)
	at org.openqa.selenium.support.ui.ExpectedConditions.elementIfVisible(ExpectedConditions.java:304)
	at org.openqa.selenium.support.ui.ExpectedConditions.access$000(ExpectedConditions.java:37)
	at org.openqa.selenium.support.ui.ExpectedConditions$10.apply(ExpectedConditions.java:290)
	at org.openqa.selenium.support.ui.ExpectedConditions$10.apply(ExpectedConditions.java:287)
	at org.openqa.selenium.support.ui.FluentWait.until(FluentWait.java:205)
	... 30 more
... Removed 32 stack frames</div></td></tr></table><p class="totop"><a href="#summary">back to summary</a></p>
<h3 id="m5">com.axisrooms.rateShopper.test.FiltersTest#filtersTest</h3><table class="result"><tr class="param"><th>Parameter #1</th></tr><tr class="param stripe"><td>{TimeForWait=5000, TestName=filtersTest, selectProperties=Coconut Lagoon-CGH Earth, Kumarakom, India, UserName=kancharla.p@axisrooms.com, Execute=yes, NoOfNights=3, RefreshFor=Rates , Month=, OTAs=3, NoOfAdults=3, DateQuickLinks=Today, Browser=chrome, Password=Axisrooms321#, Actual Result=}</td></tr><tr><th>Exception</th></tr><tr><td><div class="stacktrace">org.openqa.selenium.TimeoutException: Expected condition failed: waiting for element to be clickable: [[ChromeDriver: chrome on windows (963bae2c9cf2db288463a2344ea97413)] -&gt; xpath: //body/app-root[1]/ge-home[1]/ge-home-slider[1]/div[1]/div[1]/div[1]/ge-ota[1]/div[1]/div[1]/button[1]] (tried for 30 second(s) with 500 milliseconds interval)
Build info: version: &apos;4.11.0&apos;, revision: &apos;040bc5406b&apos;
System info: os.name: &apos;Windows 11&apos;, os.arch: &apos;amd64&apos;, os.version: &apos;10.0&apos;, java.version: &apos;17.0.9&apos;
Driver info: org.openqa.selenium.chrome.ChromeDriver
Capabilities {acceptInsecureCerts: false, browserName: chrome, browserVersion: 121.0.6167.140, chrome: {chromedriverVersion: 121.0.6167.85 (3f98d690ad7e..., userDataDir: C:\Users\Sameer\AppData\Loc...}, fedcm:accounts: true, goog:chromeOptions: {debuggerAddress: localhost:59482}, networkConnectionEnabled: false, pageLoadStrategy: normal, platformName: windows, proxy: Proxy(), se:cdp: ws://localhost:59482/devtoo..., se:cdpVersion: 121.0.6167.140, setWindowRect: true, strictFileInteractability: false, timeouts: {implicit: 0, pageLoad: 300000, script: 30000}, unhandledPromptBehavior: dismiss and notify, webauthn:extension:credBlob: true, webauthn:extension:largeBlob: true, webauthn:extension:minPinLength: true, webauthn:extension:prf: true, webauthn:virtualAuthenticators: true}
Session ID: 963bae2c9cf2db288463a2344ea97413
	at org.openqa.selenium.support.ui.WebDriverWait.timeoutException(WebDriverWait.java:84)
	at org.openqa.selenium.support.ui.FluentWait.until(FluentWait.java:230)
	at com.axisrooms.rateShopper.factories.ExplicitWaitFactory.elementToBeClickable(ExplicitWaitFactory.java:128)
	at com.axisrooms.rateShopper.factories.ExplicitWaitFactory.click(ExplicitWaitFactory.java:24)
	at com.axisrooms.rateShopper.pages.FiltersPage.clickOnOtasDropdown(FiltersPage.java:61)
	at com.axisrooms.rateShopper.test.FiltersTest.filtersTest(FiltersTest.java:29)
	at java.base/java.util.ArrayList.forEach(ArrayList.java:1511)
... Removed 27 stack frames</div></td></tr></table><p class="totop"><a href="#summary">back to summary</a></p>
<h3 id="m6">com.axisrooms.rateShopper.test.FiltersTest#filtersTest</h3><table class="result"><tr class="param"><th>Parameter #1</th></tr><tr class="param stripe"><td>{TimeForWait=5000, TestName=filtersTest, selectProperties=Coconut Lagoon-CGH Earth, Kumarakom, India, UserName=kancharla.p@axisrooms.com, Execute=yes, NoOfNights=1, RefreshFor=Rates , Month=, OTAs=1, NoOfAdults=1, DateQuickLinks=Today, Browser=chrome, Password=Axisrooms321#, Actual Result=}</td></tr><tr><th>Exception</th></tr><tr><td><div class="stacktrace">org.openqa.selenium.TimeoutException: Expected condition failed: waiting for element to be clickable: [[ChromeDriver: chrome on windows (6e95871bbf5b44fb75e0cd5dac7755e7)] -&gt; xpath: //body/app-root[1]/ge-home[1]/ge-home-slider[1]/div[1]/div[1]/div[1]/ge-ota[1]/div[1]/div[1]/button[1]] (tried for 30 second(s) with 500 milliseconds interval)
Build info: version: &apos;4.11.0&apos;, revision: &apos;040bc5406b&apos;
System info: os.name: &apos;Windows 11&apos;, os.arch: &apos;amd64&apos;, os.version: &apos;10.0&apos;, java.version: &apos;17.0.9&apos;
Driver info: org.openqa.selenium.chrome.ChromeDriver
Capabilities {acceptInsecureCerts: false, browserName: chrome, browserVersion: 121.0.6167.140, chrome: {chromedriverVersion: 121.0.6167.85 (3f98d690ad7e..., userDataDir: C:\Users\Sameer\AppData\Loc...}, fedcm:accounts: true, goog:chromeOptions: {debuggerAddress: localhost:58787}, networkConnectionEnabled: false, pageLoadStrategy: normal, platformName: windows, proxy: Proxy(), se:cdp: ws://localhost:58787/devtoo..., se:cdpVersion: 121.0.6167.140, setWindowRect: true, strictFileInteractability: false, timeouts: {implicit: 0, pageLoad: 300000, script: 30000}, unhandledPromptBehavior: dismiss and notify, webauthn:extension:credBlob: true, webauthn:extension:largeBlob: true, webauthn:extension:minPinLength: true, webauthn:extension:prf: true, webauthn:virtualAuthenticators: true}
Session ID: 6e95871bbf5b44fb75e0cd5dac7755e7
	at org.openqa.selenium.support.ui.WebDriverWait.timeoutException(WebDriverWait.java:84)
	at org.openqa.selenium.support.ui.FluentWait.until(FluentWait.java:230)
	at com.axisrooms.rateShopper.factories.ExplicitWaitFactory.elementToBeClickable(ExplicitWaitFactory.java:128)
	at com.axisrooms.rateShopper.factories.ExplicitWaitFactory.click(ExplicitWaitFactory.java:24)
	at com.axisrooms.rateShopper.pages.FiltersPage.clickOnOtasDropdown(FiltersPage.java:61)
	at com.axisrooms.rateShopper.test.FiltersTest.filtersTest(FiltersTest.java:29)
	at java.base/java.util.ArrayList.forEach(ArrayList.java:1511)
... Removed 27 stack frames</div></td></tr></table><p class="totop"><a href="#summary">back to summary</a></p>
<h3 id="m7">com.axisrooms.rateShopper.test.FiltersTest#filtersTest</h3><table class="result"><tr class="param"><th>Parameter #1</th></tr><tr class="param stripe"><td>{TimeForWait=5000, TestName=filtersTest, selectProperties=Coconut Lagoon-CGH Earth, Kumarakom, India, UserName=kancharla.p@axisrooms.com, Execute=yes, NoOfNights=3, RefreshFor=Rates , Month=, OTAs=3, NoOfAdults=3, DateQuickLinks=Today, Browser=chrome, Password=Axisrooms321#, Actual Result=}</td></tr><tr><th>Exception</th></tr><tr><td><div class="stacktrace">org.openqa.selenium.TimeoutException: Expected condition failed: waiting for element to be clickable: [[ChromeDriver: chrome on windows (19c7c5cef08a8d07d8ef11fde2551dba)] -&gt; xpath: //body/app-root[1]/ge-home[1]/ge-home-slider[1]/div[1]/div[1]/div[1]/ge-ota[1]/div[1]/div[1]/button[1]] (tried for 30 second(s) with 500 milliseconds interval)
Build info: version: &apos;4.11.0&apos;, revision: &apos;040bc5406b&apos;
System info: os.name: &apos;Windows 11&apos;, os.arch: &apos;amd64&apos;, os.version: &apos;10.0&apos;, java.version: &apos;17.0.9&apos;
Driver info: org.openqa.selenium.chrome.ChromeDriver
Capabilities {acceptInsecureCerts: false, browserName: chrome, browserVersion: 121.0.6167.140, chrome: {chromedriverVersion: 121.0.6167.85 (3f98d690ad7e..., userDataDir: C:\Users\Sameer\AppData\Loc...}, fedcm:accounts: true, goog:chromeOptions: {debuggerAddress: localhost:58904}, networkConnectionEnabled: false, pageLoadStrategy: normal, platformName: windows, proxy: Proxy(), se:cdp: ws://localhost:58904/devtoo..., se:cdpVersion: 121.0.6167.140, setWindowRect: true, strictFileInteractability: false, timeouts: {implicit: 0, pageLoad: 300000, script: 30000}, unhandledPromptBehavior: dismiss and notify, webauthn:extension:credBlob: true, webauthn:extension:largeBlob: true, webauthn:extension:minPinLength: true, webauthn:extension:prf: true, webauthn:virtualAuthenticators: true}
Session ID: 19c7c5cef08a8d07d8ef11fde2551dba
	at org.openqa.selenium.support.ui.WebDriverWait.timeoutException(WebDriverWait.java:84)
	at org.openqa.selenium.support.ui.FluentWait.until(FluentWait.java:230)
	at com.axisrooms.rateShopper.factories.ExplicitWaitFactory.elementToBeClickable(ExplicitWaitFactory.java:128)
	at com.axisrooms.rateShopper.factories.ExplicitWaitFactory.click(ExplicitWaitFactory.java:24)
	at com.axisrooms.rateShopper.pages.FiltersPage.clickOnOtasDropdown(FiltersPage.java:61)
	at com.axisrooms.rateShopper.test.FiltersTest.filtersTest(FiltersTest.java:29)
	at java.base/java.util.ArrayList.forEach(ArrayList.java:1511)
... Removed 27 stack frames</div></td></tr></table><p class="totop"><a href="#summary">back to summary</a></p>
<h3 id="m8">com.axisrooms.rateShopper.test.FiltersTest#filtersTest</h3><table class="result"><tr class="param"><th>Parameter #1</th></tr><tr class="param stripe"><td>{TimeForWait=5000, TestName=filtersTest, selectProperties=Coconut Lagoon-CGH Earth, Kumarakom, India, UserName=kancharla.p@axisrooms.com, Execute=yes, NoOfNights=1, RefreshFor=Rates , Month=, OTAs=1, NoOfAdults=1, DateQuickLinks=Today, Browser=chrome, Password=Axisrooms321#, Actual Result=}</td></tr><tr><th>Exception</th></tr><tr><td><div class="stacktrace">org.openqa.selenium.TimeoutException: Expected condition failed: waiting for element to be clickable: [[ChromeDriver: chrome on windows (bc8a655da229b03ff637c2724240264f)] -&gt; xpath: //body/app-root[1]/ge-home[1]/ge-home-slider[1]/div[1]/div[1]/div[1]/ge-ota[1]/div[1]/div[1]/button[1]] (tried for 30 second(s) with 500 milliseconds interval)
Build info: version: &apos;4.11.0&apos;, revision: &apos;040bc5406b&apos;
System info: os.name: &apos;Windows 11&apos;, os.arch: &apos;amd64&apos;, os.version: &apos;10.0&apos;, java.version: &apos;17.0.9&apos;
Driver info: org.openqa.selenium.chrome.ChromeDriver
Capabilities {acceptInsecureCerts: false, browserName: chrome, browserVersion: 121.0.6167.140, chrome: {chromedriverVersion: 121.0.6167.85 (3f98d690ad7e..., userDataDir: C:\Users\Sameer\AppData\Loc...}, fedcm:accounts: true, goog:chromeOptions: {debuggerAddress: localhost:59137}, networkConnectionEnabled: false, pageLoadStrategy: normal, platformName: windows, proxy: Proxy(), se:cdp: ws://localhost:59137/devtoo..., se:cdpVersion: 121.0.6167.140, setWindowRect: true, strictFileInteractability: false, timeouts: {implicit: 0, pageLoad: 300000, script: 30000}, unhandledPromptBehavior: dismiss and notify, webauthn:extension:credBlob: true, webauthn:extension:largeBlob: true, webauthn:extension:minPinLength: true, webauthn:extension:prf: true, webauthn:virtualAuthenticators: true}
Session ID: bc8a655da229b03ff637c2724240264f
	at org.openqa.selenium.support.ui.WebDriverWait.timeoutException(WebDriverWait.java:84)
	at org.openqa.selenium.support.ui.FluentWait.until(FluentWait.java:230)
	at com.axisrooms.rateShopper.factories.ExplicitWaitFactory.elementToBeClickable(ExplicitWaitFactory.java:128)
	at com.axisrooms.rateShopper.factories.ExplicitWaitFactory.click(ExplicitWaitFactory.java:24)
	at com.axisrooms.rateShopper.pages.FiltersPage.clickOnOtasDropdown(FiltersPage.java:61)
	at com.axisrooms.rateShopper.test.FiltersTest.filtersTest(FiltersTest.java:29)
	at java.base/java.util.ArrayList.forEach(ArrayList.java:1511)
... Removed 27 stack frames</div></td></tr></table><p class="totop"><a href="#summary">back to summary</a></p>
<h3 id="m9">com.axisrooms.rateShopper.test.RefreshTestForRates#refreshTest</h3><table class="result"><tr class="param"><th>Parameter #1</th></tr><tr class="param stripe"><td>{TimeForWait=5000, TestName=refreshTest, selectProperties=19VillaMira, Pondicherry, India, UserName=kancharla.p@axisrooms.com, Execute=yes, NoOfNights=4, RefreshFor=Rates , Month=, OTAs=, NoOfAdults=1, DateQuickLinks=Today, Browser=chrome, Password=Axisrooms321#, Actual Result=180000}</td></tr><tr><th>Exception</th></tr><tr><td><div class="stacktrace">org.openqa.selenium.StaleElementReferenceException: stale element reference: stale element not found
  (Session info: chrome=121.0.6167.140)
For documentation on this error, please visit: https://www.selenium.dev/documentation/webdriver/troubleshooting/errors#stale-element-reference-exception
Build info: version: &apos;4.11.0&apos;, revision: &apos;040bc5406b&apos;
System info: os.name: &apos;Windows 11&apos;, os.arch: &apos;amd64&apos;, os.version: &apos;10.0&apos;, java.version: &apos;17.0.9&apos;
Driver info: org.openqa.selenium.chrome.ChromeDriver
Command: [77fb61f4d76b3a8979a0cb8b3a8fd09c, actions {actions=[org.openqa.selenium.interactions.Sequence@4f0908de]}]
Capabilities {acceptInsecureCerts: false, browserName: chrome, browserVersion: 121.0.6167.140, chrome: {chromedriverVersion: 121.0.6167.85 (3f98d690ad7e..., userDataDir: C:\Users\Sameer\AppData\Loc...}, fedcm:accounts: true, goog:chromeOptions: {debuggerAddress: localhost:59918}, networkConnectionEnabled: false, pageLoadStrategy: normal, platformName: windows, proxy: Proxy(), se:cdp: ws://localhost:59918/devtoo..., se:cdpVersion: 121.0.6167.140, setWindowRect: true, strictFileInteractability: false, timeouts: {implicit: 0, pageLoad: 300000, script: 30000}, unhandledPromptBehavior: dismiss and notify, webauthn:extension:credBlob: true, webauthn:extension:largeBlob: true, webauthn:extension:minPinLength: true, webauthn:extension:prf: true, webauthn:virtualAuthenticators: true}
Session ID: 77fb61f4d76b3a8979a0cb8b3a8fd09c
	at org.openqa.selenium.remote.codec.w3c.W3CHttpResponseCodec.createException(W3CHttpResponseCodec.java:200)
	at org.openqa.selenium.remote.codec.w3c.W3CHttpResponseCodec.decode(W3CHttpResponseCodec.java:133)
	at org.openqa.selenium.remote.codec.w3c.W3CHttpResponseCodec.decode(W3CHttpResponseCodec.java:52)
	at org.openqa.selenium.remote.HttpCommandExecutor.execute(HttpCommandExecutor.java:191)
	at org.openqa.selenium.remote.service.DriverCommandExecutor.invokeExecute(DriverCommandExecutor.java:196)
	at org.openqa.selenium.remote.service.DriverCommandExecutor.execute(DriverCommandExecutor.java:171)
	at org.openqa.selenium.remote.RemoteWebDriver.execute(RemoteWebDriver.java:518)
	at org.openqa.selenium.remote.RemoteWebDriver.perform(RemoteWebDriver.java:604)
	at org.openqa.selenium.interactions.Actions$BuiltAction.perform(Actions.java:605)
	at com.axisrooms.rateShopper.utils.ActionsClassUtils.mouseHoverActions(ActionsClassUtils.java:15)
	at com.axisrooms.rateShopper.pages.HomePage.MouseHoverOnGraphCircle(HomePage.java:207)
	at com.axisrooms.rateShopper.test.RefreshTestForRates.refreshTest(RefreshTestForRates.java:44)
	at java.base/java.util.ArrayList.forEach(ArrayList.java:1511)
... Removed 32 stack frames</div></td></tr></table><p class="totop"><a href="#summary">back to summary</a></p>
<h3 id="m10">com.axisrooms.rateShopper.test.RefreshTestForRates#refreshTest</h3><table class="result"><tr class="param"><th>Parameter #1</th></tr><tr class="param stripe"><td>{TimeForWait=5000, TestName=refreshTest, selectProperties=Coconut Lagoon-CGH Earth, Kumarakom, India, UserName=kancharla.p@axisrooms.com, Execute=yes, NoOfNights=2, RefreshFor=Rates , Month=, OTAs=, NoOfAdults=2, DateQuickLinks=Today, Browser=chrome, Password=Axisrooms321#, Actual Result=180000}</td></tr><tr><th>Exception</th></tr><tr><td><div class="stacktrace">org.openqa.selenium.NoSuchElementException: no such element: No node with given id found
  (Session info: chrome=121.0.6167.140)
For documentation on this error, please visit: https://www.selenium.dev/documentation/webdriver/troubleshooting/errors#no-such-element-exception
Build info: version: &apos;4.11.0&apos;, revision: &apos;040bc5406b&apos;
System info: os.name: &apos;Windows 11&apos;, os.arch: &apos;amd64&apos;, os.version: &apos;10.0&apos;, java.version: &apos;17.0.9&apos;
Driver info: org.openqa.selenium.chrome.ChromeDriver
Command: [5eb55e6095c5a32b52c6b46a82f137c8, actions {actions=[org.openqa.selenium.interactions.Sequence@47d70462]}]
Capabilities {acceptInsecureCerts: false, browserName: chrome, browserVersion: 121.0.6167.140, chrome: {chromedriverVersion: 121.0.6167.85 (3f98d690ad7e..., userDataDir: C:\Users\Sameer\AppData\Loc...}, fedcm:accounts: true, goog:chromeOptions: {debuggerAddress: localhost:60597}, networkConnectionEnabled: false, pageLoadStrategy: normal, platformName: windows, proxy: Proxy(), se:cdp: ws://localhost:60597/devtoo..., se:cdpVersion: 121.0.6167.140, setWindowRect: true, strictFileInteractability: false, timeouts: {implicit: 0, pageLoad: 300000, script: 30000}, unhandledPromptBehavior: dismiss and notify, webauthn:extension:credBlob: true, webauthn:extension:largeBlob: true, webauthn:extension:minPinLength: true, webauthn:extension:prf: true, webauthn:virtualAuthenticators: true}
Session ID: 5eb55e6095c5a32b52c6b46a82f137c8
	at org.openqa.selenium.remote.codec.w3c.W3CHttpResponseCodec.createException(W3CHttpResponseCodec.java:200)
	at org.openqa.selenium.remote.codec.w3c.W3CHttpResponseCodec.decode(W3CHttpResponseCodec.java:133)
	at org.openqa.selenium.remote.codec.w3c.W3CHttpResponseCodec.decode(W3CHttpResponseCodec.java:52)
	at org.openqa.selenium.remote.HttpCommandExecutor.execute(HttpCommandExecutor.java:191)
	at org.openqa.selenium.remote.service.DriverCommandExecutor.invokeExecute(DriverCommandExecutor.java:196)
	at org.openqa.selenium.remote.service.DriverCommandExecutor.execute(DriverCommandExecutor.java:171)
	at org.openqa.selenium.remote.RemoteWebDriver.execute(RemoteWebDriver.java:518)
	at org.openqa.selenium.remote.RemoteWebDriver.perform(RemoteWebDriver.java:604)
	at org.openqa.selenium.interactions.Actions$BuiltAction.perform(Actions.java:605)
	at com.axisrooms.rateShopper.utils.ActionsClassUtils.mouseHoverActions(ActionsClassUtils.java:15)
	at com.axisrooms.rateShopper.pages.HomePage.MouseHoverOnGraphCircle(HomePage.java:207)
	at com.axisrooms.rateShopper.test.RefreshTestForRates.refreshTest(RefreshTestForRates.java:44)
	at java.base/java.util.ArrayList.forEach(ArrayList.java:1511)
... Removed 31 stack frames</div></td></tr></table><p class="totop"><a href="#summary">back to summary</a></p>
<h3 id="m11">com.axisrooms.rateShopper.test.RefreshTestForRates#refreshTest</h3><table class="result"><tr class="param"><th>Parameter #1</th></tr><tr class="param stripe"><td>{TimeForWait=5000, TestName=refreshTest, selectProperties=Coconut Lagoon-CGH Earth, Kumarakom, India, UserName=kancharla.p@axisrooms.com, Execute=yes, NoOfNights=4, RefreshFor=Rates , Month=, OTAs=, NoOfAdults=2, DateQuickLinks=Today, Browser=chrome, Password=Axisrooms321#, Actual Result=180000}</td></tr><tr><th>Exception</th></tr><tr><td><div class="stacktrace">org.openqa.selenium.StaleElementReferenceException: stale element reference: stale element not found
  (Session info: chrome=121.0.6167.140)
For documentation on this error, please visit: https://www.selenium.dev/documentation/webdriver/troubleshooting/errors#stale-element-reference-exception
Build info: version: &apos;4.11.0&apos;, revision: &apos;040bc5406b&apos;
System info: os.name: &apos;Windows 11&apos;, os.arch: &apos;amd64&apos;, os.version: &apos;10.0&apos;, java.version: &apos;17.0.9&apos;
Driver info: org.openqa.selenium.chrome.ChromeDriver
Command: [7279c0d7d1b8bfc83ac06b073abc4a4b, actions {actions=[org.openqa.selenium.interactions.Sequence@1c79e82c]}]
Capabilities {acceptInsecureCerts: false, browserName: chrome, browserVersion: 121.0.6167.140, chrome: {chromedriverVersion: 121.0.6167.85 (3f98d690ad7e..., userDataDir: C:\Users\Sameer\AppData\Loc...}, fedcm:accounts: true, goog:chromeOptions: {debuggerAddress: localhost:60709}, networkConnectionEnabled: false, pageLoadStrategy: normal, platformName: windows, proxy: Proxy(), se:cdp: ws://localhost:60709/devtoo..., se:cdpVersion: 121.0.6167.140, setWindowRect: true, strictFileInteractability: false, timeouts: {implicit: 0, pageLoad: 300000, script: 30000}, unhandledPromptBehavior: dismiss and notify, webauthn:extension:credBlob: true, webauthn:extension:largeBlob: true, webauthn:extension:minPinLength: true, webauthn:extension:prf: true, webauthn:virtualAuthenticators: true}
Session ID: 7279c0d7d1b8bfc83ac06b073abc4a4b
	at org.openqa.selenium.remote.codec.w3c.W3CHttpResponseCodec.createException(W3CHttpResponseCodec.java:200)
	at org.openqa.selenium.remote.codec.w3c.W3CHttpResponseCodec.decode(W3CHttpResponseCodec.java:133)
	at org.openqa.selenium.remote.codec.w3c.W3CHttpResponseCodec.decode(W3CHttpResponseCodec.java:52)
	at org.openqa.selenium.remote.HttpCommandExecutor.execute(HttpCommandExecutor.java:191)
	at org.openqa.selenium.remote.service.DriverCommandExecutor.invokeExecute(DriverCommandExecutor.java:196)
	at org.openqa.selenium.remote.service.DriverCommandExecutor.execute(DriverCommandExecutor.java:171)
	at org.openqa.selenium.remote.RemoteWebDriver.execute(RemoteWebDriver.java:518)
	at org.openqa.selenium.remote.RemoteWebDriver.perform(RemoteWebDriver.java:604)
	at org.openqa.selenium.interactions.Actions$BuiltAction.perform(Actions.java:605)
	at com.axisrooms.rateShopper.utils.ActionsClassUtils.mouseHoverActions(ActionsClassUtils.java:15)
	at com.axisrooms.rateShopper.pages.HomePage.MouseHoverOnGraphCircle(HomePage.java:207)
	at com.axisrooms.rateShopper.test.RefreshTestForRates.refreshTest(RefreshTestForRates.java:44)
	at java.base/java.util.ArrayList.forEach(ArrayList.java:1511)
... Removed 31 stack frames</div></td></tr></table><p class="totop"><a href="#summary">back to summary</a></p>
<h3 id="m12">com.axisrooms.rateShopper.test.RefreshTestForRates#refreshTest</h3><table class="result"><tr class="param"><th>Parameter #1</th></tr><tr class="param stripe"><td>{TimeForWait=5000, TestName=refreshTest, selectProperties=Casino hotel, Cochin, India, UserName=kancharla.p@axisrooms.com, Execute=yes, NoOfNights=1, RefreshFor=Rates , Month=, OTAs=, NoOfAdults=1, DateQuickLinks=Today, Browser=chrome, Password=Axisrooms321#, Actual Result=180000}</td></tr><tr><th>Exception</th></tr><tr><td><div class="stacktrace">org.openqa.selenium.StaleElementReferenceException: stale element reference: stale element not found
  (Session info: chrome=121.0.6167.140)
For documentation on this error, please visit: https://www.selenium.dev/documentation/webdriver/troubleshooting/errors#stale-element-reference-exception
Build info: version: &apos;4.11.0&apos;, revision: &apos;040bc5406b&apos;
System info: os.name: &apos;Windows 11&apos;, os.arch: &apos;amd64&apos;, os.version: &apos;10.0&apos;, java.version: &apos;17.0.9&apos;
Driver info: org.openqa.selenium.chrome.ChromeDriver
Command: [3d87daccb6ba77c7ddef7d003615b349, actions {actions=[org.openqa.selenium.interactions.Sequence@5352625]}]
Capabilities {acceptInsecureCerts: false, browserName: chrome, browserVersion: 121.0.6167.140, chrome: {chromedriverVersion: 121.0.6167.85 (3f98d690ad7e..., userDataDir: C:\Users\Sameer\AppData\Loc...}, fedcm:accounts: true, goog:chromeOptions: {debuggerAddress: localhost:59755}, networkConnectionEnabled: false, pageLoadStrategy: normal, platformName: windows, proxy: Proxy(), se:cdp: ws://localhost:59755/devtoo..., se:cdpVersion: 121.0.6167.140, setWindowRect: true, strictFileInteractability: false, timeouts: {implicit: 0, pageLoad: 300000, script: 30000}, unhandledPromptBehavior: dismiss and notify, webauthn:extension:credBlob: true, webauthn:extension:largeBlob: true, webauthn:extension:minPinLength: true, webauthn:extension:prf: true, webauthn:virtualAuthenticators: true}
Session ID: 3d87daccb6ba77c7ddef7d003615b349
	at org.openqa.selenium.remote.codec.w3c.W3CHttpResponseCodec.createException(W3CHttpResponseCodec.java:200)
	at org.openqa.selenium.remote.codec.w3c.W3CHttpResponseCodec.decode(W3CHttpResponseCodec.java:133)
	at org.openqa.selenium.remote.codec.w3c.W3CHttpResponseCodec.decode(W3CHttpResponseCodec.java:52)
	at org.openqa.selenium.remote.HttpCommandExecutor.execute(HttpCommandExecutor.java:191)
	at org.openqa.selenium.remote.service.DriverCommandExecutor.invokeExecute(DriverCommandExecutor.java:196)
	at org.openqa.selenium.remote.service.DriverCommandExecutor.execute(DriverCommandExecutor.java:171)
	at org.openqa.selenium.remote.RemoteWebDriver.execute(RemoteWebDriver.java:518)
	at org.openqa.selenium.remote.RemoteWebDriver.perform(RemoteWebDriver.java:604)
	at org.openqa.selenium.interactions.Actions$BuiltAction.perform(Actions.java:605)
	at com.axisrooms.rateShopper.utils.ActionsClassUtils.mouseHoverActions(ActionsClassUtils.java:15)
	at com.axisrooms.rateShopper.pages.HomePage.MouseHoverOnGraphCircle(HomePage.java:207)
	at com.axisrooms.rateShopper.test.RefreshTestForRates.refreshTest(RefreshTestForRates.java:44)
	at java.base/java.util.ArrayList.forEach(ArrayList.java:1511)
... Removed 32 stack frames</div></td></tr></table><p class="totop"><a href="#summary">back to summary</a></p>
<h3 id="m13">com.axisrooms.rateShopper.test.RefreshTestForRates#refreshTest</h3><table class="result"><tr class="param"><th>Parameter #1</th></tr><tr class="param stripe"><td>{TimeForWait=5000, TestName=refreshTest, selectProperties=Coconut Lagoon-CGH Earth, Kumarakom, India, UserName=kancharla.p@axisrooms.com, Execute=yes, NoOfNights=5, RefreshFor=Rates , Month=, OTAs=, NoOfAdults=1, DateQuickLinks=Today, Browser=chrome, Password=Axisrooms321#, Actual Result=333000}</td></tr><tr><th>Exception</th></tr><tr><td><div class="stacktrace">org.openqa.selenium.StaleElementReferenceException: stale element reference: stale element not found
  (Session info: chrome=121.0.6167.140)
For documentation on this error, please visit: https://www.selenium.dev/documentation/webdriver/troubleshooting/errors#stale-element-reference-exception
Build info: version: &apos;4.11.0&apos;, revision: &apos;040bc5406b&apos;
System info: os.name: &apos;Windows 11&apos;, os.arch: &apos;amd64&apos;, os.version: &apos;10.0&apos;, java.version: &apos;17.0.9&apos;
Driver info: org.openqa.selenium.chrome.ChromeDriver
Command: [d00175aa09f6dbb96f0ece47ccf1b16d, actions {actions=[org.openqa.selenium.interactions.Sequence@5e5283a4]}]
Capabilities {acceptInsecureCerts: false, browserName: chrome, browserVersion: 121.0.6167.140, chrome: {chromedriverVersion: 121.0.6167.85 (3f98d690ad7e..., userDataDir: C:\Users\Sameer\AppData\Loc...}, fedcm:accounts: true, goog:chromeOptions: {debuggerAddress: localhost:59973}, networkConnectionEnabled: false, pageLoadStrategy: normal, platformName: windows, proxy: Proxy(), se:cdp: ws://localhost:59973/devtoo..., se:cdpVersion: 121.0.6167.140, setWindowRect: true, strictFileInteractability: false, timeouts: {implicit: 0, pageLoad: 300000, script: 30000}, unhandledPromptBehavior: dismiss and notify, webauthn:extension:credBlob: true, webauthn:extension:largeBlob: true, webauthn:extension:minPinLength: true, webauthn:extension:prf: true, webauthn:virtualAuthenticators: true}
Session ID: d00175aa09f6dbb96f0ece47ccf1b16d
	at org.openqa.selenium.remote.codec.w3c.W3CHttpResponseCodec.createException(W3CHttpResponseCodec.java:200)
	at org.openqa.selenium.remote.codec.w3c.W3CHttpResponseCodec.decode(W3CHttpResponseCodec.java:133)
	at org.openqa.selenium.remote.codec.w3c.W3CHttpResponseCodec.decode(W3CHttpResponseCodec.java:52)
	at org.openqa.selenium.remote.HttpCommandExecutor.execute(HttpCommandExecutor.java:191)
	at org.openqa.selenium.remote.service.DriverCommandExecutor.invokeExecute(DriverCommandExecutor.java:196)
	at org.openqa.selenium.remote.service.DriverCommandExecutor.execute(DriverCommandExecutor.java:171)
	at org.openqa.selenium.remote.RemoteWebDriver.execute(RemoteWebDriver.java:518)
	at org.openqa.selenium.remote.RemoteWebDriver.perform(RemoteWebDriver.java:604)
	at org.openqa.selenium.interactions.Actions$BuiltAction.perform(Actions.java:605)
	at com.axisrooms.rateShopper.utils.ActionsClassUtils.mouseHoverActions(ActionsClassUtils.java:15)
	at com.axisrooms.rateShopper.pages.HomePage.MouseHoverOnGraphCircle(HomePage.java:207)
	at com.axisrooms.rateShopper.test.RefreshTestForRates.refreshTest(RefreshTestForRates.java:44)
	at java.base/java.util.ArrayList.forEach(ArrayList.java:1511)
... Removed 32 stack frames</div></td></tr></table><p class="totop"><a href="#summary">back to summary</a></p>
<h3 id="m14">com.axisrooms.rateShopper.test.RefreshTestForRates#refreshTest</h3><table class="result"><tr class="param"><th>Parameter #1</th></tr><tr class="param stripe"><td>{TimeForWait=5000, TestName=refreshTest, selectProperties=Coconut Lagoon-CGH Earth, Kumarakom, India, UserName=kancharla.p@axisrooms.com, Execute=yes, NoOfNights=4, RefreshFor=Rates , Month=, OTAs=, NoOfAdults=2, DateQuickLinks=Today, Browser=chrome, Password=Axisrooms321#, Actual Result=180000}</td></tr><tr><th>Exception</th></tr><tr><td><div class="stacktrace">org.openqa.selenium.StaleElementReferenceException: stale element reference: stale element not found
  (Session info: chrome=121.0.6167.140)
For documentation on this error, please visit: https://www.selenium.dev/documentation/webdriver/troubleshooting/errors#stale-element-reference-exception
Build info: version: &apos;4.11.0&apos;, revision: &apos;040bc5406b&apos;
System info: os.name: &apos;Windows 11&apos;, os.arch: &apos;amd64&apos;, os.version: &apos;10.0&apos;, java.version: &apos;17.0.9&apos;
Driver info: org.openqa.selenium.chrome.ChromeDriver
Command: [73fb4b640cf7cd6d42236188daa4936d, actions {actions=[org.openqa.selenium.interactions.Sequence@4e10099e]}]
Capabilities {acceptInsecureCerts: false, browserName: chrome, browserVersion: 121.0.6167.140, chrome: {chromedriverVersion: 121.0.6167.85 (3f98d690ad7e..., userDataDir: C:\Users\Sameer\AppData\Loc...}, fedcm:accounts: true, goog:chromeOptions: {debuggerAddress: localhost:60199}, networkConnectionEnabled: false, pageLoadStrategy: normal, platformName: windows, proxy: Proxy(), se:cdp: ws://localhost:60199/devtoo..., se:cdpVersion: 121.0.6167.140, setWindowRect: true, strictFileInteractability: false, timeouts: {implicit: 0, pageLoad: 300000, script: 30000}, unhandledPromptBehavior: dismiss and notify, webauthn:extension:credBlob: true, webauthn:extension:largeBlob: true, webauthn:extension:minPinLength: true, webauthn:extension:prf: true, webauthn:virtualAuthenticators: true}
Session ID: 73fb4b640cf7cd6d42236188daa4936d
	at org.openqa.selenium.remote.codec.w3c.W3CHttpResponseCodec.createException(W3CHttpResponseCodec.java:200)
	at org.openqa.selenium.remote.codec.w3c.W3CHttpResponseCodec.decode(W3CHttpResponseCodec.java:133)
	at org.openqa.selenium.remote.codec.w3c.W3CHttpResponseCodec.decode(W3CHttpResponseCodec.java:52)
	at org.openqa.selenium.remote.HttpCommandExecutor.execute(HttpCommandExecutor.java:191)
	at org.openqa.selenium.remote.service.DriverCommandExecutor.invokeExecute(DriverCommandExecutor.java:196)
	at org.openqa.selenium.remote.service.DriverCommandExecutor.execute(DriverCommandExecutor.java:171)
	at org.openqa.selenium.remote.RemoteWebDriver.execute(RemoteWebDriver.java:518)
	at org.openqa.selenium.remote.RemoteWebDriver.perform(RemoteWebDriver.java:604)
	at org.openqa.selenium.interactions.Actions$BuiltAction.perform(Actions.java:605)
	at com.axisrooms.rateShopper.utils.ActionsClassUtils.mouseHoverActions(ActionsClassUtils.java:15)
	at com.axisrooms.rateShopper.pages.HomePage.MouseHoverOnGraphCircle(HomePage.java:207)
	at com.axisrooms.rateShopper.test.RefreshTestForRates.refreshTest(RefreshTestForRates.java:44)
	at java.base/java.util.ArrayList.forEach(ArrayList.java:1511)
... Removed 32 stack frames</div></td></tr></table><p class="totop"><a href="#summary">back to summary</a></p>
<h3 id="m15">com.axisrooms.rateShopper.test.RefreshTestForRates#refreshTest</h3><table class="result"><tr class="param"><th>Parameter #1</th></tr><tr class="param stripe"><td>{TimeForWait=5000, TestName=refreshTest, selectProperties=19VillaMira, Pondicherry, India, UserName=kancharla.p@axisrooms.com, Execute=yes, NoOfNights=1, RefreshFor=Rates , Month=, OTAs=, NoOfAdults=2, DateQuickLinks=Today, Browser=chrome, Password=Axisrooms321#, Actual Result=180000}</td></tr><tr><th>Exception</th></tr><tr><td><div class="stacktrace">org.openqa.selenium.StaleElementReferenceException: stale element reference: stale element not found
  (Session info: chrome=121.0.6167.140)
For documentation on this error, please visit: https://www.selenium.dev/documentation/webdriver/troubleshooting/errors#stale-element-reference-exception
Build info: version: &apos;4.11.0&apos;, revision: &apos;040bc5406b&apos;
System info: os.name: &apos;Windows 11&apos;, os.arch: &apos;amd64&apos;, os.version: &apos;10.0&apos;, java.version: &apos;17.0.9&apos;
Driver info: org.openqa.selenium.chrome.ChromeDriver
Command: [504ba2a47fbd218cd57ae5386e2880e4, actions {actions=[org.openqa.selenium.interactions.Sequence@62785afd]}]
Capabilities {acceptInsecureCerts: false, browserName: chrome, browserVersion: 121.0.6167.140, chrome: {chromedriverVersion: 121.0.6167.85 (3f98d690ad7e..., userDataDir: C:\Users\Sameer\AppData\Loc...}, fedcm:accounts: true, goog:chromeOptions: {debuggerAddress: localhost:60029}, networkConnectionEnabled: false, pageLoadStrategy: normal, platformName: windows, proxy: Proxy(), se:cdp: ws://localhost:60029/devtoo..., se:cdpVersion: 121.0.6167.140, setWindowRect: true, strictFileInteractability: false, timeouts: {implicit: 0, pageLoad: 300000, script: 30000}, unhandledPromptBehavior: dismiss and notify, webauthn:extension:credBlob: true, webauthn:extension:largeBlob: true, webauthn:extension:minPinLength: true, webauthn:extension:prf: true, webauthn:virtualAuthenticators: true}
Session ID: 504ba2a47fbd218cd57ae5386e2880e4
	at org.openqa.selenium.remote.codec.w3c.W3CHttpResponseCodec.createException(W3CHttpResponseCodec.java:200)
	at org.openqa.selenium.remote.codec.w3c.W3CHttpResponseCodec.decode(W3CHttpResponseCodec.java:133)
	at org.openqa.selenium.remote.codec.w3c.W3CHttpResponseCodec.decode(W3CHttpResponseCodec.java:52)
	at org.openqa.selenium.remote.HttpCommandExecutor.execute(HttpCommandExecutor.java:191)
	at org.openqa.selenium.remote.service.DriverCommandExecutor.invokeExecute(DriverCommandExecutor.java:196)
	at org.openqa.selenium.remote.service.DriverCommandExecutor.execute(DriverCommandExecutor.java:171)
	at org.openqa.selenium.remote.RemoteWebDriver.execute(RemoteWebDriver.java:518)
	at org.openqa.selenium.remote.RemoteWebDriver.perform(RemoteWebDriver.java:604)
	at org.openqa.selenium.interactions.Actions$BuiltAction.perform(Actions.java:605)
	at com.axisrooms.rateShopper.utils.ActionsClassUtils.mouseHoverActions(ActionsClassUtils.java:15)
	at com.axisrooms.rateShopper.pages.HomePage.MouseHoverOnGraphCircle(HomePage.java:207)
	at com.axisrooms.rateShopper.test.RefreshTestForRates.refreshTest(RefreshTestForRates.java:44)
	at java.base/java.util.ArrayList.forEach(ArrayList.java:1511)
... Removed 32 stack frames</div></td></tr></table><p class="totop"><a href="#summary">back to summary</a></p>
<h3 id="m16">com.axisrooms.rateShopper.test.RefreshTestForRates#refreshTest</h3><table class="result"><tr class="param"><th>Parameter #1</th></tr><tr class="param stripe"><td>{TimeForWait=5000, TestName=refreshTest, selectProperties=19VillaMira, Pondicherry, India, UserName=kancharla.p@axisrooms.com, Execute=yes, NoOfNights=4, RefreshFor=Rates , Month=, OTAs=, NoOfAdults=2, DateQuickLinks=Today, Browser=chrome, Password=Axisrooms321#, Actual Result=180000}</td></tr><tr><th>Exception</th></tr><tr><td><div class="stacktrace">org.openqa.selenium.StaleElementReferenceException: stale element reference: stale element not found
  (Session info: chrome=121.0.6167.140)
For documentation on this error, please visit: https://www.selenium.dev/documentation/webdriver/troubleshooting/errors#stale-element-reference-exception
Build info: version: &apos;4.11.0&apos;, revision: &apos;040bc5406b&apos;
System info: os.name: &apos;Windows 11&apos;, os.arch: &apos;amd64&apos;, os.version: &apos;10.0&apos;, java.version: &apos;17.0.9&apos;
Driver info: org.openqa.selenium.chrome.ChromeDriver
Command: [c710c15b7d5d564321229d9aa9c80aab, actions {actions=[org.openqa.selenium.interactions.Sequence@15193a44]}]
Capabilities {acceptInsecureCerts: false, browserName: chrome, browserVersion: 121.0.6167.140, chrome: {chromedriverVersion: 121.0.6167.85 (3f98d690ad7e..., userDataDir: C:\Users\Sameer\AppData\Loc...}, fedcm:accounts: true, goog:chromeOptions: {debuggerAddress: localhost:60422}, networkConnectionEnabled: false, pageLoadStrategy: normal, platformName: windows, proxy: Proxy(), se:cdp: ws://localhost:60422/devtoo..., se:cdpVersion: 121.0.6167.140, setWindowRect: true, strictFileInteractability: false, timeouts: {implicit: 0, pageLoad: 300000, script: 30000}, unhandledPromptBehavior: dismiss and notify, webauthn:extension:credBlob: true, webauthn:extension:largeBlob: true, webauthn:extension:minPinLength: true, webauthn:extension:prf: true, webauthn:virtualAuthenticators: true}
Session ID: c710c15b7d5d564321229d9aa9c80aab
	at org.openqa.selenium.remote.codec.w3c.W3CHttpResponseCodec.createException(W3CHttpResponseCodec.java:200)
	at org.openqa.selenium.remote.codec.w3c.W3CHttpResponseCodec.decode(W3CHttpResponseCodec.java:133)
	at org.openqa.selenium.remote.codec.w3c.W3CHttpResponseCodec.decode(W3CHttpResponseCodec.java:52)
	at org.openqa.selenium.remote.HttpCommandExecutor.execute(HttpCommandExecutor.java:191)
	at org.openqa.selenium.remote.service.DriverCommandExecutor.invokeExecute(DriverCommandExecutor.java:196)
	at org.openqa.selenium.remote.service.DriverCommandExecutor.execute(DriverCommandExecutor.java:171)
	at org.openqa.selenium.remote.RemoteWebDriver.execute(RemoteWebDriver.java:518)
	at org.openqa.selenium.remote.RemoteWebDriver.perform(RemoteWebDriver.java:604)
	at org.openqa.selenium.interactions.Actions$BuiltAction.perform(Actions.java:605)
	at com.axisrooms.rateShopper.utils.ActionsClassUtils.mouseHoverActions(ActionsClassUtils.java:15)
	at com.axisrooms.rateShopper.pages.HomePage.MouseHoverOnGraphCircle(HomePage.java:207)
	at com.axisrooms.rateShopper.test.RefreshTestForRates.refreshTest(RefreshTestForRates.java:44)
	at java.base/java.util.ArrayList.forEach(ArrayList.java:1511)
... Removed 32 stack frames</div></td></tr></table><p class="totop"><a href="#summary">back to summary</a></p>
<h3 id="m17">com.axisrooms.rateShopper.test.RefreshTestForRates#refreshTest</h3><table class="result"><tr class="param"><th>Parameter #1</th></tr><tr class="param stripe"><td>{TimeForWait=5000, TestName=refreshTest, selectProperties=Coconut Lagoon-CGH Earth, Kumarakom, India, UserName=kancharla.p@axisrooms.com, Execute=yes, NoOfNights=3, RefreshFor=Rates , Month=, OTAs=, NoOfAdults=2, DateQuickLinks=Today, Browser=chrome, Password=Axisrooms321#, Actual Result=180000}</td></tr><tr><th>Exception</th></tr><tr><td><div class="stacktrace">org.openqa.selenium.NoSuchElementException: no such element: No node with given id found
  (Session info: chrome=121.0.6167.140)
For documentation on this error, please visit: https://www.selenium.dev/documentation/webdriver/troubleshooting/errors#no-such-element-exception
Build info: version: &apos;4.11.0&apos;, revision: &apos;040bc5406b&apos;
System info: os.name: &apos;Windows 11&apos;, os.arch: &apos;amd64&apos;, os.version: &apos;10.0&apos;, java.version: &apos;17.0.9&apos;
Driver info: org.openqa.selenium.chrome.ChromeDriver
Command: [cbfe1a3013720a06b959e7a535da03b6, actions {actions=[org.openqa.selenium.interactions.Sequence@768c521]}]
Capabilities {acceptInsecureCerts: false, browserName: chrome, browserVersion: 121.0.6167.140, chrome: {chromedriverVersion: 121.0.6167.85 (3f98d690ad7e..., userDataDir: C:\Users\Sameer\AppData\Loc...}, fedcm:accounts: true, goog:chromeOptions: {debuggerAddress: localhost:60366}, networkConnectionEnabled: false, pageLoadStrategy: normal, platformName: windows, proxy: Proxy(), se:cdp: ws://localhost:60366/devtoo..., se:cdpVersion: 121.0.6167.140, setWindowRect: true, strictFileInteractability: false, timeouts: {implicit: 0, pageLoad: 300000, script: 30000}, unhandledPromptBehavior: dismiss and notify, webauthn:extension:credBlob: true, webauthn:extension:largeBlob: true, webauthn:extension:minPinLength: true, webauthn:extension:prf: true, webauthn:virtualAuthenticators: true}
Session ID: cbfe1a3013720a06b959e7a535da03b6
	at org.openqa.selenium.remote.codec.w3c.W3CHttpResponseCodec.createException(W3CHttpResponseCodec.java:200)
	at org.openqa.selenium.remote.codec.w3c.W3CHttpResponseCodec.decode(W3CHttpResponseCodec.java:133)
	at org.openqa.selenium.remote.codec.w3c.W3CHttpResponseCodec.decode(W3CHttpResponseCodec.java:52)
	at org.openqa.selenium.remote.HttpCommandExecutor.execute(HttpCommandExecutor.java:191)
	at org.openqa.selenium.remote.service.DriverCommandExecutor.invokeExecute(DriverCommandExecutor.java:196)
	at org.openqa.selenium.remote.service.DriverCommandExecutor.execute(DriverCommandExecutor.java:171)
	at org.openqa.selenium.remote.RemoteWebDriver.execute(RemoteWebDriver.java:518)
	at org.openqa.selenium.remote.RemoteWebDriver.perform(RemoteWebDriver.java:604)
	at org.openqa.selenium.interactions.Actions$BuiltAction.perform(Actions.java:605)
	at com.axisrooms.rateShopper.utils.ActionsClassUtils.mouseHoverActions(ActionsClassUtils.java:15)
	at com.axisrooms.rateShopper.pages.HomePage.MouseHoverOnGraphCircle(HomePage.java:207)
	at com.axisrooms.rateShopper.test.RefreshTestForRates.refreshTest(RefreshTestForRates.java:44)
	at java.base/java.util.ArrayList.forEach(ArrayList.java:1511)
... Removed 31 stack frames</div></td></tr></table><p class="totop"><a href="#summary">back to summary</a></p>
<h3 id="m18">com.axisrooms.rateShopper.test.RefreshTestForRates#refreshTest</h3><table class="result"><tr class="param"><th>Parameter #1</th></tr><tr class="param stripe"><td>{TimeForWait=5000, TestName=refreshTest, selectProperties=Coconut Lagoon-CGH Earth, Kumarakom, India, UserName=kancharla.p@axisrooms.com, Execute=yes, NoOfNights=5, RefreshFor=Rates , Month=, OTAs=, NoOfAdults=2, DateQuickLinks=Today, Browser=chrome, Password=Axisrooms321#, Actual Result=180000}</td></tr><tr><th>Exception</th></tr><tr><td><div class="stacktrace">org.openqa.selenium.StaleElementReferenceException: stale element reference: stale element not found
  (Session info: chrome=121.0.6167.140)
For documentation on this error, please visit: https://www.selenium.dev/documentation/webdriver/troubleshooting/errors#stale-element-reference-exception
Build info: version: &apos;4.11.0&apos;, revision: &apos;040bc5406b&apos;
System info: os.name: &apos;Windows 11&apos;, os.arch: &apos;amd64&apos;, os.version: &apos;10.0&apos;, java.version: &apos;17.0.9&apos;
Driver info: org.openqa.selenium.chrome.ChromeDriver
Command: [bed14dbd57c925027cc0b7343d102517, actions {actions=[org.openqa.selenium.interactions.Sequence@6aa65574]}]
Capabilities {acceptInsecureCerts: false, browserName: chrome, browserVersion: 121.0.6167.140, chrome: {chromedriverVersion: 121.0.6167.85 (3f98d690ad7e..., userDataDir: C:\Users\Sameer\AppData\Loc...}, fedcm:accounts: true, goog:chromeOptions: {debuggerAddress: localhost:60479}, networkConnectionEnabled: false, pageLoadStrategy: normal, platformName: windows, proxy: Proxy(), se:cdp: ws://localhost:60479/devtoo..., se:cdpVersion: 121.0.6167.140, setWindowRect: true, strictFileInteractability: false, timeouts: {implicit: 0, pageLoad: 300000, script: 30000}, unhandledPromptBehavior: dismiss and notify, webauthn:extension:credBlob: true, webauthn:extension:largeBlob: true, webauthn:extension:minPinLength: true, webauthn:extension:prf: true, webauthn:virtualAuthenticators: true}
Session ID: bed14dbd57c925027cc0b7343d102517
	at org.openqa.selenium.remote.codec.w3c.W3CHttpResponseCodec.createException(W3CHttpResponseCodec.java:200)
	at org.openqa.selenium.remote.codec.w3c.W3CHttpResponseCodec.decode(W3CHttpResponseCodec.java:133)
	at org.openqa.selenium.remote.codec.w3c.W3CHttpResponseCodec.decode(W3CHttpResponseCodec.java:52)
	at org.openqa.selenium.remote.HttpCommandExecutor.execute(HttpCommandExecutor.java:191)
	at org.openqa.selenium.remote.service.DriverCommandExecutor.invokeExecute(DriverCommandExecutor.java:196)
	at org.openqa.selenium.remote.service.DriverCommandExecutor.execute(DriverCommandExecutor.java:171)
	at org.openqa.selenium.remote.RemoteWebDriver.execute(RemoteWebDriver.java:518)
	at org.openqa.selenium.remote.RemoteWebDriver.perform(RemoteWebDriver.java:604)
	at org.openqa.selenium.interactions.Actions$BuiltAction.perform(Actions.java:605)
	at com.axisrooms.rateShopper.utils.ActionsClassUtils.mouseHoverActions(ActionsClassUtils.java:15)
	at com.axisrooms.rateShopper.pages.HomePage.MouseHoverOnGraphCircle(HomePage.java:207)
	at com.axisrooms.rateShopper.test.RefreshTestForRates.refreshTest(RefreshTestForRates.java:44)
	at java.base/java.util.ArrayList.forEach(ArrayList.java:1511)
... Removed 32 stack frames</div></td></tr></table><p class="totop"><a href="#summary">back to summary</a></p>
<h3 id="m19">com.axisrooms.rateShopper.test.RefreshTestForRates#refreshTest</h3><table class="result"><tr class="param"><th>Parameter #1</th></tr><tr class="param stripe"><td>{TimeForWait=5000, TestName=refreshTest, selectProperties=Coconut Lagoon-CGH Earth, Kumarakom, India, UserName=kancharla.p@axisrooms.com, Execute=yes, NoOfNights=2, RefreshFor=Rates , Month=, OTAs=, NoOfAdults=2, DateQuickLinks=Today, Browser=chrome, Password=Axisrooms321#, Actual Result=450000}</td></tr><tr><th>Exception</th></tr><tr><td><div class="stacktrace">org.openqa.selenium.NoSuchElementException: no such element: No node with given id found
  (Session info: chrome=121.0.6167.140)
For documentation on this error, please visit: https://www.selenium.dev/documentation/webdriver/troubleshooting/errors#no-such-element-exception
Build info: version: &apos;4.11.0&apos;, revision: &apos;040bc5406b&apos;
System info: os.name: &apos;Windows 11&apos;, os.arch: &apos;amd64&apos;, os.version: &apos;10.0&apos;, java.version: &apos;17.0.9&apos;
Driver info: org.openqa.selenium.chrome.ChromeDriver
Command: [55ded51c72475678c88effa90284222b, actions {actions=[org.openqa.selenium.interactions.Sequence@747f6990]}]
Capabilities {acceptInsecureCerts: false, browserName: chrome, browserVersion: 121.0.6167.140, chrome: {chromedriverVersion: 121.0.6167.85 (3f98d690ad7e..., userDataDir: C:\Users\Sameer\AppData\Loc...}, fedcm:accounts: true, goog:chromeOptions: {debuggerAddress: localhost:60087}, networkConnectionEnabled: false, pageLoadStrategy: normal, platformName: windows, proxy: Proxy(), se:cdp: ws://localhost:60087/devtoo..., se:cdpVersion: 121.0.6167.140, setWindowRect: true, strictFileInteractability: false, timeouts: {implicit: 0, pageLoad: 300000, script: 30000}, unhandledPromptBehavior: dismiss and notify, webauthn:extension:credBlob: true, webauthn:extension:largeBlob: true, webauthn:extension:minPinLength: true, webauthn:extension:prf: true, webauthn:virtualAuthenticators: true}
Session ID: 55ded51c72475678c88effa90284222b
	at org.openqa.selenium.remote.codec.w3c.W3CHttpResponseCodec.createException(W3CHttpResponseCodec.java:200)
	at org.openqa.selenium.remote.codec.w3c.W3CHttpResponseCodec.decode(W3CHttpResponseCodec.java:133)
	at org.openqa.selenium.remote.codec.w3c.W3CHttpResponseCodec.decode(W3CHttpResponseCodec.java:52)
	at org.openqa.selenium.remote.HttpCommandExecutor.execute(HttpCommandExecutor.java:191)
	at org.openqa.selenium.remote.service.DriverCommandExecutor.invokeExecute(DriverCommandExecutor.java:196)
	at org.openqa.selenium.remote.service.DriverCommandExecutor.execute(DriverCommandExecutor.java:171)
	at org.openqa.selenium.remote.RemoteWebDriver.execute(RemoteWebDriver.java:518)
	at org.openqa.selenium.remote.RemoteWebDriver.perform(RemoteWebDriver.java:604)
	at org.openqa.selenium.interactions.Actions$BuiltAction.perform(Actions.java:605)
	at com.axisrooms.rateShopper.utils.ActionsClassUtils.mouseHoverActions(ActionsClassUtils.java:15)
	at com.axisrooms.rateShopper.pages.HomePage.MouseHoverOnGraphCircle(HomePage.java:207)
	at com.axisrooms.rateShopper.test.RefreshTestForRates.refreshTest(RefreshTestForRates.java:44)
	at java.base/java.util.ArrayList.forEach(ArrayList.java:1511)
... Removed 31 stack frames</div></td></tr></table><p class="totop"><a href="#summary">back to summary</a></p>
<h3 id="m20">com.axisrooms.rateShopper.test.RefreshTestForRates#refreshTest</h3><table class="result"><tr class="param"><th>Parameter #1</th></tr><tr class="param stripe"><td>{TimeForWait=5000, TestName=refreshTest, selectProperties=19VillaMira, Pondicherry, India, UserName=kancharla.p@axisrooms.com, Execute=yes, NoOfNights=5, RefreshFor=Rates , Month=, OTAs=, NoOfAdults=2, DateQuickLinks=Today, Browser=chrome, Password=Axisrooms321#, Actual Result=333000}</td></tr><tr><th>Exception</th></tr><tr><td><div class="stacktrace">org.openqa.selenium.ElementClickInterceptedException: element click intercepted: Element &lt;div _ngcontent-whi-23=&quot;&quot; class=&quot;pointerEnabled dropdown-toggle&quot; dropdowntoggle=&quot;&quot; id=&quot;refreshWidget&quot; aria-haspopup=&quot;true&quot; aria-expanded=&quot;false&quot;&gt;...&lt;/div&gt; is not clickable at point (516, 32). Other element would receive the click: &lt;div _ngcontent-whi-62=&quot;&quot; class=&quot;loader&quot; style=&quot;display: block;&quot;&gt;...&lt;/div&gt;
  (Session info: chrome=121.0.6167.140)
Build info: version: &apos;4.11.0&apos;, revision: &apos;040bc5406b&apos;
System info: os.name: &apos;Windows 11&apos;, os.arch: &apos;amd64&apos;, os.version: &apos;10.0&apos;, java.version: &apos;17.0.9&apos;
Driver info: org.openqa.selenium.chrome.ChromeDriver
Command: [c131a0f100d738dbef3c20995e0cf02b, clickElement {id=E7456FA43755DF9DE1779E77E3E10B9C_element_164}]
Capabilities {acceptInsecureCerts: false, browserName: chrome, browserVersion: 121.0.6167.140, chrome: {chromedriverVersion: 121.0.6167.85 (3f98d690ad7e..., userDataDir: C:\Users\Sameer\AppData\Loc...}, fedcm:accounts: true, goog:chromeOptions: {debuggerAddress: localhost:60257}, networkConnectionEnabled: false, pageLoadStrategy: normal, platformName: windows, proxy: Proxy(), se:cdp: ws://localhost:60257/devtoo..., se:cdpVersion: 121.0.6167.140, setWindowRect: true, strictFileInteractability: false, timeouts: {implicit: 0, pageLoad: 300000, script: 30000}, unhandledPromptBehavior: dismiss and notify, webauthn:extension:credBlob: true, webauthn:extension:largeBlob: true, webauthn:extension:minPinLength: true, webauthn:extension:prf: true, webauthn:virtualAuthenticators: true}
Element: [[ChromeDriver: chrome on windows (c131a0f100d738dbef3c20995e0cf02b)] -&gt; xpath: //div[@id=&apos;refreshWidget&apos;]]
Session ID: c131a0f100d738dbef3c20995e0cf02b
	at org.openqa.selenium.remote.codec.w3c.W3CHttpResponseCodec.createException(W3CHttpResponseCodec.java:200)
	at org.openqa.selenium.remote.codec.w3c.W3CHttpResponseCodec.decode(W3CHttpResponseCodec.java:133)
	at org.openqa.selenium.remote.codec.w3c.W3CHttpResponseCodec.decode(W3CHttpResponseCodec.java:52)
	at org.openqa.selenium.remote.HttpCommandExecutor.execute(HttpCommandExecutor.java:191)
	at org.openqa.selenium.remote.service.DriverCommandExecutor.invokeExecute(DriverCommandExecutor.java:196)
	at org.openqa.selenium.remote.service.DriverCommandExecutor.execute(DriverCommandExecutor.java:171)
	at org.openqa.selenium.remote.RemoteWebDriver.execute(RemoteWebDriver.java:518)
	at org.openqa.selenium.remote.RemoteWebElement.execute(RemoteWebElement.java:224)
	at org.openqa.selenium.remote.RemoteWebElement.click(RemoteWebElement.java:77)
	at org.openqa.selenium.support.pagefactory.internal.LocatingElementHandler.invoke(LocatingElementHandler.java:51)
	at jdk.proxy2/jdk.proxy2.$Proxy18.click(Unknown Source)
	at com.axisrooms.rateShopper.pages.HomePage.clickOnRefreshButton(HomePage.java:103)
	at com.axisrooms.rateShopper.test.RefreshTestForRates.refreshTest(RefreshTestForRates.java:27)
	at java.base/java.util.ArrayList.forEach(ArrayList.java:1511)
... Removed 35 stack frames</div></td></tr></table><p class="totop"><a href="#summary">back to summary</a></p>
<h3 id="m21">com.axisrooms.rateShopper.test.RefreshTestForRates#refreshTest</h3><table class="result"><tr class="param"><th>Parameter #1</th></tr><tr class="param stripe"><td>{TimeForWait=5000, TestName=refreshTest, selectProperties=19VillaMira, Pondicherry, India, UserName=kancharla.p@axisrooms.com, Execute=yes, NoOfNights=4, RefreshFor=Rates , Month=, OTAs=, NoOfAdults=2, DateQuickLinks=Today, Browser=chrome, Password=Axisrooms321#, Actual Result=180000}</td></tr><tr><th>Exception</th></tr><tr><td><div class="stacktrace">org.openqa.selenium.NoSuchElementException: no such element: No node with given id found
  (Session info: chrome=121.0.6167.140)
For documentation on this error, please visit: https://www.selenium.dev/documentation/webdriver/troubleshooting/errors#no-such-element-exception
Build info: version: &apos;4.11.0&apos;, revision: &apos;040bc5406b&apos;
System info: os.name: &apos;Windows 11&apos;, os.arch: &apos;amd64&apos;, os.version: &apos;10.0&apos;, java.version: &apos;17.0.9&apos;
Driver info: org.openqa.selenium.chrome.ChromeDriver
Command: [d1011ee135b297203fe1d1254f8f0bcf, actions {actions=[org.openqa.selenium.interactions.Sequence@5d7a18bc]}]
Capabilities {acceptInsecureCerts: false, browserName: chrome, browserVersion: 121.0.6167.140, chrome: {chromedriverVersion: 121.0.6167.85 (3f98d690ad7e..., userDataDir: C:\Users\Sameer\AppData\Loc...}, fedcm:accounts: true, goog:chromeOptions: {debuggerAddress: localhost:61695}, networkConnectionEnabled: false, pageLoadStrategy: normal, platformName: windows, proxy: Proxy(), se:cdp: ws://localhost:61695/devtoo..., se:cdpVersion: 121.0.6167.140, setWindowRect: true, strictFileInteractability: false, timeouts: {implicit: 0, pageLoad: 300000, script: 30000}, unhandledPromptBehavior: dismiss and notify, webauthn:extension:credBlob: true, webauthn:extension:largeBlob: true, webauthn:extension:minPinLength: true, webauthn:extension:prf: true, webauthn:virtualAuthenticators: true}
Session ID: d1011ee135b297203fe1d1254f8f0bcf
	at org.openqa.selenium.remote.codec.w3c.W3CHttpResponseCodec.createException(W3CHttpResponseCodec.java:200)
	at org.openqa.selenium.remote.codec.w3c.W3CHttpResponseCodec.decode(W3CHttpResponseCodec.java:133)
	at org.openqa.selenium.remote.codec.w3c.W3CHttpResponseCodec.decode(W3CHttpResponseCodec.java:52)
	at org.openqa.selenium.remote.HttpCommandExecutor.execute(HttpCommandExecutor.java:191)
	at org.openqa.selenium.remote.service.DriverCommandExecutor.invokeExecute(DriverCommandExecutor.java:196)
	at org.openqa.selenium.remote.service.DriverCommandExecutor.execute(DriverCommandExecutor.java:171)
	at org.openqa.selenium.remote.RemoteWebDriver.execute(RemoteWebDriver.java:518)
	at org.openqa.selenium.remote.RemoteWebDriver.perform(RemoteWebDriver.java:604)
	at org.openqa.selenium.interactions.Actions$BuiltAction.perform(Actions.java:605)
	at com.axisrooms.rateShopper.utils.ActionsClassUtils.mouseHoverActions(ActionsClassUtils.java:15)
	at com.axisrooms.rateShopper.pages.HomePage.MouseHoverOnGraphCircle(HomePage.java:207)
	at com.axisrooms.rateShopper.test.RefreshTestForRates.refreshTest(RefreshTestForRates.java:44)
	at java.base/java.util.ArrayList.forEach(ArrayList.java:1511)
... Removed 30 stack frames</div></td></tr></table><p class="totop"><a href="#summary">back to summary</a></p>
<h3 id="m22">com.axisrooms.rateShopper.test.RefreshTestForRates#refreshTest</h3><table class="result"><tr class="param"><th>Parameter #1</th></tr><tr class="param stripe"><td>{TimeForWait=5000, TestName=refreshTest, selectProperties=19VillaMira, Pondicherry, India, UserName=kancharla.p@axisrooms.com, Execute=yes, NoOfNights=1, RefreshFor=Rates , Month=, OTAs=, NoOfAdults=2, DateQuickLinks=Today, Browser=chrome, Password=Axisrooms321#, Actual Result=180000}</td></tr><tr><th>Exception</th></tr><tr><td><div class="stacktrace">org.openqa.selenium.NoSuchElementException: no such element: No node with given id found
  (Session info: chrome=121.0.6167.140)
For documentation on this error, please visit: https://www.selenium.dev/documentation/webdriver/troubleshooting/errors#no-such-element-exception
Build info: version: &apos;4.11.0&apos;, revision: &apos;040bc5406b&apos;
System info: os.name: &apos;Windows 11&apos;, os.arch: &apos;amd64&apos;, os.version: &apos;10.0&apos;, java.version: &apos;17.0.9&apos;
Driver info: org.openqa.selenium.chrome.ChromeDriver
Command: [1b3fe14dd019a29a616786ccf8188c3e, actions {actions=[org.openqa.selenium.interactions.Sequence@2cc788cc]}]
Capabilities {acceptInsecureCerts: false, browserName: chrome, browserVersion: 121.0.6167.140, chrome: {chromedriverVersion: 121.0.6167.85 (3f98d690ad7e..., userDataDir: C:\Users\Sameer\AppData\Loc...}, fedcm:accounts: true, goog:chromeOptions: {debuggerAddress: localhost:60540}, networkConnectionEnabled: false, pageLoadStrategy: normal, platformName: windows, proxy: Proxy(), se:cdp: ws://localhost:60540/devtoo..., se:cdpVersion: 121.0.6167.140, setWindowRect: true, strictFileInteractability: false, timeouts: {implicit: 0, pageLoad: 300000, script: 30000}, unhandledPromptBehavior: dismiss and notify, webauthn:extension:credBlob: true, webauthn:extension:largeBlob: true, webauthn:extension:minPinLength: true, webauthn:extension:prf: true, webauthn:virtualAuthenticators: true}
Session ID: 1b3fe14dd019a29a616786ccf8188c3e
	at org.openqa.selenium.remote.codec.w3c.W3CHttpResponseCodec.createException(W3CHttpResponseCodec.java:200)
	at org.openqa.selenium.remote.codec.w3c.W3CHttpResponseCodec.decode(W3CHttpResponseCodec.java:133)
	at org.openqa.selenium.remote.codec.w3c.W3CHttpResponseCodec.decode(W3CHttpResponseCodec.java:52)
	at org.openqa.selenium.remote.HttpCommandExecutor.execute(HttpCommandExecutor.java:191)
	at org.openqa.selenium.remote.service.DriverCommandExecutor.invokeExecute(DriverCommandExecutor.java:196)
	at org.openqa.selenium.remote.service.DriverCommandExecutor.execute(DriverCommandExecutor.java:171)
	at org.openqa.selenium.remote.RemoteWebDriver.execute(RemoteWebDriver.java:518)
	at org.openqa.selenium.remote.RemoteWebDriver.perform(RemoteWebDriver.java:604)
	at org.openqa.selenium.interactions.Actions$BuiltAction.perform(Actions.java:605)
	at com.axisrooms.rateShopper.utils.ActionsClassUtils.mouseHoverActions(ActionsClassUtils.java:15)
	at com.axisrooms.rateShopper.pages.HomePage.MouseHoverOnGraphCircle(HomePage.java:207)
	at com.axisrooms.rateShopper.test.RefreshTestForRates.refreshTest(RefreshTestForRates.java:44)
	at java.base/java.util.ArrayList.forEach(ArrayList.java:1511)
... Removed 31 stack frames</div></td></tr></table><p class="totop"><a href="#summary">back to summary</a></p>
<h3 id="m23">com.axisrooms.rateShopper.test.RefreshTestForRates#refreshTest</h3><table class="result"><tr class="param"><th>Parameter #1</th></tr><tr class="param stripe"><td>{TimeForWait=5000, TestName=refreshTest, selectProperties=19VillaMira, Pondicherry, India, UserName=kancharla.p@axisrooms.com, Execute=yes, NoOfNights=2, RefreshFor=Rates , Month=, OTAs=, NoOfAdults=1, DateQuickLinks=Today, Browser=chrome, Password=Axisrooms321#, Actual Result=333000}</td></tr><tr><th>Exception</th></tr><tr><td><div class="stacktrace">org.openqa.selenium.ElementClickInterceptedException: element click intercepted: Element &lt;div _ngcontent-dgw-23=&quot;&quot; class=&quot;pointerEnabled dropdown-toggle&quot; dropdowntoggle=&quot;&quot; id=&quot;refreshWidget&quot; aria-haspopup=&quot;true&quot; aria-expanded=&quot;false&quot;&gt;...&lt;/div&gt; is not clickable at point (516, 32). Other element would receive the click: &lt;div _ngcontent-dgw-62=&quot;&quot; class=&quot;loader&quot; style=&quot;display: block;&quot;&gt;...&lt;/div&gt;
  (Session info: chrome=121.0.6167.140)
Build info: version: &apos;4.11.0&apos;, revision: &apos;040bc5406b&apos;
System info: os.name: &apos;Windows 11&apos;, os.arch: &apos;amd64&apos;, os.version: &apos;10.0&apos;, java.version: &apos;17.0.9&apos;
Driver info: org.openqa.selenium.chrome.ChromeDriver
Command: [16480d6c757dbd42813f965649b1bf88, clickElement {id=12A6EB24BC1F9420EDEB065E56DF335F_element_164}]
Capabilities {acceptInsecureCerts: false, browserName: chrome, browserVersion: 121.0.6167.140, chrome: {chromedriverVersion: 121.0.6167.85 (3f98d690ad7e..., userDataDir: C:\Users\Sameer\AppData\Loc...}, fedcm:accounts: true, goog:chromeOptions: {debuggerAddress: localhost:59811}, networkConnectionEnabled: false, pageLoadStrategy: normal, platformName: windows, proxy: Proxy(), se:cdp: ws://localhost:59811/devtoo..., se:cdpVersion: 121.0.6167.140, setWindowRect: true, strictFileInteractability: false, timeouts: {implicit: 0, pageLoad: 300000, script: 30000}, unhandledPromptBehavior: dismiss and notify, webauthn:extension:credBlob: true, webauthn:extension:largeBlob: true, webauthn:extension:minPinLength: true, webauthn:extension:prf: true, webauthn:virtualAuthenticators: true}
Element: [[ChromeDriver: chrome on windows (16480d6c757dbd42813f965649b1bf88)] -&gt; xpath: //div[@id=&apos;refreshWidget&apos;]]
Session ID: 16480d6c757dbd42813f965649b1bf88
	at org.openqa.selenium.remote.codec.w3c.W3CHttpResponseCodec.createException(W3CHttpResponseCodec.java:200)
	at org.openqa.selenium.remote.codec.w3c.W3CHttpResponseCodec.decode(W3CHttpResponseCodec.java:133)
	at org.openqa.selenium.remote.codec.w3c.W3CHttpResponseCodec.decode(W3CHttpResponseCodec.java:52)
	at org.openqa.selenium.remote.HttpCommandExecutor.execute(HttpCommandExecutor.java:191)
	at org.openqa.selenium.remote.service.DriverCommandExecutor.invokeExecute(DriverCommandExecutor.java:196)
	at org.openqa.selenium.remote.service.DriverCommandExecutor.execute(DriverCommandExecutor.java:171)
	at org.openqa.selenium.remote.RemoteWebDriver.execute(RemoteWebDriver.java:518)
	at org.openqa.selenium.remote.RemoteWebElement.execute(RemoteWebElement.java:224)
	at org.openqa.selenium.remote.RemoteWebElement.click(RemoteWebElement.java:77)
	at org.openqa.selenium.support.pagefactory.internal.LocatingElementHandler.invoke(LocatingElementHandler.java:51)
	at jdk.proxy2/jdk.proxy2.$Proxy18.click(Unknown Source)
	at com.axisrooms.rateShopper.pages.HomePage.clickOnRefreshButton(HomePage.java:103)
	at com.axisrooms.rateShopper.test.RefreshTestForRates.refreshTest(RefreshTestForRates.java:27)
	at java.base/java.util.ArrayList.forEach(ArrayList.java:1511)
... Removed 35 stack frames</div></td></tr></table><p class="totop"><a href="#summary">back to summary</a></p>
<h3 id="m24">com.axisrooms.rateShopper.test.RefreshTestForRates#refreshTest</h3><table class="result"><tr class="param"><th>Parameter #1</th></tr><tr class="param stripe"><td>{TimeForWait=5000, TestName=refreshTest, selectProperties=19VillaMira, Pondicherry, India, UserName=kancharla.p@axisrooms.com, Execute=yes, NoOfNights=3, RefreshFor=Rates , Month=, OTAs=, NoOfAdults=2, DateQuickLinks=Today, Browser=chrome, Password=Axisrooms321#, Actual Result=180000}</td></tr><tr><th>Exception</th></tr><tr><td><div class="stacktrace">org.openqa.selenium.NoSuchElementException: no such element: No node with given id found
  (Session info: chrome=121.0.6167.140)
For documentation on this error, please visit: https://www.selenium.dev/documentation/webdriver/troubleshooting/errors#no-such-element-exception
Build info: version: &apos;4.11.0&apos;, revision: &apos;040bc5406b&apos;
System info: os.name: &apos;Windows 11&apos;, os.arch: &apos;amd64&apos;, os.version: &apos;10.0&apos;, java.version: &apos;17.0.9&apos;
Driver info: org.openqa.selenium.chrome.ChromeDriver
Command: [fa672b0639ed648cd16964705b82372d, actions {actions=[org.openqa.selenium.interactions.Sequence@3065527b]}]
Capabilities {acceptInsecureCerts: false, browserName: chrome, browserVersion: 121.0.6167.140, chrome: {chromedriverVersion: 121.0.6167.85 (3f98d690ad7e..., userDataDir: C:\Users\Sameer\AppData\Loc...}, fedcm:accounts: true, goog:chromeOptions: {debuggerAddress: localhost:60654}, networkConnectionEnabled: false, pageLoadStrategy: normal, platformName: windows, proxy: Proxy(), se:cdp: ws://localhost:60654/devtoo..., se:cdpVersion: 121.0.6167.140, setWindowRect: true, strictFileInteractability: false, timeouts: {implicit: 0, pageLoad: 300000, script: 30000}, unhandledPromptBehavior: dismiss and notify, webauthn:extension:credBlob: true, webauthn:extension:largeBlob: true, webauthn:extension:minPinLength: true, webauthn:extension:prf: true, webauthn:virtualAuthenticators: true}
Session ID: fa672b0639ed648cd16964705b82372d
	at org.openqa.selenium.remote.codec.w3c.W3CHttpResponseCodec.createException(W3CHttpResponseCodec.java:200)
	at org.openqa.selenium.remote.codec.w3c.W3CHttpResponseCodec.decode(W3CHttpResponseCodec.java:133)
	at org.openqa.selenium.remote.codec.w3c.W3CHttpResponseCodec.decode(W3CHttpResponseCodec.java:52)
	at org.openqa.selenium.remote.HttpCommandExecutor.execute(HttpCommandExecutor.java:191)
	at org.openqa.selenium.remote.service.DriverCommandExecutor.invokeExecute(DriverCommandExecutor.java:196)
	at org.openqa.selenium.remote.service.DriverCommandExecutor.execute(DriverCommandExecutor.java:171)
	at org.openqa.selenium.remote.RemoteWebDriver.execute(RemoteWebDriver.java:518)
	at org.openqa.selenium.remote.RemoteWebDriver.perform(RemoteWebDriver.java:604)
	at org.openqa.selenium.interactions.Actions$BuiltAction.perform(Actions.java:605)
	at com.axisrooms.rateShopper.utils.ActionsClassUtils.mouseHoverActions(ActionsClassUtils.java:15)
	at com.axisrooms.rateShopper.pages.HomePage.MouseHoverOnGraphCircle(HomePage.java:207)
	at com.axisrooms.rateShopper.test.RefreshTestForRates.refreshTest(RefreshTestForRates.java:44)
	at java.base/java.util.ArrayList.forEach(ArrayList.java:1511)
... Removed 30 stack frames</div></td></tr></table><p class="totop"><a href="#summary">back to summary</a></p>
<h3 id="m25">com.axisrooms.rateShopper.test.RefreshTestForRates#refreshTest</h3><table class="result"><tr class="param"><th>Parameter #1</th></tr><tr class="param stripe"><td>{TimeForWait=5000, TestName=refreshTest, selectProperties=19VillaMira, Pondicherry, India, UserName=kancharla.p@axisrooms.com, Execute=yes, NoOfNights=3, RefreshFor=Rates , Month=, OTAs=, NoOfAdults=2, DateQuickLinks=Today, Browser=chrome, Password=Axisrooms321#, Actual Result=333000}</td></tr><tr><th>Exception</th></tr><tr><td><div class="stacktrace">org.openqa.selenium.NoSuchElementException: no such element: No node with given id found
  (Session info: chrome=121.0.6167.140)
For documentation on this error, please visit: https://www.selenium.dev/documentation/webdriver/troubleshooting/errors#no-such-element-exception
Build info: version: &apos;4.11.0&apos;, revision: &apos;040bc5406b&apos;
System info: os.name: &apos;Windows 11&apos;, os.arch: &apos;amd64&apos;, os.version: &apos;10.0&apos;, java.version: &apos;17.0.9&apos;
Driver info: org.openqa.selenium.chrome.ChromeDriver
Command: [d6ebc17ef8280b5ff90a1e634dff87c8, actions {actions=[org.openqa.selenium.interactions.Sequence@1b08681b]}]
Capabilities {acceptInsecureCerts: false, browserName: chrome, browserVersion: 121.0.6167.140, chrome: {chromedriverVersion: 121.0.6167.85 (3f98d690ad7e..., userDataDir: C:\Users\Sameer\AppData\Loc...}, fedcm:accounts: true, goog:chromeOptions: {debuggerAddress: localhost:60143}, networkConnectionEnabled: false, pageLoadStrategy: normal, platformName: windows, proxy: Proxy(), se:cdp: ws://localhost:60143/devtoo..., se:cdpVersion: 121.0.6167.140, setWindowRect: true, strictFileInteractability: false, timeouts: {implicit: 0, pageLoad: 300000, script: 30000}, unhandledPromptBehavior: dismiss and notify, webauthn:extension:credBlob: true, webauthn:extension:largeBlob: true, webauthn:extension:minPinLength: true, webauthn:extension:prf: true, webauthn:virtualAuthenticators: true}
Session ID: d6ebc17ef8280b5ff90a1e634dff87c8
	at org.openqa.selenium.remote.codec.w3c.W3CHttpResponseCodec.createException(W3CHttpResponseCodec.java:200)
	at org.openqa.selenium.remote.codec.w3c.W3CHttpResponseCodec.decode(W3CHttpResponseCodec.java:133)
	at org.openqa.selenium.remote.codec.w3c.W3CHttpResponseCodec.decode(W3CHttpResponseCodec.java:52)
	at org.openqa.selenium.remote.HttpCommandExecutor.execute(HttpCommandExecutor.java:191)
	at org.openqa.selenium.remote.service.DriverCommandExecutor.invokeExecute(DriverCommandExecutor.java:196)
	at org.openqa.selenium.remote.service.DriverCommandExecutor.execute(DriverCommandExecutor.java:171)
	at org.openqa.selenium.remote.RemoteWebDriver.execute(RemoteWebDriver.java:518)
	at org.openqa.selenium.remote.RemoteWebDriver.perform(RemoteWebDriver.java:604)
	at org.openqa.selenium.interactions.Actions$BuiltAction.perform(Actions.java:605)
	at com.axisrooms.rateShopper.utils.ActionsClassUtils.mouseHoverActions(ActionsClassUtils.java:15)
	at com.axisrooms.rateShopper.pages.HomePage.MouseHoverOnGraphCircle(HomePage.java:207)
	at com.axisrooms.rateShopper.test.RefreshTestForRates.refreshTest(RefreshTestForRates.java:44)
	at java.base/java.util.ArrayList.forEach(ArrayList.java:1511)
... Removed 31 stack frames</div></td></tr></table><p class="totop"><a href="#summary">back to summary</a></p>
<h3 id="m26">com.axisrooms.rateShopper.test.RefreshTestForRates#refreshTest</h3><table class="result"><tr class="param"><th>Parameter #1</th></tr><tr class="param stripe"><td>{TimeForWait=5000, TestName=refreshTest, selectProperties=19VillaMira, Pondicherry, India, UserName=kancharla.p@axisrooms.com, Execute=yes, NoOfNights=2, RefreshFor=Rates , Month=, OTAs=, NoOfAdults=2, DateQuickLinks=Today, Browser=chrome, Password=Axisrooms321#, Actual Result=180000}</td></tr><tr><th>Exception</th></tr><tr><td><div class="stacktrace">org.openqa.selenium.NoSuchElementException: no such element: No node with given id found
  (Session info: chrome=121.0.6167.140)
For documentation on this error, please visit: https://www.selenium.dev/documentation/webdriver/troubleshooting/errors#no-such-element-exception
Build info: version: &apos;4.11.0&apos;, revision: &apos;040bc5406b&apos;
System info: os.name: &apos;Windows 11&apos;, os.arch: &apos;amd64&apos;, os.version: &apos;10.0&apos;, java.version: &apos;17.0.9&apos;
Driver info: org.openqa.selenium.chrome.ChromeDriver
Command: [53923705be251afb0d45c58ac2dc8564, actions {actions=[org.openqa.selenium.interactions.Sequence@795c28e8]}]
Capabilities {acceptInsecureCerts: false, browserName: chrome, browserVersion: 121.0.6167.140, chrome: {chromedriverVersion: 121.0.6167.85 (3f98d690ad7e..., userDataDir: C:\Users\Sameer\AppData\Loc...}, fedcm:accounts: true, goog:chromeOptions: {debuggerAddress: localhost:60309}, networkConnectionEnabled: false, pageLoadStrategy: normal, platformName: windows, proxy: Proxy(), se:cdp: ws://localhost:60309/devtoo..., se:cdpVersion: 121.0.6167.140, setWindowRect: true, strictFileInteractability: false, timeouts: {implicit: 0, pageLoad: 300000, script: 30000}, unhandledPromptBehavior: dismiss and notify, webauthn:extension:credBlob: true, webauthn:extension:largeBlob: true, webauthn:extension:minPinLength: true, webauthn:extension:prf: true, webauthn:virtualAuthenticators: true}
Session ID: 53923705be251afb0d45c58ac2dc8564
	at org.openqa.selenium.remote.codec.w3c.W3CHttpResponseCodec.createException(W3CHttpResponseCodec.java:200)
	at org.openqa.selenium.remote.codec.w3c.W3CHttpResponseCodec.decode(W3CHttpResponseCodec.java:133)
	at org.openqa.selenium.remote.codec.w3c.W3CHttpResponseCodec.decode(W3CHttpResponseCodec.java:52)
	at org.openqa.selenium.remote.HttpCommandExecutor.execute(HttpCommandExecutor.java:191)
	at org.openqa.selenium.remote.service.DriverCommandExecutor.invokeExecute(DriverCommandExecutor.java:196)
	at org.openqa.selenium.remote.service.DriverCommandExecutor.execute(DriverCommandExecutor.java:171)
	at org.openqa.selenium.remote.RemoteWebDriver.execute(RemoteWebDriver.java:518)
	at org.openqa.selenium.remote.RemoteWebDriver.perform(RemoteWebDriver.java:604)
	at org.openqa.selenium.interactions.Actions$BuiltAction.perform(Actions.java:605)
	at com.axisrooms.rateShopper.utils.ActionsClassUtils.mouseHoverActions(ActionsClassUtils.java:15)
	at com.axisrooms.rateShopper.pages.HomePage.MouseHoverOnGraphCircle(HomePage.java:207)
	at com.axisrooms.rateShopper.test.RefreshTestForRates.refreshTest(RefreshTestForRates.java:44)
	at java.base/java.util.ArrayList.forEach(ArrayList.java:1511)
... Removed 31 stack frames</div></td></tr></table><p class="totop"><a href="#summary">back to summary</a></p>
<h3 id="m27">com.axisrooms.rateShopper.test.RefreshTestForRates#refreshTest</h3><table class="result"><tr class="param"><th>Parameter #1</th></tr><tr class="param stripe"><td>{TimeForWait=5000, TestName=refreshTest, selectProperties=Coconut Lagoon-CGH Earth, Kumarakom, India, UserName=kancharla.p@axisrooms.com, Execute=yes, NoOfNights=3, RefreshFor=Rates , Month=, OTAs=, NoOfAdults=1, DateQuickLinks=Today, Browser=chrome, Password=Axisrooms321#, Actual Result=510000}</td></tr><tr><th>Exception</th></tr><tr><td><div class="stacktrace">org.openqa.selenium.ElementClickInterceptedException: element click intercepted: Element &lt;div _ngcontent-fia-23=&quot;&quot; class=&quot;pointerEnabled dropdown-toggle&quot; dropdowntoggle=&quot;&quot; id=&quot;refreshWidget&quot; aria-haspopup=&quot;true&quot; aria-expanded=&quot;false&quot;&gt;...&lt;/div&gt; is not clickable at point (516, 32). Other element would receive the click: &lt;div _ngcontent-fia-62=&quot;&quot; class=&quot;loader&quot; style=&quot;display: block;&quot;&gt;...&lt;/div&gt;
  (Session info: chrome=121.0.6167.140)
Build info: version: &apos;4.11.0&apos;, revision: &apos;040bc5406b&apos;
System info: os.name: &apos;Windows 11&apos;, os.arch: &apos;amd64&apos;, os.version: &apos;10.0&apos;, java.version: &apos;17.0.9&apos;
Driver info: org.openqa.selenium.chrome.ChromeDriver
Command: [1c8e140b7f0f6a0bd4590cd315260c3e, clickElement {id=830074FDF7D45343EE9EC310FF9A2307_element_160}]
Capabilities {acceptInsecureCerts: false, browserName: chrome, browserVersion: 121.0.6167.140, chrome: {chromedriverVersion: 121.0.6167.85 (3f98d690ad7e..., userDataDir: C:\Users\Sameer\AppData\Loc...}, fedcm:accounts: true, goog:chromeOptions: {debuggerAddress: localhost:59865}, networkConnectionEnabled: false, pageLoadStrategy: normal, platformName: windows, proxy: Proxy(), se:cdp: ws://localhost:59865/devtoo..., se:cdpVersion: 121.0.6167.140, setWindowRect: true, strictFileInteractability: false, timeouts: {implicit: 0, pageLoad: 300000, script: 30000}, unhandledPromptBehavior: dismiss and notify, webauthn:extension:credBlob: true, webauthn:extension:largeBlob: true, webauthn:extension:minPinLength: true, webauthn:extension:prf: true, webauthn:virtualAuthenticators: true}
Element: [[ChromeDriver: chrome on windows (1c8e140b7f0f6a0bd4590cd315260c3e)] -&gt; xpath: //div[@id=&apos;refreshWidget&apos;]]
Session ID: 1c8e140b7f0f6a0bd4590cd315260c3e
	at org.openqa.selenium.remote.codec.w3c.W3CHttpResponseCodec.createException(W3CHttpResponseCodec.java:200)
	at org.openqa.selenium.remote.codec.w3c.W3CHttpResponseCodec.decode(W3CHttpResponseCodec.java:133)
	at org.openqa.selenium.remote.codec.w3c.W3CHttpResponseCodec.decode(W3CHttpResponseCodec.java:52)
	at org.openqa.selenium.remote.HttpCommandExecutor.execute(HttpCommandExecutor.java:191)
	at org.openqa.selenium.remote.service.DriverCommandExecutor.invokeExecute(DriverCommandExecutor.java:196)
	at org.openqa.selenium.remote.service.DriverCommandExecutor.execute(DriverCommandExecutor.java:171)
	at org.openqa.selenium.remote.RemoteWebDriver.execute(RemoteWebDriver.java:518)
	at org.openqa.selenium.remote.RemoteWebElement.execute(RemoteWebElement.java:224)
	at org.openqa.selenium.remote.RemoteWebElement.click(RemoteWebElement.java:77)
	at org.openqa.selenium.support.pagefactory.internal.LocatingElementHandler.invoke(LocatingElementHandler.java:51)
	at jdk.proxy2/jdk.proxy2.$Proxy18.click(Unknown Source)
	at com.axisrooms.rateShopper.pages.HomePage.clickOnRefreshButton(HomePage.java:103)
	at com.axisrooms.rateShopper.test.RefreshTestForRates.refreshTest(RefreshTestForRates.java:27)
	at java.base/java.util.ArrayList.forEach(ArrayList.java:1511)
... Removed 35 stack frames</div></td></tr></table><p class="totop"><a href="#summary">back to summary</a></p>
<h3 id="m28">com.axisrooms.rateShopper.test.RefreshTestForRatesAndMobileRates#refreshTestForRatesAndMobileRates</h3><table class="result"><tr class="param"><th>Parameter #1</th></tr><tr class="param stripe"><td>{TimeForWait=5000, TestName=refreshTestForRatesAndMobileRates, selectProperties=Coconut Lagoon-CGH Earth, Kumarakom, India, UserName=kancharla.p@axisrooms.com, Execute=yes, NoOfNights=1, RefreshFor=Rates , Month=, OTAs=, NoOfAdults=2, DateQuickLinks=Today, Browser=chrome, Password=Axisrooms321#, Actual Result=180000}</td></tr><tr><th>Exception</th></tr><tr><td><div class="stacktrace">org.openqa.selenium.ElementClickInterceptedException: element click intercepted: Element &lt;div _ngcontent-bme-23=&quot;&quot; class=&quot;pointerEnabled dropdown-toggle&quot; dropdowntoggle=&quot;&quot; id=&quot;refreshWidget&quot; aria-haspopup=&quot;true&quot; aria-expanded=&quot;false&quot;&gt;...&lt;/div&gt; is not clickable at point (516, 32). Other element would receive the click: &lt;div _ngcontent-bme-62=&quot;&quot; class=&quot;loader&quot; style=&quot;display: block;&quot;&gt;...&lt;/div&gt;
  (Session info: chrome=121.0.6167.140)
Build info: version: &apos;4.11.0&apos;, revision: &apos;040bc5406b&apos;
System info: os.name: &apos;Windows 11&apos;, os.arch: &apos;amd64&apos;, os.version: &apos;10.0&apos;, java.version: &apos;17.0.9&apos;
Driver info: org.openqa.selenium.chrome.ChromeDriver
Command: [c52761103ccf0b02927646fd02b6fb84, clickElement {id=0334AF6BD7B2705AB2D571D3786BF84F_element_154}]
Capabilities {acceptInsecureCerts: false, browserName: chrome, browserVersion: 121.0.6167.140, chrome: {chromedriverVersion: 121.0.6167.85 (3f98d690ad7e..., userDataDir: C:\Users\Sameer\AppData\Loc...}, fedcm:accounts: true, goog:chromeOptions: {debuggerAddress: localhost:59703}, networkConnectionEnabled: false, pageLoadStrategy: normal, platformName: windows, proxy: Proxy(), se:cdp: ws://localhost:59703/devtoo..., se:cdpVersion: 121.0.6167.140, setWindowRect: true, strictFileInteractability: false, timeouts: {implicit: 0, pageLoad: 300000, script: 30000}, unhandledPromptBehavior: dismiss and notify, webauthn:extension:credBlob: true, webauthn:extension:largeBlob: true, webauthn:extension:minPinLength: true, webauthn:extension:prf: true, webauthn:virtualAuthenticators: true}
Element: [[ChromeDriver: chrome on windows (c52761103ccf0b02927646fd02b6fb84)] -&gt; xpath: //div[@id=&apos;refreshWidget&apos;]]
Session ID: c52761103ccf0b02927646fd02b6fb84
	at org.openqa.selenium.remote.codec.w3c.W3CHttpResponseCodec.createException(W3CHttpResponseCodec.java:200)
	at org.openqa.selenium.remote.codec.w3c.W3CHttpResponseCodec.decode(W3CHttpResponseCodec.java:133)
	at org.openqa.selenium.remote.codec.w3c.W3CHttpResponseCodec.decode(W3CHttpResponseCodec.java:52)
	at org.openqa.selenium.remote.HttpCommandExecutor.execute(HttpCommandExecutor.java:191)
	at org.openqa.selenium.remote.service.DriverCommandExecutor.invokeExecute(DriverCommandExecutor.java:196)
	at org.openqa.selenium.remote.service.DriverCommandExecutor.execute(DriverCommandExecutor.java:171)
	at org.openqa.selenium.remote.RemoteWebDriver.execute(RemoteWebDriver.java:518)
	at org.openqa.selenium.remote.RemoteWebElement.execute(RemoteWebElement.java:224)
	at org.openqa.selenium.remote.RemoteWebElement.click(RemoteWebElement.java:77)
	at org.openqa.selenium.support.pagefactory.internal.LocatingElementHandler.invoke(LocatingElementHandler.java:51)
	at jdk.proxy2/jdk.proxy2.$Proxy18.click(Unknown Source)
	at com.axisrooms.rateShopper.pages.HomePage.clickOnRefreshButton(HomePage.java:103)
	at com.axisrooms.rateShopper.test.RefreshTestForRatesAndMobileRates.refreshTestForRatesAndMobileRates(RefreshTestForRatesAndMobileRates.java:23)
	at java.base/java.util.ArrayList.forEach(ArrayList.java:1511)
... Removed 35 stack frames</div></td></tr></table><p class="totop"><a href="#summary">back to summary</a></p>
<h3 id="m29">com.axisrooms.rateShopper.test.FiltersTest#filtersTest</h3><table class="result"><tr class="param"><th>Parameter #1</th></tr><tr class="param stripe"><td>{TimeForWait=5000, TestName=filtersTest, selectProperties=19VillaMira, Pondicherry, India, UserName=kancharla.p@axisrooms.com, Execute=yes, NoOfNights=2, RefreshFor=Rates , Month=, OTAs=2, NoOfAdults=2, DateQuickLinks=Today, Browser=chrome, Password=Axisrooms321#, Actual Result=}</td></tr></table><p class="totop"><a href="#summary">back to summary</a></p>
<h3 id="m30">com.axisrooms.rateShopper.test.FiltersTest#filtersTest</h3><table class="result"><tr class="param"><th>Parameter #1</th></tr><tr class="param stripe"><td>{TimeForWait=5000, TestName=filtersTest, selectProperties=19VillaMira, Pondicherry, India, UserName=kancharla.p@axisrooms.com, Execute=yes, NoOfNights=2, RefreshFor=Rates , Month=, OTAs=2, NoOfAdults=2, DateQuickLinks=Today, Browser=chrome, Password=Axisrooms321#, Actual Result=}</td></tr></table><p class="totop"><a href="#summary">back to summary</a></p>
<h3 id="m31">com.axisrooms.rateShopper.test.FiltersTest#filtersTest</h3><table class="result"><tr class="param"><th>Parameter #1</th></tr><tr class="param stripe"><td>{TimeForWait=5000, TestName=filtersTest, selectProperties=19VillaMira, Pondicherry, India, UserName=kancharla.p@axisrooms.com, Execute=yes, NoOfNights=4, RefreshFor=Rates , Month=, OTAs=4, NoOfAdults=4, DateQuickLinks=Today, Browser=chrome, Password=Axisrooms321#, Actual Result=}</td></tr></table><p class="totop"><a href="#summary">back to summary</a></p>
<h3 id="m32">com.axisrooms.rateShopper.test.FiltersTest#filtersTest</h3><table class="result"><tr class="param"><th>Parameter #1</th></tr><tr class="param stripe"><td>{TimeForWait=5000, TestName=filtersTest, selectProperties=19VillaMira, Pondicherry, India, UserName=kancharla.p@axisrooms.com, Execute=yes, NoOfNights=4, RefreshFor=Rates , Month=, OTAs=4, NoOfAdults=4, DateQuickLinks=Today, Browser=chrome, Password=Axisrooms321#, Actual Result=}</td></tr></table><p class="totop"><a href="#summary">back to summary</a></p>
<h3 id="m33">com.axisrooms.rateShopper.test.FiltersTest#filtersTest</h3><table class="result"><tr class="param"><th>Parameter #1</th></tr><tr class="param stripe"><td>{TimeForWait=5000, TestName=filtersTest, selectProperties=19VillaMira, Pondicherry, India, UserName=kancharla.p@axisrooms.com, Execute=yes, NoOfNights=5, RefreshFor=Rates , Month=, OTAs=5, NoOfAdults=5, DateQuickLinks=Today, Browser=chrome, Password=Axisrooms321#, Actual Result=}</td></tr></table><p class="totop"><a href="#summary">back to summary</a></p>
<h3 id="m34">com.axisrooms.rateShopper.test.FiltersTest#filtersTest</h3><table class="result"><tr class="param"><th>Parameter #1</th></tr><tr class="param stripe"><td>{TimeForWait=5000, TestName=filtersTest, selectProperties=19VillaMira, Pondicherry, India, UserName=kancharla.p@axisrooms.com, Execute=yes, NoOfNights=5, RefreshFor=Rates , Month=, OTAs=5, NoOfAdults=5, DateQuickLinks=Today, Browser=chrome, Password=Axisrooms321#, Actual Result=}</td></tr></table><p class="totop"><a href="#summary">back to summary</a></p>
<h3 id="m35">com.axisrooms.rateShopper.test.FiltersTest#filtersTest</h3><table class="result"><tr class="param"><th>Parameter #1</th></tr><tr class="param stripe"><td>{TimeForWait=5000, TestName=filtersTest, selectProperties=19VillaMira, Pondicherry, India, UserName=kancharla.p@axisrooms.com, Execute=yes, NoOfNights=2, RefreshFor=Rates , Month=, OTAs=2, NoOfAdults=2, DateQuickLinks=Today, Browser=chrome, Password=Axisrooms321#, Actual Result=}</td></tr></table><p class="totop"><a href="#summary">back to summary</a></p>
<h3 id="m36">com.axisrooms.rateShopper.test.LoginTest#loginTest</h3><table class="result"><tr class="param"><th>Parameter #1</th></tr><tr class="param stripe"><td>{TimeForWait=, TestName=loginTest, selectProperties=, UserName=kancharla.p@axisrooms.com, Execute=yes, NoOfNights=, RefreshFor=, Month=, OTAs=, NoOfAdults=, DateQuickLinks=, Browser=chrome, Password=Axisrooms321#, Actual Result=}</td></tr></table><p class="totop"><a href="#summary">back to summary</a></p>
<h3 id="m37">com.axisrooms.rateShopper.test.RefreshTestForRates#refreshTest</h3><table class="result"><tr class="param"><th>Parameter #1</th></tr><tr class="param stripe"><td>{TimeForWait=5000, TestName=refreshTest, selectProperties=Coconut Lagoon-CGH Earth, Kumarakom, India, UserName=kancharla.p@axisrooms.com, Execute=yes, NoOfNights=3, RefreshFor=Rates , Month=, OTAs=, NoOfAdults=2, DateQuickLinks=Today, Browser=chrome, Password=Axisrooms321#, Actual Result=180000}</td></tr></table><p class="totop"><a href="#summary">back to summary</a></p>
<h3 id="m38">com.axisrooms.rateShopper.test.RefreshTestForRates#refreshTest</h3><table class="result"><tr class="param"><th>Parameter #1</th></tr><tr class="param stripe"><td>{TimeForWait=5000, TestName=refreshTest, selectProperties=Coconut Lagoon-CGH Earth, Kumarakom, India, UserName=kancharla.p@axisrooms.com, Execute=yes, NoOfNights=5, RefreshFor=Rates , Month=, OTAs=, NoOfAdults=2, DateQuickLinks=Today, Browser=chrome, Password=Axisrooms321#, Actual Result=180000}</td></tr></table><p class="totop"><a href="#summary">back to summary</a></p>
<h3 id="m39">com.axisrooms.rateShopper.test.RefreshTestForRates#refreshTest</h3><table class="result"><tr class="param"><th>Parameter #1</th></tr><tr class="param stripe"><td>{TimeForWait=5000, TestName=refreshTest, selectProperties=19VillaMira, Pondicherry, India, UserName=kancharla.p@axisrooms.com, Execute=yes, NoOfNights=5, RefreshFor=Rates , Month=, OTAs=, NoOfAdults=2, DateQuickLinks=Today, Browser=chrome, Password=Axisrooms321#, Actual Result=180000}</td></tr></table><p class="totop"><a href="#summary">back to summary</a></p>
<h3 id="m40">com.axisrooms.rateShopper.test.RefreshTestForRates#refreshTest</h3><table class="result"><tr class="param"><th>Parameter #1</th></tr><tr class="param stripe"><td>{TimeForWait=5000, TestName=refreshTest, selectProperties=19VillaMira, Pondicherry, India, UserName=kancharla.p@axisrooms.com, Execute=yes, NoOfNights=2, RefreshFor=Rates , Month=, OTAs=, NoOfAdults=2, DateQuickLinks=Today, Browser=chrome, Password=Axisrooms321#, Actual Result=180000}</td></tr></table><p class="totop"><a href="#summary">back to summary</a></p>
<h3 id="m41">com.axisrooms.rateShopper.test.RefreshTestForRates#refreshTest</h3><table class="result"><tr class="param"><th>Parameter #1</th></tr><tr class="param stripe"><td>{TimeForWait=5000, TestName=refreshTest, selectProperties=Coconut Lagoon-CGH Earth, Kumarakom, India, UserName=kancharla.p@axisrooms.com, Execute=yes, NoOfNights=1, RefreshFor=Rates , Month=, OTAs=, NoOfAdults=2, DateQuickLinks=Today, Browser=chrome, Password=Axisrooms321#, Actual Result=180000}</td></tr></table><p class="totop"><a href="#summary">back to summary</a></p>
<h3 id="m42">com.axisrooms.rateShopper.test.ReportTest#reportTest</h3><table class="result"><tr class="param"><th>Parameter #1</th></tr><tr class="param stripe"><td>{TimeForWait=5000, TestName=reportTest, selectProperties=19VillaMira, Pondicherry, India, UserName=kancharla.p@axisrooms.com, Execute=yes, NoOfNights=5, RefreshFor=Rates , Month=, OTAs=, NoOfAdults=2, DateQuickLinks=Today, Browser=chrome, Password=Axisrooms321#, Actual Result=}</td></tr></table><p class="totop"><a href="#summary">back to summary</a></p>
<h3 id="m43">com.axisrooms.rateShopper.test.ReportTest#reportTest</h3><table class="result"><tr class="param"><th>Parameter #1</th></tr><tr class="param stripe"><td>{TimeForWait=5000, TestName=reportTest, selectProperties=Coconut Lagoon-CGH Earth, Kumarakom, India, UserName=kancharla.p@axisrooms.com, Execute=yes, NoOfNights=5, RefreshFor=Rates , Month=, OTAs=, NoOfAdults=2, DateQuickLinks=Today, Browser=chrome, Password=Axisrooms321#, Actual Result=}</td></tr></table><p class="totop"><a href="#summary">back to summary</a></p>
</body>
</html>
