<!DOCTYPE html>

<html>
  <head>
  <meta charset='utf-8'>
  <title>TestNG reports</title>

    <link type="text/css" href="testng-reports1.css" rel="stylesheet" id="ultra" />
    <link type="text/css" href="testng-reports.css" rel="stylesheet" id="retro" disabled="false"/>
    <script type="text/javascript" src="jquery.min.js"></script>
    <script type="text/javascript" src="testng-reports.js"></script>
    <script type="text/javascript" src="https://www.google.com/jsapi"></script>
    <script type='text/javascript'>
      google.load('visualization', '1', {packages:['table']});
      google.setOnLoadCallback(drawTable);
      var suiteTableInitFunctions = new Array();
      var suiteTableData = new Array();
    </script>
    <!--
      <script type="text/javascript" src="jquery-ui/js/jquery-ui-1.8.16.custom.min.js"></script>
     -->
  </head>

  <body>
    <div class="top-banner-root">
      <span class="top-banner-title-font">Test results</span>
      <button id="button" class="button">Switch Retro Theme</button> <!-- button -->
      <br/>
      <span class="top-banner-font-1">1 suite, 29 failed tests</span>
    </div> <!-- top-banner-root -->
    <div class="navigator-root">
      <div class="navigator-suite-header">
        <span>All suites</span>
        <a href="#" title="Collapse/expand all the suites" class="collapse-all-link">
          <img src="collapseall.gif" class="collapse-all-icon">
          </img> <!-- collapse-all-icon -->
        </a> <!-- collapse-all-link -->
      </div> <!-- navigator-suite-header -->
      <div class="suite">
        <div class="rounded-window">
          <div class="suite-header light-rounded-window-top">
            <a href="#" panel-name="suite-Suite" class="navigator-link">
              <span class="suite-name border-failed">Suite</span>
            </a> <!-- navigator-link -->
          </div> <!-- suite-header light-rounded-window-top -->
          <div class="navigator-suite-content">
            <div class="suite-section-title">
              <span>Info</span>
            </div> <!-- suite-section-title -->
            <div class="suite-section-content">
              <ul>
                <li>
                  <a href="#" panel-name="test-xml-Suite" class="navigator-link ">
                    <span>C:\Users\Sameer\git\RateShopper\testng.xml</span>
                  </a> <!-- navigator-link  -->
                </li>
                <li>
                  <a href="#" panel-name="testlist-Suite" class="navigator-link ">
                    <span class="test-stats">1 test</span>
                  </a> <!-- navigator-link  -->
                </li>
                <li>
                  <a href="#" panel-name="group-Suite" class="navigator-link ">
                    <span>0 groups</span>
                  </a> <!-- navigator-link  -->
                </li>
                <li>
                  <a href="#" panel-name="times-Suite" class="navigator-link ">
                    <span>Times</span>
                  </a> <!-- navigator-link  -->
                </li>
                <li>
                  <a href="#" panel-name="reporter-Suite" class="navigator-link ">
                    <span>Reporter output</span>
                  </a> <!-- navigator-link  -->
                </li>
                <li>
                  <a href="#" panel-name="ignored-methods-Suite" class="navigator-link ">
                    <span>Ignored methods</span>
                  </a> <!-- navigator-link  -->
                </li>
                <li>
                  <a href="#" panel-name="chronological-Suite" class="navigator-link ">
                    <span>Chronological view</span>
                  </a> <!-- navigator-link  -->
                </li>
              </ul>
            </div> <!-- suite-section-content -->
            <div class="result-section">
              <div class="suite-section-title">
                <span>Results</span>
              </div> <!-- suite-section-title -->
              <div class="suite-section-content">
                <ul>
                  <li>
                    <span class="method-stats">44 methods, 29 failed,   15 passed</span>
                  </li>
                  <li>
                    <span class="method-list-title failed">Failed methods</span>
                    <span class="show-or-hide-methods failed">
                      <a href="#" panel-name="suite-Suite" class="hide-methods failed suite-Suite"> (hide)</a> <!-- hide-methods failed suite-Suite -->
                      <a href="#" panel-name="suite-Suite" class="show-methods failed suite-Suite"> (show)</a> <!-- show-methods failed suite-Suite -->
                    </span>
                    <div class="method-list-content failed suite-Suite">
                      <span>
                        <img src="failed.png" width="3%"/>
                        <a href="#" panel-name="suite-Suite" title="com.axisrooms.rateShopper.test.FiltersTest" class="method navigator-link" hash-for-method="filtersTest({TimeForWait=5000, TestName=filtersTest, selectProperties=Coconut Lagoon-CGH Earth, Kumarakom, India...)">filtersTest({TimeForWait=5000, TestName=filtersTest, selectProperties=Coconut Lagoon-CGH Earth, Kumarakom, India...)</a> <!-- method navigator-link -->
                      </span>
                      <br/>
                      <span>
                        <img src="failed.png" width="3%"/>
                        <a href="#" panel-name="suite-Suite" title="com.axisrooms.rateShopper.test.FiltersTest" class="method navigator-link" hash-for-method="filtersTest({TimeForWait=5000, TestName=filtersTest, selectProperties=Coconut Lagoon-CGH Earth, Kumarakom, India...)">filtersTest({TimeForWait=5000, TestName=filtersTest, selectProperties=Coconut Lagoon-CGH Earth, Kumarakom, India...)</a> <!-- method navigator-link -->
                      </span>
                      <br/>
                      <span>
                        <img src="failed.png" width="3%"/>
                        <a href="#" panel-name="suite-Suite" title="com.axisrooms.rateShopper.test.FiltersTest" class="method navigator-link" hash-for-method="filtersTest({TimeForWait=5000, TestName=filtersTest, selectProperties=Coconut Lagoon-CGH Earth, Kumarakom, India...)">filtersTest({TimeForWait=5000, TestName=filtersTest, selectProperties=Coconut Lagoon-CGH Earth, Kumarakom, India...)</a> <!-- method navigator-link -->
                      </span>
                      <br/>
                      <span>
                        <img src="failed.png" width="3%"/>
                        <a href="#" panel-name="suite-Suite" title="com.axisrooms.rateShopper.test.FiltersTest" class="method navigator-link" hash-for-method="filtersTest({TimeForWait=5000, TestName=filtersTest, selectProperties=Coconut Lagoon-CGH Earth, Kumarakom, India...)">filtersTest({TimeForWait=5000, TestName=filtersTest, selectProperties=Coconut Lagoon-CGH Earth, Kumarakom, India...)</a> <!-- method navigator-link -->
                      </span>
                      <br/>
                      <span>
                        <img src="failed.png" width="3%"/>
                        <a href="#" panel-name="suite-Suite" title="com.axisrooms.rateShopper.test.FiltersTest" class="method navigator-link" hash-for-method="filtersTest({TimeForWait=5000, TestName=filtersTest, selectProperties=19VillaMira, Pondicherry, India, UserName=...)">filtersTest({TimeForWait=5000, TestName=filtersTest, selectProperties=19VillaMira, Pondicherry, India, UserName=...)</a> <!-- method navigator-link -->
                      </span>
                      <br/>
                      <span>
                        <img src="failed.png" width="3%"/>
                        <a href="#" panel-name="suite-Suite" title="com.axisrooms.rateShopper.test.FiltersTest" class="method navigator-link" hash-for-method="filtersTest({TimeForWait=5000, TestName=filtersTest, selectProperties=Coconut Lagoon-CGH Earth, Kumarakom, India...)">filtersTest({TimeForWait=5000, TestName=filtersTest, selectProperties=Coconut Lagoon-CGH Earth, Kumarakom, India...)</a> <!-- method navigator-link -->
                      </span>
                      <br/>
                      <span>
                        <img src="failed.png" width="3%"/>
                        <a href="#" panel-name="suite-Suite" title="com.axisrooms.rateShopper.test.FiltersTest" class="method navigator-link" hash-for-method="filtersTest({TimeForWait=5000, TestName=filtersTest, selectProperties=Coconut Lagoon-CGH Earth, Kumarakom, India...)">filtersTest({TimeForWait=5000, TestName=filtersTest, selectProperties=Coconut Lagoon-CGH Earth, Kumarakom, India...)</a> <!-- method navigator-link -->
                      </span>
                      <br/>
                      <span>
                        <img src="failed.png" width="3%"/>
                        <a href="#" panel-name="suite-Suite" title="com.axisrooms.rateShopper.test.FiltersTest" class="method navigator-link" hash-for-method="filtersTest({TimeForWait=5000, TestName=filtersTest, selectProperties=Coconut Lagoon-CGH Earth, Kumarakom, India...)">filtersTest({TimeForWait=5000, TestName=filtersTest, selectProperties=Coconut Lagoon-CGH Earth, Kumarakom, India...)</a> <!-- method navigator-link -->
                      </span>
                      <br/>
                      <span>
                        <img src="failed.png" width="3%"/>
                        <a href="#" panel-name="suite-Suite" title="com.axisrooms.rateShopper.test.FiltersTest" class="method navigator-link" hash-for-method="filtersTest({TimeForWait=5000, TestName=filtersTest, selectProperties=Coconut Lagoon-CGH Earth, Kumarakom, India...)">filtersTest({TimeForWait=5000, TestName=filtersTest, selectProperties=Coconut Lagoon-CGH Earth, Kumarakom, India...)</a> <!-- method navigator-link -->
                      </span>
                      <br/>
                      <span>
                        <img src="failed.png" width="3%"/>
                        <a href="#" panel-name="suite-Suite" title="com.axisrooms.rateShopper.test.RefreshTestForRates" class="method navigator-link" hash-for-method="refreshTest({TimeForWait=5000, TestName=refreshTest, selectProperties=19VillaMira, Pondicherry, India, UserName=...)">refreshTest({TimeForWait=5000, TestName=refreshTest, selectProperties=19VillaMira, Pondicherry, India, UserName=...)</a> <!-- method navigator-link -->
                      </span>
                      <br/>
                      <span>
                        <img src="failed.png" width="3%"/>
                        <a href="#" panel-name="suite-Suite" title="com.axisrooms.rateShopper.test.RefreshTestForRates" class="method navigator-link" hash-for-method="refreshTest({TimeForWait=5000, TestName=refreshTest, selectProperties=Coconut Lagoon-CGH Earth, Kumarakom, India...)">refreshTest({TimeForWait=5000, TestName=refreshTest, selectProperties=Coconut Lagoon-CGH Earth, Kumarakom, India...)</a> <!-- method navigator-link -->
                      </span>
                      <br/>
                      <span>
                        <img src="failed.png" width="3%"/>
                        <a href="#" panel-name="suite-Suite" title="com.axisrooms.rateShopper.test.RefreshTestForRates" class="method navigator-link" hash-for-method="refreshTest({TimeForWait=5000, TestName=refreshTest, selectProperties=Coconut Lagoon-CGH Earth, Kumarakom, India...)">refreshTest({TimeForWait=5000, TestName=refreshTest, selectProperties=Coconut Lagoon-CGH Earth, Kumarakom, India...)</a> <!-- method navigator-link -->
                      </span>
                      <br/>
                      <span>
                        <img src="failed.png" width="3%"/>
                        <a href="#" panel-name="suite-Suite" title="com.axisrooms.rateShopper.test.RefreshTestForRates" class="method navigator-link" hash-for-method="refreshTest({TimeForWait=5000, TestName=refreshTest, selectProperties=Casino hotel, Cochin, India, UserName=kanc...)">refreshTest({TimeForWait=5000, TestName=refreshTest, selectProperties=Casino hotel, Cochin, India, UserName=kanc...)</a> <!-- method navigator-link -->
                      </span>
                      <br/>
                      <span>
                        <img src="failed.png" width="3%"/>
                        <a href="#" panel-name="suite-Suite" title="com.axisrooms.rateShopper.test.RefreshTestForRates" class="method navigator-link" hash-for-method="refreshTest({TimeForWait=5000, TestName=refreshTest, selectProperties=Coconut Lagoon-CGH Earth, Kumarakom, India...)">refreshTest({TimeForWait=5000, TestName=refreshTest, selectProperties=Coconut Lagoon-CGH Earth, Kumarakom, India...)</a> <!-- method navigator-link -->
                      </span>
                      <br/>
                      <span>
                        <img src="failed.png" width="3%"/>
                        <a href="#" panel-name="suite-Suite" title="com.axisrooms.rateShopper.test.RefreshTestForRates" class="method navigator-link" hash-for-method="refreshTest({TimeForWait=5000, TestName=refreshTest, selectProperties=Coconut Lagoon-CGH Earth, Kumarakom, India...)">refreshTest({TimeForWait=5000, TestName=refreshTest, selectProperties=Coconut Lagoon-CGH Earth, Kumarakom, India...)</a> <!-- method navigator-link -->
                      </span>
                      <br/>
                      <span>
                        <img src="failed.png" width="3%"/>
                        <a href="#" panel-name="suite-Suite" title="com.axisrooms.rateShopper.test.RefreshTestForRates" class="method navigator-link" hash-for-method="refreshTest({TimeForWait=5000, TestName=refreshTest, selectProperties=19VillaMira, Pondicherry, India, UserName=...)">refreshTest({TimeForWait=5000, TestName=refreshTest, selectProperties=19VillaMira, Pondicherry, India, UserName=...)</a> <!-- method navigator-link -->
                      </span>
                      <br/>
                      <span>
                        <img src="failed.png" width="3%"/>
                        <a href="#" panel-name="suite-Suite" title="com.axisrooms.rateShopper.test.RefreshTestForRates" class="method navigator-link" hash-for-method="refreshTest({TimeForWait=5000, TestName=refreshTest, selectProperties=19VillaMira, Pondicherry, India, UserName=...)">refreshTest({TimeForWait=5000, TestName=refreshTest, selectProperties=19VillaMira, Pondicherry, India, UserName=...)</a> <!-- method navigator-link -->
                      </span>
                      <br/>
                      <span>
                        <img src="failed.png" width="3%"/>
                        <a href="#" panel-name="suite-Suite" title="com.axisrooms.rateShopper.test.RefreshTestForRates" class="method navigator-link" hash-for-method="refreshTest({TimeForWait=5000, TestName=refreshTest, selectProperties=Coconut Lagoon-CGH Earth, Kumarakom, India...)">refreshTest({TimeForWait=5000, TestName=refreshTest, selectProperties=Coconut Lagoon-CGH Earth, Kumarakom, India...)</a> <!-- method navigator-link -->
                      </span>
                      <br/>
                      <span>
                        <img src="failed.png" width="3%"/>
                        <a href="#" panel-name="suite-Suite" title="com.axisrooms.rateShopper.test.RefreshTestForRates" class="method navigator-link" hash-for-method="refreshTest({TimeForWait=5000, TestName=refreshTest, selectProperties=Coconut Lagoon-CGH Earth, Kumarakom, India...)">refreshTest({TimeForWait=5000, TestName=refreshTest, selectProperties=Coconut Lagoon-CGH Earth, Kumarakom, India...)</a> <!-- method navigator-link -->
                      </span>
                      <br/>
                      <span>
                        <img src="failed.png" width="3%"/>
                        <a href="#" panel-name="suite-Suite" title="com.axisrooms.rateShopper.test.RefreshTestForRates" class="method navigator-link" hash-for-method="refreshTest({TimeForWait=5000, TestName=refreshTest, selectProperties=Coconut Lagoon-CGH Earth, Kumarakom, India...)">refreshTest({TimeForWait=5000, TestName=refreshTest, selectProperties=Coconut Lagoon-CGH Earth, Kumarakom, India...)</a> <!-- method navigator-link -->
                      </span>
                      <br/>
                      <span>
                        <img src="failed.png" width="3%"/>
                        <a href="#" panel-name="suite-Suite" title="com.axisrooms.rateShopper.test.RefreshTestForRates" class="method navigator-link" hash-for-method="refreshTest({TimeForWait=5000, TestName=refreshTest, selectProperties=19VillaMira, Pondicherry, India, UserName=...)">refreshTest({TimeForWait=5000, TestName=refreshTest, selectProperties=19VillaMira, Pondicherry, India, UserName=...)</a> <!-- method navigator-link -->
                      </span>
                      <br/>
                      <span>
                        <img src="failed.png" width="3%"/>
                        <a href="#" panel-name="suite-Suite" title="com.axisrooms.rateShopper.test.RefreshTestForRates" class="method navigator-link" hash-for-method="refreshTest({TimeForWait=5000, TestName=refreshTest, selectProperties=19VillaMira, Pondicherry, India, UserName=...)">refreshTest({TimeForWait=5000, TestName=refreshTest, selectProperties=19VillaMira, Pondicherry, India, UserName=...)</a> <!-- method navigator-link -->
                      </span>
                      <br/>
                      <span>
                        <img src="failed.png" width="3%"/>
                        <a href="#" panel-name="suite-Suite" title="com.axisrooms.rateShopper.test.RefreshTestForRates" class="method navigator-link" hash-for-method="refreshTest({TimeForWait=5000, TestName=refreshTest, selectProperties=19VillaMira, Pondicherry, India, UserName=...)">refreshTest({TimeForWait=5000, TestName=refreshTest, selectProperties=19VillaMira, Pondicherry, India, UserName=...)</a> <!-- method navigator-link -->
                      </span>
                      <br/>
                      <span>
                        <img src="failed.png" width="3%"/>
                        <a href="#" panel-name="suite-Suite" title="com.axisrooms.rateShopper.test.RefreshTestForRates" class="method navigator-link" hash-for-method="refreshTest({TimeForWait=5000, TestName=refreshTest, selectProperties=19VillaMira, Pondicherry, India, UserName=...)">refreshTest({TimeForWait=5000, TestName=refreshTest, selectProperties=19VillaMira, Pondicherry, India, UserName=...)</a> <!-- method navigator-link -->
                      </span>
                      <br/>
                      <span>
                        <img src="failed.png" width="3%"/>
                        <a href="#" panel-name="suite-Suite" title="com.axisrooms.rateShopper.test.RefreshTestForRates" class="method navigator-link" hash-for-method="refreshTest({TimeForWait=5000, TestName=refreshTest, selectProperties=19VillaMira, Pondicherry, India, UserName=...)">refreshTest({TimeForWait=5000, TestName=refreshTest, selectProperties=19VillaMira, Pondicherry, India, UserName=...)</a> <!-- method navigator-link -->
                      </span>
                      <br/>
                      <span>
                        <img src="failed.png" width="3%"/>
                        <a href="#" panel-name="suite-Suite" title="com.axisrooms.rateShopper.test.RefreshTestForRates" class="method navigator-link" hash-for-method="refreshTest({TimeForWait=5000, TestName=refreshTest, selectProperties=19VillaMira, Pondicherry, India, UserName=...)">refreshTest({TimeForWait=5000, TestName=refreshTest, selectProperties=19VillaMira, Pondicherry, India, UserName=...)</a> <!-- method navigator-link -->
                      </span>
                      <br/>
                      <span>
                        <img src="failed.png" width="3%"/>
                        <a href="#" panel-name="suite-Suite" title="com.axisrooms.rateShopper.test.RefreshTestForRates" class="method navigator-link" hash-for-method="refreshTest({TimeForWait=5000, TestName=refreshTest, selectProperties=19VillaMira, Pondicherry, India, UserName=...)">refreshTest({TimeForWait=5000, TestName=refreshTest, selectProperties=19VillaMira, Pondicherry, India, UserName=...)</a> <!-- method navigator-link -->
                      </span>
                      <br/>
                      <span>
                        <img src="failed.png" width="3%"/>
                        <a href="#" panel-name="suite-Suite" title="com.axisrooms.rateShopper.test.RefreshTestForRates" class="method navigator-link" hash-for-method="refreshTest({TimeForWait=5000, TestName=refreshTest, selectProperties=Coconut Lagoon-CGH Earth, Kumarakom, India...)">refreshTest({TimeForWait=5000, TestName=refreshTest, selectProperties=Coconut Lagoon-CGH Earth, Kumarakom, India...)</a> <!-- method navigator-link -->
                      </span>
                      <br/>
                      <span>
                        <img src="failed.png" width="3%"/>
                        <a href="#" panel-name="suite-Suite" title="com.axisrooms.rateShopper.test.RefreshTestForRatesAndMobileRates" class="method navigator-link" hash-for-method="refreshTestForRatesAndMobileRates({TimeForWait=5000, TestName=refreshTestForRatesAndMobileRates, selectProperties=Coconut Lagoon-CGH E...)">refreshTestForRatesAndMobileRates({TimeForWait=5000, TestName=refreshTestForRatesAndMobileRates, selectProperties=Coconut Lagoon-CGH E...)</a> <!-- method navigator-link -->
                      </span>
                      <br/>
                    </div> <!-- method-list-content failed suite-Suite -->
                  </li>
                  <li>
                    <span class="method-list-title passed">Passed methods</span>
                    <span class="show-or-hide-methods passed">
                      <a href="#" panel-name="suite-Suite" class="hide-methods passed suite-Suite"> (hide)</a> <!-- hide-methods passed suite-Suite -->
                      <a href="#" panel-name="suite-Suite" class="show-methods passed suite-Suite"> (show)</a> <!-- show-methods passed suite-Suite -->
                    </span>
                    <div class="method-list-content passed suite-Suite">
                      <span>
                        <img src="passed.png" width="3%"/>
                        <a href="#" panel-name="suite-Suite" title="com.axisrooms.rateShopper.test.FiltersTest" class="method navigator-link" hash-for-method="filtersTest({TimeForWait=5000, TestName=filtersTest, selectProperties=19VillaMira, Pondicherry, India, UserName=...)">filtersTest({TimeForWait=5000, TestName=filtersTest, selectProperties=19VillaMira, Pondicherry, India, UserName=...)</a> <!-- method navigator-link -->
                      </span>
                      <br/>
                      <span>
                        <img src="passed.png" width="3%"/>
                        <a href="#" panel-name="suite-Suite" title="com.axisrooms.rateShopper.test.FiltersTest" class="method navigator-link" hash-for-method="filtersTest({TimeForWait=5000, TestName=filtersTest, selectProperties=19VillaMira, Pondicherry, India, UserName=...)">filtersTest({TimeForWait=5000, TestName=filtersTest, selectProperties=19VillaMira, Pondicherry, India, UserName=...)</a> <!-- method navigator-link -->
                      </span>
                      <br/>
                      <span>
                        <img src="passed.png" width="3%"/>
                        <a href="#" panel-name="suite-Suite" title="com.axisrooms.rateShopper.test.FiltersTest" class="method navigator-link" hash-for-method="filtersTest({TimeForWait=5000, TestName=filtersTest, selectProperties=19VillaMira, Pondicherry, India, UserName=...)">filtersTest({TimeForWait=5000, TestName=filtersTest, selectProperties=19VillaMira, Pondicherry, India, UserName=...)</a> <!-- method navigator-link -->
                      </span>
                      <br/>
                      <span>
                        <img src="passed.png" width="3%"/>
                        <a href="#" panel-name="suite-Suite" title="com.axisrooms.rateShopper.test.FiltersTest" class="method navigator-link" hash-for-method="filtersTest({TimeForWait=5000, TestName=filtersTest, selectProperties=19VillaMira, Pondicherry, India, UserName=...)">filtersTest({TimeForWait=5000, TestName=filtersTest, selectProperties=19VillaMira, Pondicherry, India, UserName=...)</a> <!-- method navigator-link -->
                      </span>
                      <br/>
                      <span>
                        <img src="passed.png" width="3%"/>
                        <a href="#" panel-name="suite-Suite" title="com.axisrooms.rateShopper.test.FiltersTest" class="method navigator-link" hash-for-method="filtersTest({TimeForWait=5000, TestName=filtersTest, selectProperties=19VillaMira, Pondicherry, India, UserName=...)">filtersTest({TimeForWait=5000, TestName=filtersTest, selectProperties=19VillaMira, Pondicherry, India, UserName=...)</a> <!-- method navigator-link -->
                      </span>
                      <br/>
                      <span>
                        <img src="passed.png" width="3%"/>
                        <a href="#" panel-name="suite-Suite" title="com.axisrooms.rateShopper.test.FiltersTest" class="method navigator-link" hash-for-method="filtersTest({TimeForWait=5000, TestName=filtersTest, selectProperties=19VillaMira, Pondicherry, India, UserName=...)">filtersTest({TimeForWait=5000, TestName=filtersTest, selectProperties=19VillaMira, Pondicherry, India, UserName=...)</a> <!-- method navigator-link -->
                      </span>
                      <br/>
                      <span>
                        <img src="passed.png" width="3%"/>
                        <a href="#" panel-name="suite-Suite" title="com.axisrooms.rateShopper.test.FiltersTest" class="method navigator-link" hash-for-method="filtersTest({TimeForWait=5000, TestName=filtersTest, selectProperties=19VillaMira, Pondicherry, India, UserName=...)">filtersTest({TimeForWait=5000, TestName=filtersTest, selectProperties=19VillaMira, Pondicherry, India, UserName=...)</a> <!-- method navigator-link -->
                      </span>
                      <br/>
                      <span>
                        <img src="passed.png" width="3%"/>
                        <a href="#" panel-name="suite-Suite" title="com.axisrooms.rateShopper.test.LoginTest" class="method navigator-link" hash-for-method="loginTest({TimeForWait=, TestName=loginTest, selectProperties=, UserName=kancharla.p@axisrooms.com, Execute=ye...)">loginTest({TimeForWait=, TestName=loginTest, selectProperties=, UserName=kancharla.p@axisrooms.com, Execute=ye...)</a> <!-- method navigator-link -->
                      </span>
                      <br/>
                      <span>
                        <img src="passed.png" width="3%"/>
                        <a href="#" panel-name="suite-Suite" title="com.axisrooms.rateShopper.test.RefreshTestForRates" class="method navigator-link" hash-for-method="refreshTest({TimeForWait=5000, TestName=refreshTest, selectProperties=Coconut Lagoon-CGH Earth, Kumarakom, India...)">refreshTest({TimeForWait=5000, TestName=refreshTest, selectProperties=Coconut Lagoon-CGH Earth, Kumarakom, India...)</a> <!-- method navigator-link -->
                      </span>
                      <br/>
                      <span>
                        <img src="passed.png" width="3%"/>
                        <a href="#" panel-name="suite-Suite" title="com.axisrooms.rateShopper.test.RefreshTestForRates" class="method navigator-link" hash-for-method="refreshTest({TimeForWait=5000, TestName=refreshTest, selectProperties=Coconut Lagoon-CGH Earth, Kumarakom, India...)">refreshTest({TimeForWait=5000, TestName=refreshTest, selectProperties=Coconut Lagoon-CGH Earth, Kumarakom, India...)</a> <!-- method navigator-link -->
                      </span>
                      <br/>
                      <span>
                        <img src="passed.png" width="3%"/>
                        <a href="#" panel-name="suite-Suite" title="com.axisrooms.rateShopper.test.RefreshTestForRates" class="method navigator-link" hash-for-method="refreshTest({TimeForWait=5000, TestName=refreshTest, selectProperties=19VillaMira, Pondicherry, India, UserName=...)">refreshTest({TimeForWait=5000, TestName=refreshTest, selectProperties=19VillaMira, Pondicherry, India, UserName=...)</a> <!-- method navigator-link -->
                      </span>
                      <br/>
                      <span>
                        <img src="passed.png" width="3%"/>
                        <a href="#" panel-name="suite-Suite" title="com.axisrooms.rateShopper.test.RefreshTestForRates" class="method navigator-link" hash-for-method="refreshTest({TimeForWait=5000, TestName=refreshTest, selectProperties=19VillaMira, Pondicherry, India, UserName=...)">refreshTest({TimeForWait=5000, TestName=refreshTest, selectProperties=19VillaMira, Pondicherry, India, UserName=...)</a> <!-- method navigator-link -->
                      </span>
                      <br/>
                      <span>
                        <img src="passed.png" width="3%"/>
                        <a href="#" panel-name="suite-Suite" title="com.axisrooms.rateShopper.test.RefreshTestForRates" class="method navigator-link" hash-for-method="refreshTest({TimeForWait=5000, TestName=refreshTest, selectProperties=Coconut Lagoon-CGH Earth, Kumarakom, India...)">refreshTest({TimeForWait=5000, TestName=refreshTest, selectProperties=Coconut Lagoon-CGH Earth, Kumarakom, India...)</a> <!-- method navigator-link -->
                      </span>
                      <br/>
                      <span>
                        <img src="passed.png" width="3%"/>
                        <a href="#" panel-name="suite-Suite" title="com.axisrooms.rateShopper.test.ReportTest" class="method navigator-link" hash-for-method="reportTest({TimeForWait=5000, TestName=reportTest, selectProperties=19VillaMira, Pondicherry, India, UserName=k...)">reportTest({TimeForWait=5000, TestName=reportTest, selectProperties=19VillaMira, Pondicherry, India, UserName=k...)</a> <!-- method navigator-link -->
                      </span>
                      <br/>
                      <span>
                        <img src="passed.png" width="3%"/>
                        <a href="#" panel-name="suite-Suite" title="com.axisrooms.rateShopper.test.ReportTest" class="method navigator-link" hash-for-method="reportTest({TimeForWait=5000, TestName=reportTest, selectProperties=Coconut Lagoon-CGH Earth, Kumarakom, India,...)">reportTest({TimeForWait=5000, TestName=reportTest, selectProperties=Coconut Lagoon-CGH Earth, Kumarakom, India,...)</a> <!-- method navigator-link -->
                      </span>
                      <br/>
                    </div> <!-- method-list-content passed suite-Suite -->
                  </li>
                </ul>
              </div> <!-- suite-section-content -->
            </div> <!-- result-section -->
          </div> <!-- navigator-suite-content -->
        </div> <!-- rounded-window -->
      </div> <!-- suite -->
    </div> <!-- navigator-root -->
    <div class="wrapper">
      <div class="main-panel-root">
        <div panel-name="suite-Suite" class="panel Suite">
          <div class="suite-Suite-class-failed">
            <div class="main-panel-header rounded-window-top">
              <img src="failed.png"/>
              <span class="class-name">com.axisrooms.rateShopper.test.RefreshTestForRatesAndMobileRates</span>
            </div> <!-- main-panel-header rounded-window-top -->
            <div class="main-panel-content rounded-window-bottom">
              <div class="method">
                <div class="method-content">
                  <a name="refreshTestForRatesAndMobileRates({TimeForWait=5000, TestName=refreshTestForRatesAndMobileRates, selectProperties=Coconut Lagoon-CGH E...)">
                  </a> <!-- refreshTestForRatesAndMobileRates({TimeForWait=5000, TestName=refreshTestForRatesAndMobileRates, selectProperties=Coconut Lagoon-CGH E...) -->
                  <span class="method-name">refreshTestForRatesAndMobileRates</span>
                  <span class="parameters">({TimeForWait=5000, TestName=refreshTestForRatesAndMobileRates, selectProperties=Coconut Lagoon-CGH Earth, Kumarakom, India, UserName=kancharla.p@axisrooms.com, Execute=yes, NoOfNights=1, RefreshFor=Rates , Month=, OTAs=, NoOfAdults=2, DateQuickLinks=Today, Browser=chrome, Password=Axisrooms321#, Actual Result=180000})</span>
                  <div class="stack-trace">org.openqa.selenium.ElementClickInterceptedException: element click intercepted: Element &lt;div _ngcontent-bme-23=&quot;&quot; class=&quot;pointerEnabled dropdown-toggle&quot; dropdowntoggle=&quot;&quot; id=&quot;refreshWidget&quot; aria-haspopup=&quot;true&quot; aria-expanded=&quot;false&quot;&gt;...&lt;/div&gt; is not clickable at point (516, 32). Other element would receive the click: &lt;div _ngcontent-bme-62=&quot;&quot; class=&quot;loader&quot; style=&quot;display: block;&quot;&gt;...&lt;/div&gt;
  (Session info: chrome=121.0.6167.140)
Build info: version: &apos;4.11.0&apos;, revision: &apos;040bc5406b&apos;
System info: os.name: &apos;Windows 11&apos;, os.arch: &apos;amd64&apos;, os.version: &apos;10.0&apos;, java.version: &apos;17.0.9&apos;
Driver info: org.openqa.selenium.chrome.ChromeDriver
Command: [c52761103ccf0b02927646fd02b6fb84, clickElement {id=0334AF6BD7B2705AB2D571D3786BF84F_element_154}]
Capabilities {acceptInsecureCerts: false, browserName: chrome, browserVersion: 121.0.6167.140, chrome: {chromedriverVersion: 121.0.6167.85 (3f98d690ad7e..., userDataDir: C:\Users\Sameer\AppData\Loc...}, fedcm:accounts: true, goog:chromeOptions: {debuggerAddress: localhost:59703}, networkConnectionEnabled: false, pageLoadStrategy: normal, platformName: windows, proxy: Proxy(), se:cdp: ws://localhost:59703/devtoo..., se:cdpVersion: 121.0.6167.140, setWindowRect: true, strictFileInteractability: false, timeouts: {implicit: 0, pageLoad: 300000, script: 30000}, unhandledPromptBehavior: dismiss and notify, webauthn:extension:credBlob: true, webauthn:extension:largeBlob: true, webauthn:extension:minPinLength: true, webauthn:extension:prf: true, webauthn:virtualAuthenticators: true}
Element: [[ChromeDriver: chrome on windows (c52761103ccf0b02927646fd02b6fb84)] -&gt; xpath: //div[@id=&apos;refreshWidget&apos;]]
Session ID: c52761103ccf0b02927646fd02b6fb84
	at org.openqa.selenium.remote.codec.w3c.W3CHttpResponseCodec.createException(W3CHttpResponseCodec.java:200)
	at org.openqa.selenium.remote.codec.w3c.W3CHttpResponseCodec.decode(W3CHttpResponseCodec.java:133)
	at org.openqa.selenium.remote.codec.w3c.W3CHttpResponseCodec.decode(W3CHttpResponseCodec.java:52)
	at org.openqa.selenium.remote.HttpCommandExecutor.execute(HttpCommandExecutor.java:191)
	at org.openqa.selenium.remote.service.DriverCommandExecutor.invokeExecute(DriverCommandExecutor.java:196)
	at org.openqa.selenium.remote.service.DriverCommandExecutor.execute(DriverCommandExecutor.java:171)
	at org.openqa.selenium.remote.RemoteWebDriver.execute(RemoteWebDriver.java:518)
	at org.openqa.selenium.remote.RemoteWebElement.execute(RemoteWebElement.java:224)
	at org.openqa.selenium.remote.RemoteWebElement.click(RemoteWebElement.java:77)
	at org.openqa.selenium.support.pagefactory.internal.LocatingElementHandler.invoke(LocatingElementHandler.java:51)
	at jdk.proxy2/jdk.proxy2.$Proxy18.click(Unknown Source)
	at com.axisrooms.rateShopper.pages.HomePage.clickOnRefreshButton(HomePage.java:103)
	at com.axisrooms.rateShopper.test.RefreshTestForRatesAndMobileRates.refreshTestForRatesAndMobileRates(RefreshTestForRatesAndMobileRates.java:23)
	at java.base/java.util.ArrayList.forEach(ArrayList.java:1511)
... Removed 35 stack frames
</div> <!-- stack-trace -->
                  <em>
(To check whether the user can successfully login)                  </em>
                </div> <!-- method-content -->
              </div> <!-- method -->
            </div> <!-- main-panel-content rounded-window-bottom -->
          </div> <!-- suite-Suite-class-failed -->
          <div class="suite-Suite-class-failed">
            <div class="main-panel-header rounded-window-top">
              <img src="failed.png"/>
              <span class="class-name">com.axisrooms.rateShopper.test.RefreshTestForRates</span>
            </div> <!-- main-panel-header rounded-window-top -->
            <div class="main-panel-content rounded-window-bottom">
              <div class="method">
                <div class="method-content">
                  <a name="refreshTest({TimeForWait=5000, TestName=refreshTest, selectProperties=19VillaMira, Pondicherry, India, UserName=...)">
                  </a> <!-- refreshTest({TimeForWait=5000, TestName=refreshTest, selectProperties=19VillaMira, Pondicherry, India, UserName=...) -->
                  <span class="method-name">refreshTest</span>
                  <span class="parameters">({TimeForWait=5000, TestName=refreshTest, selectProperties=19VillaMira, Pondicherry, India, UserName=kancharla.p@axisrooms.com, Execute=yes, NoOfNights=4, RefreshFor=Rates , Month=, OTAs=, NoOfAdults=1, DateQuickLinks=Today, Browser=chrome, Password=Axisrooms321#, Actual Result=180000})</span>
                  <div class="stack-trace">org.openqa.selenium.StaleElementReferenceException: stale element reference: stale element not found
  (Session info: chrome=121.0.6167.140)
For documentation on this error, please visit: https://www.selenium.dev/documentation/webdriver/troubleshooting/errors#stale-element-reference-exception
Build info: version: &apos;4.11.0&apos;, revision: &apos;040bc5406b&apos;
System info: os.name: &apos;Windows 11&apos;, os.arch: &apos;amd64&apos;, os.version: &apos;10.0&apos;, java.version: &apos;17.0.9&apos;
Driver info: org.openqa.selenium.chrome.ChromeDriver
Command: [77fb61f4d76b3a8979a0cb8b3a8fd09c, actions {actions=[org.openqa.selenium.interactions.Sequence@4f0908de]}]
Capabilities {acceptInsecureCerts: false, browserName: chrome, browserVersion: 121.0.6167.140, chrome: {chromedriverVersion: 121.0.6167.85 (3f98d690ad7e..., userDataDir: C:\Users\Sameer\AppData\Loc...}, fedcm:accounts: true, goog:chromeOptions: {debuggerAddress: localhost:59918}, networkConnectionEnabled: false, pageLoadStrategy: normal, platformName: windows, proxy: Proxy(), se:cdp: ws://localhost:59918/devtoo..., se:cdpVersion: 121.0.6167.140, setWindowRect: true, strictFileInteractability: false, timeouts: {implicit: 0, pageLoad: 300000, script: 30000}, unhandledPromptBehavior: dismiss and notify, webauthn:extension:credBlob: true, webauthn:extension:largeBlob: true, webauthn:extension:minPinLength: true, webauthn:extension:prf: true, webauthn:virtualAuthenticators: true}
Session ID: 77fb61f4d76b3a8979a0cb8b3a8fd09c
	at org.openqa.selenium.remote.codec.w3c.W3CHttpResponseCodec.createException(W3CHttpResponseCodec.java:200)
	at org.openqa.selenium.remote.codec.w3c.W3CHttpResponseCodec.decode(W3CHttpResponseCodec.java:133)
	at org.openqa.selenium.remote.codec.w3c.W3CHttpResponseCodec.decode(W3CHttpResponseCodec.java:52)
	at org.openqa.selenium.remote.HttpCommandExecutor.execute(HttpCommandExecutor.java:191)
	at org.openqa.selenium.remote.service.DriverCommandExecutor.invokeExecute(DriverCommandExecutor.java:196)
	at org.openqa.selenium.remote.service.DriverCommandExecutor.execute(DriverCommandExecutor.java:171)
	at org.openqa.selenium.remote.RemoteWebDriver.execute(RemoteWebDriver.java:518)
	at org.openqa.selenium.remote.RemoteWebDriver.perform(RemoteWebDriver.java:604)
	at org.openqa.selenium.interactions.Actions$BuiltAction.perform(Actions.java:605)
	at com.axisrooms.rateShopper.utils.ActionsClassUtils.mouseHoverActions(ActionsClassUtils.java:15)
	at com.axisrooms.rateShopper.pages.HomePage.MouseHoverOnGraphCircle(HomePage.java:207)
	at com.axisrooms.rateShopper.test.RefreshTestForRates.refreshTest(RefreshTestForRates.java:44)
	at java.base/java.util.ArrayList.forEach(ArrayList.java:1511)
... Removed 32 stack frames
</div> <!-- stack-trace -->
                  <em>
(To check whether the user can successfully login)                  </em>
                </div> <!-- method-content -->
              </div> <!-- method -->
              <div class="method">
                <div class="method-content">
                  <a name="refreshTest({TimeForWait=5000, TestName=refreshTest, selectProperties=Coconut Lagoon-CGH Earth, Kumarakom, India...)">
                  </a> <!-- refreshTest({TimeForWait=5000, TestName=refreshTest, selectProperties=Coconut Lagoon-CGH Earth, Kumarakom, India...) -->
                  <span class="method-name">refreshTest</span>
                  <span class="parameters">({TimeForWait=5000, TestName=refreshTest, selectProperties=Coconut Lagoon-CGH Earth, Kumarakom, India, UserName=kancharla.p@axisrooms.com, Execute=yes, NoOfNights=2, RefreshFor=Rates , Month=, OTAs=, NoOfAdults=2, DateQuickLinks=Today, Browser=chrome, Password=Axisrooms321#, Actual Result=180000})</span>
                  <div class="stack-trace">org.openqa.selenium.NoSuchElementException: no such element: No node with given id found
  (Session info: chrome=121.0.6167.140)
For documentation on this error, please visit: https://www.selenium.dev/documentation/webdriver/troubleshooting/errors#no-such-element-exception
Build info: version: &apos;4.11.0&apos;, revision: &apos;040bc5406b&apos;
System info: os.name: &apos;Windows 11&apos;, os.arch: &apos;amd64&apos;, os.version: &apos;10.0&apos;, java.version: &apos;17.0.9&apos;
Driver info: org.openqa.selenium.chrome.ChromeDriver
Command: [5eb55e6095c5a32b52c6b46a82f137c8, actions {actions=[org.openqa.selenium.interactions.Sequence@47d70462]}]
Capabilities {acceptInsecureCerts: false, browserName: chrome, browserVersion: 121.0.6167.140, chrome: {chromedriverVersion: 121.0.6167.85 (3f98d690ad7e..., userDataDir: C:\Users\Sameer\AppData\Loc...}, fedcm:accounts: true, goog:chromeOptions: {debuggerAddress: localhost:60597}, networkConnectionEnabled: false, pageLoadStrategy: normal, platformName: windows, proxy: Proxy(), se:cdp: ws://localhost:60597/devtoo..., se:cdpVersion: 121.0.6167.140, setWindowRect: true, strictFileInteractability: false, timeouts: {implicit: 0, pageLoad: 300000, script: 30000}, unhandledPromptBehavior: dismiss and notify, webauthn:extension:credBlob: true, webauthn:extension:largeBlob: true, webauthn:extension:minPinLength: true, webauthn:extension:prf: true, webauthn:virtualAuthenticators: true}
Session ID: 5eb55e6095c5a32b52c6b46a82f137c8
	at org.openqa.selenium.remote.codec.w3c.W3CHttpResponseCodec.createException(W3CHttpResponseCodec.java:200)
	at org.openqa.selenium.remote.codec.w3c.W3CHttpResponseCodec.decode(W3CHttpResponseCodec.java:133)
	at org.openqa.selenium.remote.codec.w3c.W3CHttpResponseCodec.decode(W3CHttpResponseCodec.java:52)
	at org.openqa.selenium.remote.HttpCommandExecutor.execute(HttpCommandExecutor.java:191)
	at org.openqa.selenium.remote.service.DriverCommandExecutor.invokeExecute(DriverCommandExecutor.java:196)
	at org.openqa.selenium.remote.service.DriverCommandExecutor.execute(DriverCommandExecutor.java:171)
	at org.openqa.selenium.remote.RemoteWebDriver.execute(RemoteWebDriver.java:518)
	at org.openqa.selenium.remote.RemoteWebDriver.perform(RemoteWebDriver.java:604)
	at org.openqa.selenium.interactions.Actions$BuiltAction.perform(Actions.java:605)
	at com.axisrooms.rateShopper.utils.ActionsClassUtils.mouseHoverActions(ActionsClassUtils.java:15)
	at com.axisrooms.rateShopper.pages.HomePage.MouseHoverOnGraphCircle(HomePage.java:207)
	at com.axisrooms.rateShopper.test.RefreshTestForRates.refreshTest(RefreshTestForRates.java:44)
	at java.base/java.util.ArrayList.forEach(ArrayList.java:1511)
... Removed 31 stack frames
</div> <!-- stack-trace -->
                  <em>
(To check whether the user can successfully login)                  </em>
                </div> <!-- method-content -->
              </div> <!-- method -->
              <div class="method">
                <div class="method-content">
                  <a name="refreshTest({TimeForWait=5000, TestName=refreshTest, selectProperties=Coconut Lagoon-CGH Earth, Kumarakom, India...)">
                  </a> <!-- refreshTest({TimeForWait=5000, TestName=refreshTest, selectProperties=Coconut Lagoon-CGH Earth, Kumarakom, India...) -->
                  <span class="method-name">refreshTest</span>
                  <span class="parameters">({TimeForWait=5000, TestName=refreshTest, selectProperties=Coconut Lagoon-CGH Earth, Kumarakom, India, UserName=kancharla.p@axisrooms.com, Execute=yes, NoOfNights=4, RefreshFor=Rates , Month=, OTAs=, NoOfAdults=2, DateQuickLinks=Today, Browser=chrome, Password=Axisrooms321#, Actual Result=180000})</span>
                  <div class="stack-trace">org.openqa.selenium.StaleElementReferenceException: stale element reference: stale element not found
  (Session info: chrome=121.0.6167.140)
For documentation on this error, please visit: https://www.selenium.dev/documentation/webdriver/troubleshooting/errors#stale-element-reference-exception
Build info: version: &apos;4.11.0&apos;, revision: &apos;040bc5406b&apos;
System info: os.name: &apos;Windows 11&apos;, os.arch: &apos;amd64&apos;, os.version: &apos;10.0&apos;, java.version: &apos;17.0.9&apos;
Driver info: org.openqa.selenium.chrome.ChromeDriver
Command: [7279c0d7d1b8bfc83ac06b073abc4a4b, actions {actions=[org.openqa.selenium.interactions.Sequence@1c79e82c]}]
Capabilities {acceptInsecureCerts: false, browserName: chrome, browserVersion: 121.0.6167.140, chrome: {chromedriverVersion: 121.0.6167.85 (3f98d690ad7e..., userDataDir: C:\Users\Sameer\AppData\Loc...}, fedcm:accounts: true, goog:chromeOptions: {debuggerAddress: localhost:60709}, networkConnectionEnabled: false, pageLoadStrategy: normal, platformName: windows, proxy: Proxy(), se:cdp: ws://localhost:60709/devtoo..., se:cdpVersion: 121.0.6167.140, setWindowRect: true, strictFileInteractability: false, timeouts: {implicit: 0, pageLoad: 300000, script: 30000}, unhandledPromptBehavior: dismiss and notify, webauthn:extension:credBlob: true, webauthn:extension:largeBlob: true, webauthn:extension:minPinLength: true, webauthn:extension:prf: true, webauthn:virtualAuthenticators: true}
Session ID: 7279c0d7d1b8bfc83ac06b073abc4a4b
	at org.openqa.selenium.remote.codec.w3c.W3CHttpResponseCodec.createException(W3CHttpResponseCodec.java:200)
	at org.openqa.selenium.remote.codec.w3c.W3CHttpResponseCodec.decode(W3CHttpResponseCodec.java:133)
	at org.openqa.selenium.remote.codec.w3c.W3CHttpResponseCodec.decode(W3CHttpResponseCodec.java:52)
	at org.openqa.selenium.remote.HttpCommandExecutor.execute(HttpCommandExecutor.java:191)
	at org.openqa.selenium.remote.service.DriverCommandExecutor.invokeExecute(DriverCommandExecutor.java:196)
	at org.openqa.selenium.remote.service.DriverCommandExecutor.execute(DriverCommandExecutor.java:171)
	at org.openqa.selenium.remote.RemoteWebDriver.execute(RemoteWebDriver.java:518)
	at org.openqa.selenium.remote.RemoteWebDriver.perform(RemoteWebDriver.java:604)
	at org.openqa.selenium.interactions.Actions$BuiltAction.perform(Actions.java:605)
	at com.axisrooms.rateShopper.utils.ActionsClassUtils.mouseHoverActions(ActionsClassUtils.java:15)
	at com.axisrooms.rateShopper.pages.HomePage.MouseHoverOnGraphCircle(HomePage.java:207)
	at com.axisrooms.rateShopper.test.RefreshTestForRates.refreshTest(RefreshTestForRates.java:44)
	at java.base/java.util.ArrayList.forEach(ArrayList.java:1511)
... Removed 31 stack frames
</div> <!-- stack-trace -->
                  <em>
(To check whether the user can successfully login)                  </em>
                </div> <!-- method-content -->
              </div> <!-- method -->
              <div class="method">
                <div class="method-content">
                  <a name="refreshTest({TimeForWait=5000, TestName=refreshTest, selectProperties=Casino hotel, Cochin, India, UserName=kanc...)">
                  </a> <!-- refreshTest({TimeForWait=5000, TestName=refreshTest, selectProperties=Casino hotel, Cochin, India, UserName=kanc...) -->
                  <span class="method-name">refreshTest</span>
                  <span class="parameters">({TimeForWait=5000, TestName=refreshTest, selectProperties=Casino hotel, Cochin, India, UserName=kancharla.p@axisrooms.com, Execute=yes, NoOfNights=1, RefreshFor=Rates , Month=, OTAs=, NoOfAdults=1, DateQuickLinks=Today, Browser=chrome, Password=Axisrooms321#, Actual Result=180000})</span>
                  <div class="stack-trace">org.openqa.selenium.StaleElementReferenceException: stale element reference: stale element not found
  (Session info: chrome=121.0.6167.140)
For documentation on this error, please visit: https://www.selenium.dev/documentation/webdriver/troubleshooting/errors#stale-element-reference-exception
Build info: version: &apos;4.11.0&apos;, revision: &apos;040bc5406b&apos;
System info: os.name: &apos;Windows 11&apos;, os.arch: &apos;amd64&apos;, os.version: &apos;10.0&apos;, java.version: &apos;17.0.9&apos;
Driver info: org.openqa.selenium.chrome.ChromeDriver
Command: [3d87daccb6ba77c7ddef7d003615b349, actions {actions=[org.openqa.selenium.interactions.Sequence@5352625]}]
Capabilities {acceptInsecureCerts: false, browserName: chrome, browserVersion: 121.0.6167.140, chrome: {chromedriverVersion: 121.0.6167.85 (3f98d690ad7e..., userDataDir: C:\Users\Sameer\AppData\Loc...}, fedcm:accounts: true, goog:chromeOptions: {debuggerAddress: localhost:59755}, networkConnectionEnabled: false, pageLoadStrategy: normal, platformName: windows, proxy: Proxy(), se:cdp: ws://localhost:59755/devtoo..., se:cdpVersion: 121.0.6167.140, setWindowRect: true, strictFileInteractability: false, timeouts: {implicit: 0, pageLoad: 300000, script: 30000}, unhandledPromptBehavior: dismiss and notify, webauthn:extension:credBlob: true, webauthn:extension:largeBlob: true, webauthn:extension:minPinLength: true, webauthn:extension:prf: true, webauthn:virtualAuthenticators: true}
Session ID: 3d87daccb6ba77c7ddef7d003615b349
	at org.openqa.selenium.remote.codec.w3c.W3CHttpResponseCodec.createException(W3CHttpResponseCodec.java:200)
	at org.openqa.selenium.remote.codec.w3c.W3CHttpResponseCodec.decode(W3CHttpResponseCodec.java:133)
	at org.openqa.selenium.remote.codec.w3c.W3CHttpResponseCodec.decode(W3CHttpResponseCodec.java:52)
	at org.openqa.selenium.remote.HttpCommandExecutor.execute(HttpCommandExecutor.java:191)
	at org.openqa.selenium.remote.service.DriverCommandExecutor.invokeExecute(DriverCommandExecutor.java:196)
	at org.openqa.selenium.remote.service.DriverCommandExecutor.execute(DriverCommandExecutor.java:171)
	at org.openqa.selenium.remote.RemoteWebDriver.execute(RemoteWebDriver.java:518)
	at org.openqa.selenium.remote.RemoteWebDriver.perform(RemoteWebDriver.java:604)
	at org.openqa.selenium.interactions.Actions$BuiltAction.perform(Actions.java:605)
	at com.axisrooms.rateShopper.utils.ActionsClassUtils.mouseHoverActions(ActionsClassUtils.java:15)
	at com.axisrooms.rateShopper.pages.HomePage.MouseHoverOnGraphCircle(HomePage.java:207)
	at com.axisrooms.rateShopper.test.RefreshTestForRates.refreshTest(RefreshTestForRates.java:44)
	at java.base/java.util.ArrayList.forEach(ArrayList.java:1511)
... Removed 32 stack frames
</div> <!-- stack-trace -->
                  <em>
(To check whether the user can successfully login)                  </em>
                </div> <!-- method-content -->
              </div> <!-- method -->
              <div class="method">
                <div class="method-content">
                  <a name="refreshTest({TimeForWait=5000, TestName=refreshTest, selectProperties=Coconut Lagoon-CGH Earth, Kumarakom, India...)">
                  </a> <!-- refreshTest({TimeForWait=5000, TestName=refreshTest, selectProperties=Coconut Lagoon-CGH Earth, Kumarakom, India...) -->
                  <span class="method-name">refreshTest</span>
                  <span class="parameters">({TimeForWait=5000, TestName=refreshTest, selectProperties=Coconut Lagoon-CGH Earth, Kumarakom, India, UserName=kancharla.p@axisrooms.com, Execute=yes, NoOfNights=5, RefreshFor=Rates , Month=, OTAs=, NoOfAdults=1, DateQuickLinks=Today, Browser=chrome, Password=Axisrooms321#, Actual Result=333000})</span>
                  <div class="stack-trace">org.openqa.selenium.StaleElementReferenceException: stale element reference: stale element not found
  (Session info: chrome=121.0.6167.140)
For documentation on this error, please visit: https://www.selenium.dev/documentation/webdriver/troubleshooting/errors#stale-element-reference-exception
Build info: version: &apos;4.11.0&apos;, revision: &apos;040bc5406b&apos;
System info: os.name: &apos;Windows 11&apos;, os.arch: &apos;amd64&apos;, os.version: &apos;10.0&apos;, java.version: &apos;17.0.9&apos;
Driver info: org.openqa.selenium.chrome.ChromeDriver
Command: [d00175aa09f6dbb96f0ece47ccf1b16d, actions {actions=[org.openqa.selenium.interactions.Sequence@5e5283a4]}]
Capabilities {acceptInsecureCerts: false, browserName: chrome, browserVersion: 121.0.6167.140, chrome: {chromedriverVersion: 121.0.6167.85 (3f98d690ad7e..., userDataDir: C:\Users\Sameer\AppData\Loc...}, fedcm:accounts: true, goog:chromeOptions: {debuggerAddress: localhost:59973}, networkConnectionEnabled: false, pageLoadStrategy: normal, platformName: windows, proxy: Proxy(), se:cdp: ws://localhost:59973/devtoo..., se:cdpVersion: 121.0.6167.140, setWindowRect: true, strictFileInteractability: false, timeouts: {implicit: 0, pageLoad: 300000, script: 30000}, unhandledPromptBehavior: dismiss and notify, webauthn:extension:credBlob: true, webauthn:extension:largeBlob: true, webauthn:extension:minPinLength: true, webauthn:extension:prf: true, webauthn:virtualAuthenticators: true}
Session ID: d00175aa09f6dbb96f0ece47ccf1b16d
	at org.openqa.selenium.remote.codec.w3c.W3CHttpResponseCodec.createException(W3CHttpResponseCodec.java:200)
	at org.openqa.selenium.remote.codec.w3c.W3CHttpResponseCodec.decode(W3CHttpResponseCodec.java:133)
	at org.openqa.selenium.remote.codec.w3c.W3CHttpResponseCodec.decode(W3CHttpResponseCodec.java:52)
	at org.openqa.selenium.remote.HttpCommandExecutor.execute(HttpCommandExecutor.java:191)
	at org.openqa.selenium.remote.service.DriverCommandExecutor.invokeExecute(DriverCommandExecutor.java:196)
	at org.openqa.selenium.remote.service.DriverCommandExecutor.execute(DriverCommandExecutor.java:171)
	at org.openqa.selenium.remote.RemoteWebDriver.execute(RemoteWebDriver.java:518)
	at org.openqa.selenium.remote.RemoteWebDriver.perform(RemoteWebDriver.java:604)
	at org.openqa.selenium.interactions.Actions$BuiltAction.perform(Actions.java:605)
	at com.axisrooms.rateShopper.utils.ActionsClassUtils.mouseHoverActions(ActionsClassUtils.java:15)
	at com.axisrooms.rateShopper.pages.HomePage.MouseHoverOnGraphCircle(HomePage.java:207)
	at com.axisrooms.rateShopper.test.RefreshTestForRates.refreshTest(RefreshTestForRates.java:44)
	at java.base/java.util.ArrayList.forEach(ArrayList.java:1511)
... Removed 32 stack frames
</div> <!-- stack-trace -->
                  <em>
(To check whether the user can successfully login)                  </em>
                </div> <!-- method-content -->
              </div> <!-- method -->
              <div class="method">
                <div class="method-content">
                  <a name="refreshTest({TimeForWait=5000, TestName=refreshTest, selectProperties=Coconut Lagoon-CGH Earth, Kumarakom, India...)">
                  </a> <!-- refreshTest({TimeForWait=5000, TestName=refreshTest, selectProperties=Coconut Lagoon-CGH Earth, Kumarakom, India...) -->
                  <span class="method-name">refreshTest</span>
                  <span class="parameters">({TimeForWait=5000, TestName=refreshTest, selectProperties=Coconut Lagoon-CGH Earth, Kumarakom, India, UserName=kancharla.p@axisrooms.com, Execute=yes, NoOfNights=4, RefreshFor=Rates , Month=, OTAs=, NoOfAdults=2, DateQuickLinks=Today, Browser=chrome, Password=Axisrooms321#, Actual Result=180000})</span>
                  <div class="stack-trace">org.openqa.selenium.StaleElementReferenceException: stale element reference: stale element not found
  (Session info: chrome=121.0.6167.140)
For documentation on this error, please visit: https://www.selenium.dev/documentation/webdriver/troubleshooting/errors#stale-element-reference-exception
Build info: version: &apos;4.11.0&apos;, revision: &apos;040bc5406b&apos;
System info: os.name: &apos;Windows 11&apos;, os.arch: &apos;amd64&apos;, os.version: &apos;10.0&apos;, java.version: &apos;17.0.9&apos;
Driver info: org.openqa.selenium.chrome.ChromeDriver
Command: [73fb4b640cf7cd6d42236188daa4936d, actions {actions=[org.openqa.selenium.interactions.Sequence@4e10099e]}]
Capabilities {acceptInsecureCerts: false, browserName: chrome, browserVersion: 121.0.6167.140, chrome: {chromedriverVersion: 121.0.6167.85 (3f98d690ad7e..., userDataDir: C:\Users\Sameer\AppData\Loc...}, fedcm:accounts: true, goog:chromeOptions: {debuggerAddress: localhost:60199}, networkConnectionEnabled: false, pageLoadStrategy: normal, platformName: windows, proxy: Proxy(), se:cdp: ws://localhost:60199/devtoo..., se:cdpVersion: 121.0.6167.140, setWindowRect: true, strictFileInteractability: false, timeouts: {implicit: 0, pageLoad: 300000, script: 30000}, unhandledPromptBehavior: dismiss and notify, webauthn:extension:credBlob: true, webauthn:extension:largeBlob: true, webauthn:extension:minPinLength: true, webauthn:extension:prf: true, webauthn:virtualAuthenticators: true}
Session ID: 73fb4b640cf7cd6d42236188daa4936d
	at org.openqa.selenium.remote.codec.w3c.W3CHttpResponseCodec.createException(W3CHttpResponseCodec.java:200)
	at org.openqa.selenium.remote.codec.w3c.W3CHttpResponseCodec.decode(W3CHttpResponseCodec.java:133)
	at org.openqa.selenium.remote.codec.w3c.W3CHttpResponseCodec.decode(W3CHttpResponseCodec.java:52)
	at org.openqa.selenium.remote.HttpCommandExecutor.execute(HttpCommandExecutor.java:191)
	at org.openqa.selenium.remote.service.DriverCommandExecutor.invokeExecute(DriverCommandExecutor.java:196)
	at org.openqa.selenium.remote.service.DriverCommandExecutor.execute(DriverCommandExecutor.java:171)
	at org.openqa.selenium.remote.RemoteWebDriver.execute(RemoteWebDriver.java:518)
	at org.openqa.selenium.remote.RemoteWebDriver.perform(RemoteWebDriver.java:604)
	at org.openqa.selenium.interactions.Actions$BuiltAction.perform(Actions.java:605)
	at com.axisrooms.rateShopper.utils.ActionsClassUtils.mouseHoverActions(ActionsClassUtils.java:15)
	at com.axisrooms.rateShopper.pages.HomePage.MouseHoverOnGraphCircle(HomePage.java:207)
	at com.axisrooms.rateShopper.test.RefreshTestForRates.refreshTest(RefreshTestForRates.java:44)
	at java.base/java.util.ArrayList.forEach(ArrayList.java:1511)
... Removed 32 stack frames
</div> <!-- stack-trace -->
                  <em>
(To check whether the user can successfully login)                  </em>
                </div> <!-- method-content -->
              </div> <!-- method -->
              <div class="method">
                <div class="method-content">
                  <a name="refreshTest({TimeForWait=5000, TestName=refreshTest, selectProperties=19VillaMira, Pondicherry, India, UserName=...)">
                  </a> <!-- refreshTest({TimeForWait=5000, TestName=refreshTest, selectProperties=19VillaMira, Pondicherry, India, UserName=...) -->
                  <span class="method-name">refreshTest</span>
                  <span class="parameters">({TimeForWait=5000, TestName=refreshTest, selectProperties=19VillaMira, Pondicherry, India, UserName=kancharla.p@axisrooms.com, Execute=yes, NoOfNights=1, RefreshFor=Rates , Month=, OTAs=, NoOfAdults=2, DateQuickLinks=Today, Browser=chrome, Password=Axisrooms321#, Actual Result=180000})</span>
                  <div class="stack-trace">org.openqa.selenium.StaleElementReferenceException: stale element reference: stale element not found
  (Session info: chrome=121.0.6167.140)
For documentation on this error, please visit: https://www.selenium.dev/documentation/webdriver/troubleshooting/errors#stale-element-reference-exception
Build info: version: &apos;4.11.0&apos;, revision: &apos;040bc5406b&apos;
System info: os.name: &apos;Windows 11&apos;, os.arch: &apos;amd64&apos;, os.version: &apos;10.0&apos;, java.version: &apos;17.0.9&apos;
Driver info: org.openqa.selenium.chrome.ChromeDriver
Command: [504ba2a47fbd218cd57ae5386e2880e4, actions {actions=[org.openqa.selenium.interactions.Sequence@62785afd]}]
Capabilities {acceptInsecureCerts: false, browserName: chrome, browserVersion: 121.0.6167.140, chrome: {chromedriverVersion: 121.0.6167.85 (3f98d690ad7e..., userDataDir: C:\Users\Sameer\AppData\Loc...}, fedcm:accounts: true, goog:chromeOptions: {debuggerAddress: localhost:60029}, networkConnectionEnabled: false, pageLoadStrategy: normal, platformName: windows, proxy: Proxy(), se:cdp: ws://localhost:60029/devtoo..., se:cdpVersion: 121.0.6167.140, setWindowRect: true, strictFileInteractability: false, timeouts: {implicit: 0, pageLoad: 300000, script: 30000}, unhandledPromptBehavior: dismiss and notify, webauthn:extension:credBlob: true, webauthn:extension:largeBlob: true, webauthn:extension:minPinLength: true, webauthn:extension:prf: true, webauthn:virtualAuthenticators: true}
Session ID: 504ba2a47fbd218cd57ae5386e2880e4
	at org.openqa.selenium.remote.codec.w3c.W3CHttpResponseCodec.createException(W3CHttpResponseCodec.java:200)
	at org.openqa.selenium.remote.codec.w3c.W3CHttpResponseCodec.decode(W3CHttpResponseCodec.java:133)
	at org.openqa.selenium.remote.codec.w3c.W3CHttpResponseCodec.decode(W3CHttpResponseCodec.java:52)
	at org.openqa.selenium.remote.HttpCommandExecutor.execute(HttpCommandExecutor.java:191)
	at org.openqa.selenium.remote.service.DriverCommandExecutor.invokeExecute(DriverCommandExecutor.java:196)
	at org.openqa.selenium.remote.service.DriverCommandExecutor.execute(DriverCommandExecutor.java:171)
	at org.openqa.selenium.remote.RemoteWebDriver.execute(RemoteWebDriver.java:518)
	at org.openqa.selenium.remote.RemoteWebDriver.perform(RemoteWebDriver.java:604)
	at org.openqa.selenium.interactions.Actions$BuiltAction.perform(Actions.java:605)
	at com.axisrooms.rateShopper.utils.ActionsClassUtils.mouseHoverActions(ActionsClassUtils.java:15)
	at com.axisrooms.rateShopper.pages.HomePage.MouseHoverOnGraphCircle(HomePage.java:207)
	at com.axisrooms.rateShopper.test.RefreshTestForRates.refreshTest(RefreshTestForRates.java:44)
	at java.base/java.util.ArrayList.forEach(ArrayList.java:1511)
... Removed 32 stack frames
</div> <!-- stack-trace -->
                  <em>
(To check whether the user can successfully login)                  </em>
                </div> <!-- method-content -->
              </div> <!-- method -->
              <div class="method">
                <div class="method-content">
                  <a name="refreshTest({TimeForWait=5000, TestName=refreshTest, selectProperties=19VillaMira, Pondicherry, India, UserName=...)">
                  </a> <!-- refreshTest({TimeForWait=5000, TestName=refreshTest, selectProperties=19VillaMira, Pondicherry, India, UserName=...) -->
                  <span class="method-name">refreshTest</span>
                  <span class="parameters">({TimeForWait=5000, TestName=refreshTest, selectProperties=19VillaMira, Pondicherry, India, UserName=kancharla.p@axisrooms.com, Execute=yes, NoOfNights=4, RefreshFor=Rates , Month=, OTAs=, NoOfAdults=2, DateQuickLinks=Today, Browser=chrome, Password=Axisrooms321#, Actual Result=180000})</span>
                  <div class="stack-trace">org.openqa.selenium.StaleElementReferenceException: stale element reference: stale element not found
  (Session info: chrome=121.0.6167.140)
For documentation on this error, please visit: https://www.selenium.dev/documentation/webdriver/troubleshooting/errors#stale-element-reference-exception
Build info: version: &apos;4.11.0&apos;, revision: &apos;040bc5406b&apos;
System info: os.name: &apos;Windows 11&apos;, os.arch: &apos;amd64&apos;, os.version: &apos;10.0&apos;, java.version: &apos;17.0.9&apos;
Driver info: org.openqa.selenium.chrome.ChromeDriver
Command: [c710c15b7d5d564321229d9aa9c80aab, actions {actions=[org.openqa.selenium.interactions.Sequence@15193a44]}]
Capabilities {acceptInsecureCerts: false, browserName: chrome, browserVersion: 121.0.6167.140, chrome: {chromedriverVersion: 121.0.6167.85 (3f98d690ad7e..., userDataDir: C:\Users\Sameer\AppData\Loc...}, fedcm:accounts: true, goog:chromeOptions: {debuggerAddress: localhost:60422}, networkConnectionEnabled: false, pageLoadStrategy: normal, platformName: windows, proxy: Proxy(), se:cdp: ws://localhost:60422/devtoo..., se:cdpVersion: 121.0.6167.140, setWindowRect: true, strictFileInteractability: false, timeouts: {implicit: 0, pageLoad: 300000, script: 30000}, unhandledPromptBehavior: dismiss and notify, webauthn:extension:credBlob: true, webauthn:extension:largeBlob: true, webauthn:extension:minPinLength: true, webauthn:extension:prf: true, webauthn:virtualAuthenticators: true}
Session ID: c710c15b7d5d564321229d9aa9c80aab
	at org.openqa.selenium.remote.codec.w3c.W3CHttpResponseCodec.createException(W3CHttpResponseCodec.java:200)
	at org.openqa.selenium.remote.codec.w3c.W3CHttpResponseCodec.decode(W3CHttpResponseCodec.java:133)
	at org.openqa.selenium.remote.codec.w3c.W3CHttpResponseCodec.decode(W3CHttpResponseCodec.java:52)
	at org.openqa.selenium.remote.HttpCommandExecutor.execute(HttpCommandExecutor.java:191)
	at org.openqa.selenium.remote.service.DriverCommandExecutor.invokeExecute(DriverCommandExecutor.java:196)
	at org.openqa.selenium.remote.service.DriverCommandExecutor.execute(DriverCommandExecutor.java:171)
	at org.openqa.selenium.remote.RemoteWebDriver.execute(RemoteWebDriver.java:518)
	at org.openqa.selenium.remote.RemoteWebDriver.perform(RemoteWebDriver.java:604)
	at org.openqa.selenium.interactions.Actions$BuiltAction.perform(Actions.java:605)
	at com.axisrooms.rateShopper.utils.ActionsClassUtils.mouseHoverActions(ActionsClassUtils.java:15)
	at com.axisrooms.rateShopper.pages.HomePage.MouseHoverOnGraphCircle(HomePage.java:207)
	at com.axisrooms.rateShopper.test.RefreshTestForRates.refreshTest(RefreshTestForRates.java:44)
	at java.base/java.util.ArrayList.forEach(ArrayList.java:1511)
... Removed 32 stack frames
</div> <!-- stack-trace -->
                  <em>
(To check whether the user can successfully login)                  </em>
                </div> <!-- method-content -->
              </div> <!-- method -->
              <div class="method">
                <div class="method-content">
                  <a name="refreshTest({TimeForWait=5000, TestName=refreshTest, selectProperties=Coconut Lagoon-CGH Earth, Kumarakom, India...)">
                  </a> <!-- refreshTest({TimeForWait=5000, TestName=refreshTest, selectProperties=Coconut Lagoon-CGH Earth, Kumarakom, India...) -->
                  <span class="method-name">refreshTest</span>
                  <span class="parameters">({TimeForWait=5000, TestName=refreshTest, selectProperties=Coconut Lagoon-CGH Earth, Kumarakom, India, UserName=kancharla.p@axisrooms.com, Execute=yes, NoOfNights=3, RefreshFor=Rates , Month=, OTAs=, NoOfAdults=2, DateQuickLinks=Today, Browser=chrome, Password=Axisrooms321#, Actual Result=180000})</span>
                  <div class="stack-trace">org.openqa.selenium.NoSuchElementException: no such element: No node with given id found
  (Session info: chrome=121.0.6167.140)
For documentation on this error, please visit: https://www.selenium.dev/documentation/webdriver/troubleshooting/errors#no-such-element-exception
Build info: version: &apos;4.11.0&apos;, revision: &apos;040bc5406b&apos;
System info: os.name: &apos;Windows 11&apos;, os.arch: &apos;amd64&apos;, os.version: &apos;10.0&apos;, java.version: &apos;17.0.9&apos;
Driver info: org.openqa.selenium.chrome.ChromeDriver
Command: [cbfe1a3013720a06b959e7a535da03b6, actions {actions=[org.openqa.selenium.interactions.Sequence@768c521]}]
Capabilities {acceptInsecureCerts: false, browserName: chrome, browserVersion: 121.0.6167.140, chrome: {chromedriverVersion: 121.0.6167.85 (3f98d690ad7e..., userDataDir: C:\Users\Sameer\AppData\Loc...}, fedcm:accounts: true, goog:chromeOptions: {debuggerAddress: localhost:60366}, networkConnectionEnabled: false, pageLoadStrategy: normal, platformName: windows, proxy: Proxy(), se:cdp: ws://localhost:60366/devtoo..., se:cdpVersion: 121.0.6167.140, setWindowRect: true, strictFileInteractability: false, timeouts: {implicit: 0, pageLoad: 300000, script: 30000}, unhandledPromptBehavior: dismiss and notify, webauthn:extension:credBlob: true, webauthn:extension:largeBlob: true, webauthn:extension:minPinLength: true, webauthn:extension:prf: true, webauthn:virtualAuthenticators: true}
Session ID: cbfe1a3013720a06b959e7a535da03b6
	at org.openqa.selenium.remote.codec.w3c.W3CHttpResponseCodec.createException(W3CHttpResponseCodec.java:200)
	at org.openqa.selenium.remote.codec.w3c.W3CHttpResponseCodec.decode(W3CHttpResponseCodec.java:133)
	at org.openqa.selenium.remote.codec.w3c.W3CHttpResponseCodec.decode(W3CHttpResponseCodec.java:52)
	at org.openqa.selenium.remote.HttpCommandExecutor.execute(HttpCommandExecutor.java:191)
	at org.openqa.selenium.remote.service.DriverCommandExecutor.invokeExecute(DriverCommandExecutor.java:196)
	at org.openqa.selenium.remote.service.DriverCommandExecutor.execute(DriverCommandExecutor.java:171)
	at org.openqa.selenium.remote.RemoteWebDriver.execute(RemoteWebDriver.java:518)
	at org.openqa.selenium.remote.RemoteWebDriver.perform(RemoteWebDriver.java:604)
	at org.openqa.selenium.interactions.Actions$BuiltAction.perform(Actions.java:605)
	at com.axisrooms.rateShopper.utils.ActionsClassUtils.mouseHoverActions(ActionsClassUtils.java:15)
	at com.axisrooms.rateShopper.pages.HomePage.MouseHoverOnGraphCircle(HomePage.java:207)
	at com.axisrooms.rateShopper.test.RefreshTestForRates.refreshTest(RefreshTestForRates.java:44)
	at java.base/java.util.ArrayList.forEach(ArrayList.java:1511)
... Removed 31 stack frames
</div> <!-- stack-trace -->
                  <em>
(To check whether the user can successfully login)                  </em>
                </div> <!-- method-content -->
              </div> <!-- method -->
              <div class="method">
                <div class="method-content">
                  <a name="refreshTest({TimeForWait=5000, TestName=refreshTest, selectProperties=Coconut Lagoon-CGH Earth, Kumarakom, India...)">
                  </a> <!-- refreshTest({TimeForWait=5000, TestName=refreshTest, selectProperties=Coconut Lagoon-CGH Earth, Kumarakom, India...) -->
                  <span class="method-name">refreshTest</span>
                  <span class="parameters">({TimeForWait=5000, TestName=refreshTest, selectProperties=Coconut Lagoon-CGH Earth, Kumarakom, India, UserName=kancharla.p@axisrooms.com, Execute=yes, NoOfNights=5, RefreshFor=Rates , Month=, OTAs=, NoOfAdults=2, DateQuickLinks=Today, Browser=chrome, Password=Axisrooms321#, Actual Result=180000})</span>
                  <div class="stack-trace">org.openqa.selenium.StaleElementReferenceException: stale element reference: stale element not found
  (Session info: chrome=121.0.6167.140)
For documentation on this error, please visit: https://www.selenium.dev/documentation/webdriver/troubleshooting/errors#stale-element-reference-exception
Build info: version: &apos;4.11.0&apos;, revision: &apos;040bc5406b&apos;
System info: os.name: &apos;Windows 11&apos;, os.arch: &apos;amd64&apos;, os.version: &apos;10.0&apos;, java.version: &apos;17.0.9&apos;
Driver info: org.openqa.selenium.chrome.ChromeDriver
Command: [bed14dbd57c925027cc0b7343d102517, actions {actions=[org.openqa.selenium.interactions.Sequence@6aa65574]}]
Capabilities {acceptInsecureCerts: false, browserName: chrome, browserVersion: 121.0.6167.140, chrome: {chromedriverVersion: 121.0.6167.85 (3f98d690ad7e..., userDataDir: C:\Users\Sameer\AppData\Loc...}, fedcm:accounts: true, goog:chromeOptions: {debuggerAddress: localhost:60479}, networkConnectionEnabled: false, pageLoadStrategy: normal, platformName: windows, proxy: Proxy(), se:cdp: ws://localhost:60479/devtoo..., se:cdpVersion: 121.0.6167.140, setWindowRect: true, strictFileInteractability: false, timeouts: {implicit: 0, pageLoad: 300000, script: 30000}, unhandledPromptBehavior: dismiss and notify, webauthn:extension:credBlob: true, webauthn:extension:largeBlob: true, webauthn:extension:minPinLength: true, webauthn:extension:prf: true, webauthn:virtualAuthenticators: true}
Session ID: bed14dbd57c925027cc0b7343d102517
	at org.openqa.selenium.remote.codec.w3c.W3CHttpResponseCodec.createException(W3CHttpResponseCodec.java:200)
	at org.openqa.selenium.remote.codec.w3c.W3CHttpResponseCodec.decode(W3CHttpResponseCodec.java:133)
	at org.openqa.selenium.remote.codec.w3c.W3CHttpResponseCodec.decode(W3CHttpResponseCodec.java:52)
	at org.openqa.selenium.remote.HttpCommandExecutor.execute(HttpCommandExecutor.java:191)
	at org.openqa.selenium.remote.service.DriverCommandExecutor.invokeExecute(DriverCommandExecutor.java:196)
	at org.openqa.selenium.remote.service.DriverCommandExecutor.execute(DriverCommandExecutor.java:171)
	at org.openqa.selenium.remote.RemoteWebDriver.execute(RemoteWebDriver.java:518)
	at org.openqa.selenium.remote.RemoteWebDriver.perform(RemoteWebDriver.java:604)
	at org.openqa.selenium.interactions.Actions$BuiltAction.perform(Actions.java:605)
	at com.axisrooms.rateShopper.utils.ActionsClassUtils.mouseHoverActions(ActionsClassUtils.java:15)
	at com.axisrooms.rateShopper.pages.HomePage.MouseHoverOnGraphCircle(HomePage.java:207)
	at com.axisrooms.rateShopper.test.RefreshTestForRates.refreshTest(RefreshTestForRates.java:44)
	at java.base/java.util.ArrayList.forEach(ArrayList.java:1511)
... Removed 32 stack frames
</div> <!-- stack-trace -->
                  <em>
(To check whether the user can successfully login)                  </em>
                </div> <!-- method-content -->
              </div> <!-- method -->
              <div class="method">
                <div class="method-content">
                  <a name="refreshTest({TimeForWait=5000, TestName=refreshTest, selectProperties=Coconut Lagoon-CGH Earth, Kumarakom, India...)">
                  </a> <!-- refreshTest({TimeForWait=5000, TestName=refreshTest, selectProperties=Coconut Lagoon-CGH Earth, Kumarakom, India...) -->
                  <span class="method-name">refreshTest</span>
                  <span class="parameters">({TimeForWait=5000, TestName=refreshTest, selectProperties=Coconut Lagoon-CGH Earth, Kumarakom, India, UserName=kancharla.p@axisrooms.com, Execute=yes, NoOfNights=2, RefreshFor=Rates , Month=, OTAs=, NoOfAdults=2, DateQuickLinks=Today, Browser=chrome, Password=Axisrooms321#, Actual Result=450000})</span>
                  <div class="stack-trace">org.openqa.selenium.NoSuchElementException: no such element: No node with given id found
  (Session info: chrome=121.0.6167.140)
For documentation on this error, please visit: https://www.selenium.dev/documentation/webdriver/troubleshooting/errors#no-such-element-exception
Build info: version: &apos;4.11.0&apos;, revision: &apos;040bc5406b&apos;
System info: os.name: &apos;Windows 11&apos;, os.arch: &apos;amd64&apos;, os.version: &apos;10.0&apos;, java.version: &apos;17.0.9&apos;
Driver info: org.openqa.selenium.chrome.ChromeDriver
Command: [55ded51c72475678c88effa90284222b, actions {actions=[org.openqa.selenium.interactions.Sequence@747f6990]}]
Capabilities {acceptInsecureCerts: false, browserName: chrome, browserVersion: 121.0.6167.140, chrome: {chromedriverVersion: 121.0.6167.85 (3f98d690ad7e..., userDataDir: C:\Users\Sameer\AppData\Loc...}, fedcm:accounts: true, goog:chromeOptions: {debuggerAddress: localhost:60087}, networkConnectionEnabled: false, pageLoadStrategy: normal, platformName: windows, proxy: Proxy(), se:cdp: ws://localhost:60087/devtoo..., se:cdpVersion: 121.0.6167.140, setWindowRect: true, strictFileInteractability: false, timeouts: {implicit: 0, pageLoad: 300000, script: 30000}, unhandledPromptBehavior: dismiss and notify, webauthn:extension:credBlob: true, webauthn:extension:largeBlob: true, webauthn:extension:minPinLength: true, webauthn:extension:prf: true, webauthn:virtualAuthenticators: true}
Session ID: 55ded51c72475678c88effa90284222b
	at org.openqa.selenium.remote.codec.w3c.W3CHttpResponseCodec.createException(W3CHttpResponseCodec.java:200)
	at org.openqa.selenium.remote.codec.w3c.W3CHttpResponseCodec.decode(W3CHttpResponseCodec.java:133)
	at org.openqa.selenium.remote.codec.w3c.W3CHttpResponseCodec.decode(W3CHttpResponseCodec.java:52)
	at org.openqa.selenium.remote.HttpCommandExecutor.execute(HttpCommandExecutor.java:191)
	at org.openqa.selenium.remote.service.DriverCommandExecutor.invokeExecute(DriverCommandExecutor.java:196)
	at org.openqa.selenium.remote.service.DriverCommandExecutor.execute(DriverCommandExecutor.java:171)
	at org.openqa.selenium.remote.RemoteWebDriver.execute(RemoteWebDriver.java:518)
	at org.openqa.selenium.remote.RemoteWebDriver.perform(RemoteWebDriver.java:604)
	at org.openqa.selenium.interactions.Actions$BuiltAction.perform(Actions.java:605)
	at com.axisrooms.rateShopper.utils.ActionsClassUtils.mouseHoverActions(ActionsClassUtils.java:15)
	at com.axisrooms.rateShopper.pages.HomePage.MouseHoverOnGraphCircle(HomePage.java:207)
	at com.axisrooms.rateShopper.test.RefreshTestForRates.refreshTest(RefreshTestForRates.java:44)
	at java.base/java.util.ArrayList.forEach(ArrayList.java:1511)
... Removed 31 stack frames
</div> <!-- stack-trace -->
                  <em>
(To check whether the user can successfully login)                  </em>
                </div> <!-- method-content -->
              </div> <!-- method -->
              <div class="method">
                <div class="method-content">
                  <a name="refreshTest({TimeForWait=5000, TestName=refreshTest, selectProperties=19VillaMira, Pondicherry, India, UserName=...)">
                  </a> <!-- refreshTest({TimeForWait=5000, TestName=refreshTest, selectProperties=19VillaMira, Pondicherry, India, UserName=...) -->
                  <span class="method-name">refreshTest</span>
                  <span class="parameters">({TimeForWait=5000, TestName=refreshTest, selectProperties=19VillaMira, Pondicherry, India, UserName=kancharla.p@axisrooms.com, Execute=yes, NoOfNights=5, RefreshFor=Rates , Month=, OTAs=, NoOfAdults=2, DateQuickLinks=Today, Browser=chrome, Password=Axisrooms321#, Actual Result=333000})</span>
                  <div class="stack-trace">org.openqa.selenium.ElementClickInterceptedException: element click intercepted: Element &lt;div _ngcontent-whi-23=&quot;&quot; class=&quot;pointerEnabled dropdown-toggle&quot; dropdowntoggle=&quot;&quot; id=&quot;refreshWidget&quot; aria-haspopup=&quot;true&quot; aria-expanded=&quot;false&quot;&gt;...&lt;/div&gt; is not clickable at point (516, 32). Other element would receive the click: &lt;div _ngcontent-whi-62=&quot;&quot; class=&quot;loader&quot; style=&quot;display: block;&quot;&gt;...&lt;/div&gt;
  (Session info: chrome=121.0.6167.140)
Build info: version: &apos;4.11.0&apos;, revision: &apos;040bc5406b&apos;
System info: os.name: &apos;Windows 11&apos;, os.arch: &apos;amd64&apos;, os.version: &apos;10.0&apos;, java.version: &apos;17.0.9&apos;
Driver info: org.openqa.selenium.chrome.ChromeDriver
Command: [c131a0f100d738dbef3c20995e0cf02b, clickElement {id=E7456FA43755DF9DE1779E77E3E10B9C_element_164}]
Capabilities {acceptInsecureCerts: false, browserName: chrome, browserVersion: 121.0.6167.140, chrome: {chromedriverVersion: 121.0.6167.85 (3f98d690ad7e..., userDataDir: C:\Users\Sameer\AppData\Loc...}, fedcm:accounts: true, goog:chromeOptions: {debuggerAddress: localhost:60257}, networkConnectionEnabled: false, pageLoadStrategy: normal, platformName: windows, proxy: Proxy(), se:cdp: ws://localhost:60257/devtoo..., se:cdpVersion: 121.0.6167.140, setWindowRect: true, strictFileInteractability: false, timeouts: {implicit: 0, pageLoad: 300000, script: 30000}, unhandledPromptBehavior: dismiss and notify, webauthn:extension:credBlob: true, webauthn:extension:largeBlob: true, webauthn:extension:minPinLength: true, webauthn:extension:prf: true, webauthn:virtualAuthenticators: true}
Element: [[ChromeDriver: chrome on windows (c131a0f100d738dbef3c20995e0cf02b)] -&gt; xpath: //div[@id=&apos;refreshWidget&apos;]]
Session ID: c131a0f100d738dbef3c20995e0cf02b
	at org.openqa.selenium.remote.codec.w3c.W3CHttpResponseCodec.createException(W3CHttpResponseCodec.java:200)
	at org.openqa.selenium.remote.codec.w3c.W3CHttpResponseCodec.decode(W3CHttpResponseCodec.java:133)
	at org.openqa.selenium.remote.codec.w3c.W3CHttpResponseCodec.decode(W3CHttpResponseCodec.java:52)
	at org.openqa.selenium.remote.HttpCommandExecutor.execute(HttpCommandExecutor.java:191)
	at org.openqa.selenium.remote.service.DriverCommandExecutor.invokeExecute(DriverCommandExecutor.java:196)
	at org.openqa.selenium.remote.service.DriverCommandExecutor.execute(DriverCommandExecutor.java:171)
	at org.openqa.selenium.remote.RemoteWebDriver.execute(RemoteWebDriver.java:518)
	at org.openqa.selenium.remote.RemoteWebElement.execute(RemoteWebElement.java:224)
	at org.openqa.selenium.remote.RemoteWebElement.click(RemoteWebElement.java:77)
	at org.openqa.selenium.support.pagefactory.internal.LocatingElementHandler.invoke(LocatingElementHandler.java:51)
	at jdk.proxy2/jdk.proxy2.$Proxy18.click(Unknown Source)
	at com.axisrooms.rateShopper.pages.HomePage.clickOnRefreshButton(HomePage.java:103)
	at com.axisrooms.rateShopper.test.RefreshTestForRates.refreshTest(RefreshTestForRates.java:27)
	at java.base/java.util.ArrayList.forEach(ArrayList.java:1511)
... Removed 35 stack frames
</div> <!-- stack-trace -->
                  <em>
(To check whether the user can successfully login)                  </em>
                </div> <!-- method-content -->
              </div> <!-- method -->
              <div class="method">
                <div class="method-content">
                  <a name="refreshTest({TimeForWait=5000, TestName=refreshTest, selectProperties=19VillaMira, Pondicherry, India, UserName=...)">
                  </a> <!-- refreshTest({TimeForWait=5000, TestName=refreshTest, selectProperties=19VillaMira, Pondicherry, India, UserName=...) -->
                  <span class="method-name">refreshTest</span>
                  <span class="parameters">({TimeForWait=5000, TestName=refreshTest, selectProperties=19VillaMira, Pondicherry, India, UserName=kancharla.p@axisrooms.com, Execute=yes, NoOfNights=4, RefreshFor=Rates , Month=, OTAs=, NoOfAdults=2, DateQuickLinks=Today, Browser=chrome, Password=Axisrooms321#, Actual Result=180000})</span>
                  <div class="stack-trace">org.openqa.selenium.NoSuchElementException: no such element: No node with given id found
  (Session info: chrome=121.0.6167.140)
For documentation on this error, please visit: https://www.selenium.dev/documentation/webdriver/troubleshooting/errors#no-such-element-exception
Build info: version: &apos;4.11.0&apos;, revision: &apos;040bc5406b&apos;
System info: os.name: &apos;Windows 11&apos;, os.arch: &apos;amd64&apos;, os.version: &apos;10.0&apos;, java.version: &apos;17.0.9&apos;
Driver info: org.openqa.selenium.chrome.ChromeDriver
Command: [d1011ee135b297203fe1d1254f8f0bcf, actions {actions=[org.openqa.selenium.interactions.Sequence@5d7a18bc]}]
Capabilities {acceptInsecureCerts: false, browserName: chrome, browserVersion: 121.0.6167.140, chrome: {chromedriverVersion: 121.0.6167.85 (3f98d690ad7e..., userDataDir: C:\Users\Sameer\AppData\Loc...}, fedcm:accounts: true, goog:chromeOptions: {debuggerAddress: localhost:61695}, networkConnectionEnabled: false, pageLoadStrategy: normal, platformName: windows, proxy: Proxy(), se:cdp: ws://localhost:61695/devtoo..., se:cdpVersion: 121.0.6167.140, setWindowRect: true, strictFileInteractability: false, timeouts: {implicit: 0, pageLoad: 300000, script: 30000}, unhandledPromptBehavior: dismiss and notify, webauthn:extension:credBlob: true, webauthn:extension:largeBlob: true, webauthn:extension:minPinLength: true, webauthn:extension:prf: true, webauthn:virtualAuthenticators: true}
Session ID: d1011ee135b297203fe1d1254f8f0bcf
	at org.openqa.selenium.remote.codec.w3c.W3CHttpResponseCodec.createException(W3CHttpResponseCodec.java:200)
	at org.openqa.selenium.remote.codec.w3c.W3CHttpResponseCodec.decode(W3CHttpResponseCodec.java:133)
	at org.openqa.selenium.remote.codec.w3c.W3CHttpResponseCodec.decode(W3CHttpResponseCodec.java:52)
	at org.openqa.selenium.remote.HttpCommandExecutor.execute(HttpCommandExecutor.java:191)
	at org.openqa.selenium.remote.service.DriverCommandExecutor.invokeExecute(DriverCommandExecutor.java:196)
	at org.openqa.selenium.remote.service.DriverCommandExecutor.execute(DriverCommandExecutor.java:171)
	at org.openqa.selenium.remote.RemoteWebDriver.execute(RemoteWebDriver.java:518)
	at org.openqa.selenium.remote.RemoteWebDriver.perform(RemoteWebDriver.java:604)
	at org.openqa.selenium.interactions.Actions$BuiltAction.perform(Actions.java:605)
	at com.axisrooms.rateShopper.utils.ActionsClassUtils.mouseHoverActions(ActionsClassUtils.java:15)
	at com.axisrooms.rateShopper.pages.HomePage.MouseHoverOnGraphCircle(HomePage.java:207)
	at com.axisrooms.rateShopper.test.RefreshTestForRates.refreshTest(RefreshTestForRates.java:44)
	at java.base/java.util.ArrayList.forEach(ArrayList.java:1511)
... Removed 30 stack frames
</div> <!-- stack-trace -->
                  <em>
(To check whether the user can successfully login)                  </em>
                </div> <!-- method-content -->
              </div> <!-- method -->
              <div class="method">
                <div class="method-content">
                  <a name="refreshTest({TimeForWait=5000, TestName=refreshTest, selectProperties=19VillaMira, Pondicherry, India, UserName=...)">
                  </a> <!-- refreshTest({TimeForWait=5000, TestName=refreshTest, selectProperties=19VillaMira, Pondicherry, India, UserName=...) -->
                  <span class="method-name">refreshTest</span>
                  <span class="parameters">({TimeForWait=5000, TestName=refreshTest, selectProperties=19VillaMira, Pondicherry, India, UserName=kancharla.p@axisrooms.com, Execute=yes, NoOfNights=1, RefreshFor=Rates , Month=, OTAs=, NoOfAdults=2, DateQuickLinks=Today, Browser=chrome, Password=Axisrooms321#, Actual Result=180000})</span>
                  <div class="stack-trace">org.openqa.selenium.NoSuchElementException: no such element: No node with given id found
  (Session info: chrome=121.0.6167.140)
For documentation on this error, please visit: https://www.selenium.dev/documentation/webdriver/troubleshooting/errors#no-such-element-exception
Build info: version: &apos;4.11.0&apos;, revision: &apos;040bc5406b&apos;
System info: os.name: &apos;Windows 11&apos;, os.arch: &apos;amd64&apos;, os.version: &apos;10.0&apos;, java.version: &apos;17.0.9&apos;
Driver info: org.openqa.selenium.chrome.ChromeDriver
Command: [1b3fe14dd019a29a616786ccf8188c3e, actions {actions=[org.openqa.selenium.interactions.Sequence@2cc788cc]}]
Capabilities {acceptInsecureCerts: false, browserName: chrome, browserVersion: 121.0.6167.140, chrome: {chromedriverVersion: 121.0.6167.85 (3f98d690ad7e..., userDataDir: C:\Users\Sameer\AppData\Loc...}, fedcm:accounts: true, goog:chromeOptions: {debuggerAddress: localhost:60540}, networkConnectionEnabled: false, pageLoadStrategy: normal, platformName: windows, proxy: Proxy(), se:cdp: ws://localhost:60540/devtoo..., se:cdpVersion: 121.0.6167.140, setWindowRect: true, strictFileInteractability: false, timeouts: {implicit: 0, pageLoad: 300000, script: 30000}, unhandledPromptBehavior: dismiss and notify, webauthn:extension:credBlob: true, webauthn:extension:largeBlob: true, webauthn:extension:minPinLength: true, webauthn:extension:prf: true, webauthn:virtualAuthenticators: true}
Session ID: 1b3fe14dd019a29a616786ccf8188c3e
	at org.openqa.selenium.remote.codec.w3c.W3CHttpResponseCodec.createException(W3CHttpResponseCodec.java:200)
	at org.openqa.selenium.remote.codec.w3c.W3CHttpResponseCodec.decode(W3CHttpResponseCodec.java:133)
	at org.openqa.selenium.remote.codec.w3c.W3CHttpResponseCodec.decode(W3CHttpResponseCodec.java:52)
	at org.openqa.selenium.remote.HttpCommandExecutor.execute(HttpCommandExecutor.java:191)
	at org.openqa.selenium.remote.service.DriverCommandExecutor.invokeExecute(DriverCommandExecutor.java:196)
	at org.openqa.selenium.remote.service.DriverCommandExecutor.execute(DriverCommandExecutor.java:171)
	at org.openqa.selenium.remote.RemoteWebDriver.execute(RemoteWebDriver.java:518)
	at org.openqa.selenium.remote.RemoteWebDriver.perform(RemoteWebDriver.java:604)
	at org.openqa.selenium.interactions.Actions$BuiltAction.perform(Actions.java:605)
	at com.axisrooms.rateShopper.utils.ActionsClassUtils.mouseHoverActions(ActionsClassUtils.java:15)
	at com.axisrooms.rateShopper.pages.HomePage.MouseHoverOnGraphCircle(HomePage.java:207)
	at com.axisrooms.rateShopper.test.RefreshTestForRates.refreshTest(RefreshTestForRates.java:44)
	at java.base/java.util.ArrayList.forEach(ArrayList.java:1511)
... Removed 31 stack frames
</div> <!-- stack-trace -->
                  <em>
(To check whether the user can successfully login)                  </em>
                </div> <!-- method-content -->
              </div> <!-- method -->
              <div class="method">
                <div class="method-content">
                  <a name="refreshTest({TimeForWait=5000, TestName=refreshTest, selectProperties=19VillaMira, Pondicherry, India, UserName=...)">
                  </a> <!-- refreshTest({TimeForWait=5000, TestName=refreshTest, selectProperties=19VillaMira, Pondicherry, India, UserName=...) -->
                  <span class="method-name">refreshTest</span>
                  <span class="parameters">({TimeForWait=5000, TestName=refreshTest, selectProperties=19VillaMira, Pondicherry, India, UserName=kancharla.p@axisrooms.com, Execute=yes, NoOfNights=2, RefreshFor=Rates , Month=, OTAs=, NoOfAdults=1, DateQuickLinks=Today, Browser=chrome, Password=Axisrooms321#, Actual Result=333000})</span>
                  <div class="stack-trace">org.openqa.selenium.ElementClickInterceptedException: element click intercepted: Element &lt;div _ngcontent-dgw-23=&quot;&quot; class=&quot;pointerEnabled dropdown-toggle&quot; dropdowntoggle=&quot;&quot; id=&quot;refreshWidget&quot; aria-haspopup=&quot;true&quot; aria-expanded=&quot;false&quot;&gt;...&lt;/div&gt; is not clickable at point (516, 32). Other element would receive the click: &lt;div _ngcontent-dgw-62=&quot;&quot; class=&quot;loader&quot; style=&quot;display: block;&quot;&gt;...&lt;/div&gt;
  (Session info: chrome=121.0.6167.140)
Build info: version: &apos;4.11.0&apos;, revision: &apos;040bc5406b&apos;
System info: os.name: &apos;Windows 11&apos;, os.arch: &apos;amd64&apos;, os.version: &apos;10.0&apos;, java.version: &apos;17.0.9&apos;
Driver info: org.openqa.selenium.chrome.ChromeDriver
Command: [16480d6c757dbd42813f965649b1bf88, clickElement {id=12A6EB24BC1F9420EDEB065E56DF335F_element_164}]
Capabilities {acceptInsecureCerts: false, browserName: chrome, browserVersion: 121.0.6167.140, chrome: {chromedriverVersion: 121.0.6167.85 (3f98d690ad7e..., userDataDir: C:\Users\Sameer\AppData\Loc...}, fedcm:accounts: true, goog:chromeOptions: {debuggerAddress: localhost:59811}, networkConnectionEnabled: false, pageLoadStrategy: normal, platformName: windows, proxy: Proxy(), se:cdp: ws://localhost:59811/devtoo..., se:cdpVersion: 121.0.6167.140, setWindowRect: true, strictFileInteractability: false, timeouts: {implicit: 0, pageLoad: 300000, script: 30000}, unhandledPromptBehavior: dismiss and notify, webauthn:extension:credBlob: true, webauthn:extension:largeBlob: true, webauthn:extension:minPinLength: true, webauthn:extension:prf: true, webauthn:virtualAuthenticators: true}
Element: [[ChromeDriver: chrome on windows (16480d6c757dbd42813f965649b1bf88)] -&gt; xpath: //div[@id=&apos;refreshWidget&apos;]]
Session ID: 16480d6c757dbd42813f965649b1bf88
	at org.openqa.selenium.remote.codec.w3c.W3CHttpResponseCodec.createException(W3CHttpResponseCodec.java:200)
	at org.openqa.selenium.remote.codec.w3c.W3CHttpResponseCodec.decode(W3CHttpResponseCodec.java:133)
	at org.openqa.selenium.remote.codec.w3c.W3CHttpResponseCodec.decode(W3CHttpResponseCodec.java:52)
	at org.openqa.selenium.remote.HttpCommandExecutor.execute(HttpCommandExecutor.java:191)
	at org.openqa.selenium.remote.service.DriverCommandExecutor.invokeExecute(DriverCommandExecutor.java:196)
	at org.openqa.selenium.remote.service.DriverCommandExecutor.execute(DriverCommandExecutor.java:171)
	at org.openqa.selenium.remote.RemoteWebDriver.execute(RemoteWebDriver.java:518)
	at org.openqa.selenium.remote.RemoteWebElement.execute(RemoteWebElement.java:224)
	at org.openqa.selenium.remote.RemoteWebElement.click(RemoteWebElement.java:77)
	at org.openqa.selenium.support.pagefactory.internal.LocatingElementHandler.invoke(LocatingElementHandler.java:51)
	at jdk.proxy2/jdk.proxy2.$Proxy18.click(Unknown Source)
	at com.axisrooms.rateShopper.pages.HomePage.clickOnRefreshButton(HomePage.java:103)
	at com.axisrooms.rateShopper.test.RefreshTestForRates.refreshTest(RefreshTestForRates.java:27)
	at java.base/java.util.ArrayList.forEach(ArrayList.java:1511)
... Removed 35 stack frames
</div> <!-- stack-trace -->
                  <em>
(To check whether the user can successfully login)                  </em>
                </div> <!-- method-content -->
              </div> <!-- method -->
              <div class="method">
                <div class="method-content">
                  <a name="refreshTest({TimeForWait=5000, TestName=refreshTest, selectProperties=19VillaMira, Pondicherry, India, UserName=...)">
                  </a> <!-- refreshTest({TimeForWait=5000, TestName=refreshTest, selectProperties=19VillaMira, Pondicherry, India, UserName=...) -->
                  <span class="method-name">refreshTest</span>
                  <span class="parameters">({TimeForWait=5000, TestName=refreshTest, selectProperties=19VillaMira, Pondicherry, India, UserName=kancharla.p@axisrooms.com, Execute=yes, NoOfNights=3, RefreshFor=Rates , Month=, OTAs=, NoOfAdults=2, DateQuickLinks=Today, Browser=chrome, Password=Axisrooms321#, Actual Result=180000})</span>
                  <div class="stack-trace">org.openqa.selenium.NoSuchElementException: no such element: No node with given id found
  (Session info: chrome=121.0.6167.140)
For documentation on this error, please visit: https://www.selenium.dev/documentation/webdriver/troubleshooting/errors#no-such-element-exception
Build info: version: &apos;4.11.0&apos;, revision: &apos;040bc5406b&apos;
System info: os.name: &apos;Windows 11&apos;, os.arch: &apos;amd64&apos;, os.version: &apos;10.0&apos;, java.version: &apos;17.0.9&apos;
Driver info: org.openqa.selenium.chrome.ChromeDriver
Command: [fa672b0639ed648cd16964705b82372d, actions {actions=[org.openqa.selenium.interactions.Sequence@3065527b]}]
Capabilities {acceptInsecureCerts: false, browserName: chrome, browserVersion: 121.0.6167.140, chrome: {chromedriverVersion: 121.0.6167.85 (3f98d690ad7e..., userDataDir: C:\Users\Sameer\AppData\Loc...}, fedcm:accounts: true, goog:chromeOptions: {debuggerAddress: localhost:60654}, networkConnectionEnabled: false, pageLoadStrategy: normal, platformName: windows, proxy: Proxy(), se:cdp: ws://localhost:60654/devtoo..., se:cdpVersion: 121.0.6167.140, setWindowRect: true, strictFileInteractability: false, timeouts: {implicit: 0, pageLoad: 300000, script: 30000}, unhandledPromptBehavior: dismiss and notify, webauthn:extension:credBlob: true, webauthn:extension:largeBlob: true, webauthn:extension:minPinLength: true, webauthn:extension:prf: true, webauthn:virtualAuthenticators: true}
Session ID: fa672b0639ed648cd16964705b82372d
	at org.openqa.selenium.remote.codec.w3c.W3CHttpResponseCodec.createException(W3CHttpResponseCodec.java:200)
	at org.openqa.selenium.remote.codec.w3c.W3CHttpResponseCodec.decode(W3CHttpResponseCodec.java:133)
	at org.openqa.selenium.remote.codec.w3c.W3CHttpResponseCodec.decode(W3CHttpResponseCodec.java:52)
	at org.openqa.selenium.remote.HttpCommandExecutor.execute(HttpCommandExecutor.java:191)
	at org.openqa.selenium.remote.service.DriverCommandExecutor.invokeExecute(DriverCommandExecutor.java:196)
	at org.openqa.selenium.remote.service.DriverCommandExecutor.execute(DriverCommandExecutor.java:171)
	at org.openqa.selenium.remote.RemoteWebDriver.execute(RemoteWebDriver.java:518)
	at org.openqa.selenium.remote.RemoteWebDriver.perform(RemoteWebDriver.java:604)
	at org.openqa.selenium.interactions.Actions$BuiltAction.perform(Actions.java:605)
	at com.axisrooms.rateShopper.utils.ActionsClassUtils.mouseHoverActions(ActionsClassUtils.java:15)
	at com.axisrooms.rateShopper.pages.HomePage.MouseHoverOnGraphCircle(HomePage.java:207)
	at com.axisrooms.rateShopper.test.RefreshTestForRates.refreshTest(RefreshTestForRates.java:44)
	at java.base/java.util.ArrayList.forEach(ArrayList.java:1511)
... Removed 30 stack frames
</div> <!-- stack-trace -->
                  <em>
(To check whether the user can successfully login)                  </em>
                </div> <!-- method-content -->
              </div> <!-- method -->
              <div class="method">
                <div class="method-content">
                  <a name="refreshTest({TimeForWait=5000, TestName=refreshTest, selectProperties=19VillaMira, Pondicherry, India, UserName=...)">
                  </a> <!-- refreshTest({TimeForWait=5000, TestName=refreshTest, selectProperties=19VillaMira, Pondicherry, India, UserName=...) -->
                  <span class="method-name">refreshTest</span>
                  <span class="parameters">({TimeForWait=5000, TestName=refreshTest, selectProperties=19VillaMira, Pondicherry, India, UserName=kancharla.p@axisrooms.com, Execute=yes, NoOfNights=3, RefreshFor=Rates , Month=, OTAs=, NoOfAdults=2, DateQuickLinks=Today, Browser=chrome, Password=Axisrooms321#, Actual Result=333000})</span>
                  <div class="stack-trace">org.openqa.selenium.NoSuchElementException: no such element: No node with given id found
  (Session info: chrome=121.0.6167.140)
For documentation on this error, please visit: https://www.selenium.dev/documentation/webdriver/troubleshooting/errors#no-such-element-exception
Build info: version: &apos;4.11.0&apos;, revision: &apos;040bc5406b&apos;
System info: os.name: &apos;Windows 11&apos;, os.arch: &apos;amd64&apos;, os.version: &apos;10.0&apos;, java.version: &apos;17.0.9&apos;
Driver info: org.openqa.selenium.chrome.ChromeDriver
Command: [d6ebc17ef8280b5ff90a1e634dff87c8, actions {actions=[org.openqa.selenium.interactions.Sequence@1b08681b]}]
Capabilities {acceptInsecureCerts: false, browserName: chrome, browserVersion: 121.0.6167.140, chrome: {chromedriverVersion: 121.0.6167.85 (3f98d690ad7e..., userDataDir: C:\Users\Sameer\AppData\Loc...}, fedcm:accounts: true, goog:chromeOptions: {debuggerAddress: localhost:60143}, networkConnectionEnabled: false, pageLoadStrategy: normal, platformName: windows, proxy: Proxy(), se:cdp: ws://localhost:60143/devtoo..., se:cdpVersion: 121.0.6167.140, setWindowRect: true, strictFileInteractability: false, timeouts: {implicit: 0, pageLoad: 300000, script: 30000}, unhandledPromptBehavior: dismiss and notify, webauthn:extension:credBlob: true, webauthn:extension:largeBlob: true, webauthn:extension:minPinLength: true, webauthn:extension:prf: true, webauthn:virtualAuthenticators: true}
Session ID: d6ebc17ef8280b5ff90a1e634dff87c8
	at org.openqa.selenium.remote.codec.w3c.W3CHttpResponseCodec.createException(W3CHttpResponseCodec.java:200)
	at org.openqa.selenium.remote.codec.w3c.W3CHttpResponseCodec.decode(W3CHttpResponseCodec.java:133)
	at org.openqa.selenium.remote.codec.w3c.W3CHttpResponseCodec.decode(W3CHttpResponseCodec.java:52)
	at org.openqa.selenium.remote.HttpCommandExecutor.execute(HttpCommandExecutor.java:191)
	at org.openqa.selenium.remote.service.DriverCommandExecutor.invokeExecute(DriverCommandExecutor.java:196)
	at org.openqa.selenium.remote.service.DriverCommandExecutor.execute(DriverCommandExecutor.java:171)
	at org.openqa.selenium.remote.RemoteWebDriver.execute(RemoteWebDriver.java:518)
	at org.openqa.selenium.remote.RemoteWebDriver.perform(RemoteWebDriver.java:604)
	at org.openqa.selenium.interactions.Actions$BuiltAction.perform(Actions.java:605)
	at com.axisrooms.rateShopper.utils.ActionsClassUtils.mouseHoverActions(ActionsClassUtils.java:15)
	at com.axisrooms.rateShopper.pages.HomePage.MouseHoverOnGraphCircle(HomePage.java:207)
	at com.axisrooms.rateShopper.test.RefreshTestForRates.refreshTest(RefreshTestForRates.java:44)
	at java.base/java.util.ArrayList.forEach(ArrayList.java:1511)
... Removed 31 stack frames
</div> <!-- stack-trace -->
                  <em>
(To check whether the user can successfully login)                  </em>
                </div> <!-- method-content -->
              </div> <!-- method -->
              <div class="method">
                <div class="method-content">
                  <a name="refreshTest({TimeForWait=5000, TestName=refreshTest, selectProperties=19VillaMira, Pondicherry, India, UserName=...)">
                  </a> <!-- refreshTest({TimeForWait=5000, TestName=refreshTest, selectProperties=19VillaMira, Pondicherry, India, UserName=...) -->
                  <span class="method-name">refreshTest</span>
                  <span class="parameters">({TimeForWait=5000, TestName=refreshTest, selectProperties=19VillaMira, Pondicherry, India, UserName=kancharla.p@axisrooms.com, Execute=yes, NoOfNights=2, RefreshFor=Rates , Month=, OTAs=, NoOfAdults=2, DateQuickLinks=Today, Browser=chrome, Password=Axisrooms321#, Actual Result=180000})</span>
                  <div class="stack-trace">org.openqa.selenium.NoSuchElementException: no such element: No node with given id found
  (Session info: chrome=121.0.6167.140)
For documentation on this error, please visit: https://www.selenium.dev/documentation/webdriver/troubleshooting/errors#no-such-element-exception
Build info: version: &apos;4.11.0&apos;, revision: &apos;040bc5406b&apos;
System info: os.name: &apos;Windows 11&apos;, os.arch: &apos;amd64&apos;, os.version: &apos;10.0&apos;, java.version: &apos;17.0.9&apos;
Driver info: org.openqa.selenium.chrome.ChromeDriver
Command: [53923705be251afb0d45c58ac2dc8564, actions {actions=[org.openqa.selenium.interactions.Sequence@795c28e8]}]
Capabilities {acceptInsecureCerts: false, browserName: chrome, browserVersion: 121.0.6167.140, chrome: {chromedriverVersion: 121.0.6167.85 (3f98d690ad7e..., userDataDir: C:\Users\Sameer\AppData\Loc...}, fedcm:accounts: true, goog:chromeOptions: {debuggerAddress: localhost:60309}, networkConnectionEnabled: false, pageLoadStrategy: normal, platformName: windows, proxy: Proxy(), se:cdp: ws://localhost:60309/devtoo..., se:cdpVersion: 121.0.6167.140, setWindowRect: true, strictFileInteractability: false, timeouts: {implicit: 0, pageLoad: 300000, script: 30000}, unhandledPromptBehavior: dismiss and notify, webauthn:extension:credBlob: true, webauthn:extension:largeBlob: true, webauthn:extension:minPinLength: true, webauthn:extension:prf: true, webauthn:virtualAuthenticators: true}
Session ID: 53923705be251afb0d45c58ac2dc8564
	at org.openqa.selenium.remote.codec.w3c.W3CHttpResponseCodec.createException(W3CHttpResponseCodec.java:200)
	at org.openqa.selenium.remote.codec.w3c.W3CHttpResponseCodec.decode(W3CHttpResponseCodec.java:133)
	at org.openqa.selenium.remote.codec.w3c.W3CHttpResponseCodec.decode(W3CHttpResponseCodec.java:52)
	at org.openqa.selenium.remote.HttpCommandExecutor.execute(HttpCommandExecutor.java:191)
	at org.openqa.selenium.remote.service.DriverCommandExecutor.invokeExecute(DriverCommandExecutor.java:196)
	at org.openqa.selenium.remote.service.DriverCommandExecutor.execute(DriverCommandExecutor.java:171)
	at org.openqa.selenium.remote.RemoteWebDriver.execute(RemoteWebDriver.java:518)
	at org.openqa.selenium.remote.RemoteWebDriver.perform(RemoteWebDriver.java:604)
	at org.openqa.selenium.interactions.Actions$BuiltAction.perform(Actions.java:605)
	at com.axisrooms.rateShopper.utils.ActionsClassUtils.mouseHoverActions(ActionsClassUtils.java:15)
	at com.axisrooms.rateShopper.pages.HomePage.MouseHoverOnGraphCircle(HomePage.java:207)
	at com.axisrooms.rateShopper.test.RefreshTestForRates.refreshTest(RefreshTestForRates.java:44)
	at java.base/java.util.ArrayList.forEach(ArrayList.java:1511)
... Removed 31 stack frames
</div> <!-- stack-trace -->
                  <em>
(To check whether the user can successfully login)                  </em>
                </div> <!-- method-content -->
              </div> <!-- method -->
              <div class="method">
                <div class="method-content">
                  <a name="refreshTest({TimeForWait=5000, TestName=refreshTest, selectProperties=Coconut Lagoon-CGH Earth, Kumarakom, India...)">
                  </a> <!-- refreshTest({TimeForWait=5000, TestName=refreshTest, selectProperties=Coconut Lagoon-CGH Earth, Kumarakom, India...) -->
                  <span class="method-name">refreshTest</span>
                  <span class="parameters">({TimeForWait=5000, TestName=refreshTest, selectProperties=Coconut Lagoon-CGH Earth, Kumarakom, India, UserName=kancharla.p@axisrooms.com, Execute=yes, NoOfNights=3, RefreshFor=Rates , Month=, OTAs=, NoOfAdults=1, DateQuickLinks=Today, Browser=chrome, Password=Axisrooms321#, Actual Result=510000})</span>
                  <div class="stack-trace">org.openqa.selenium.ElementClickInterceptedException: element click intercepted: Element &lt;div _ngcontent-fia-23=&quot;&quot; class=&quot;pointerEnabled dropdown-toggle&quot; dropdowntoggle=&quot;&quot; id=&quot;refreshWidget&quot; aria-haspopup=&quot;true&quot; aria-expanded=&quot;false&quot;&gt;...&lt;/div&gt; is not clickable at point (516, 32). Other element would receive the click: &lt;div _ngcontent-fia-62=&quot;&quot; class=&quot;loader&quot; style=&quot;display: block;&quot;&gt;...&lt;/div&gt;
  (Session info: chrome=121.0.6167.140)
Build info: version: &apos;4.11.0&apos;, revision: &apos;040bc5406b&apos;
System info: os.name: &apos;Windows 11&apos;, os.arch: &apos;amd64&apos;, os.version: &apos;10.0&apos;, java.version: &apos;17.0.9&apos;
Driver info: org.openqa.selenium.chrome.ChromeDriver
Command: [1c8e140b7f0f6a0bd4590cd315260c3e, clickElement {id=830074FDF7D45343EE9EC310FF9A2307_element_160}]
Capabilities {acceptInsecureCerts: false, browserName: chrome, browserVersion: 121.0.6167.140, chrome: {chromedriverVersion: 121.0.6167.85 (3f98d690ad7e..., userDataDir: C:\Users\Sameer\AppData\Loc...}, fedcm:accounts: true, goog:chromeOptions: {debuggerAddress: localhost:59865}, networkConnectionEnabled: false, pageLoadStrategy: normal, platformName: windows, proxy: Proxy(), se:cdp: ws://localhost:59865/devtoo..., se:cdpVersion: 121.0.6167.140, setWindowRect: true, strictFileInteractability: false, timeouts: {implicit: 0, pageLoad: 300000, script: 30000}, unhandledPromptBehavior: dismiss and notify, webauthn:extension:credBlob: true, webauthn:extension:largeBlob: true, webauthn:extension:minPinLength: true, webauthn:extension:prf: true, webauthn:virtualAuthenticators: true}
Element: [[ChromeDriver: chrome on windows (1c8e140b7f0f6a0bd4590cd315260c3e)] -&gt; xpath: //div[@id=&apos;refreshWidget&apos;]]
Session ID: 1c8e140b7f0f6a0bd4590cd315260c3e
	at org.openqa.selenium.remote.codec.w3c.W3CHttpResponseCodec.createException(W3CHttpResponseCodec.java:200)
	at org.openqa.selenium.remote.codec.w3c.W3CHttpResponseCodec.decode(W3CHttpResponseCodec.java:133)
	at org.openqa.selenium.remote.codec.w3c.W3CHttpResponseCodec.decode(W3CHttpResponseCodec.java:52)
	at org.openqa.selenium.remote.HttpCommandExecutor.execute(HttpCommandExecutor.java:191)
	at org.openqa.selenium.remote.service.DriverCommandExecutor.invokeExecute(DriverCommandExecutor.java:196)
	at org.openqa.selenium.remote.service.DriverCommandExecutor.execute(DriverCommandExecutor.java:171)
	at org.openqa.selenium.remote.RemoteWebDriver.execute(RemoteWebDriver.java:518)
	at org.openqa.selenium.remote.RemoteWebElement.execute(RemoteWebElement.java:224)
	at org.openqa.selenium.remote.RemoteWebElement.click(RemoteWebElement.java:77)
	at org.openqa.selenium.support.pagefactory.internal.LocatingElementHandler.invoke(LocatingElementHandler.java:51)
	at jdk.proxy2/jdk.proxy2.$Proxy18.click(Unknown Source)
	at com.axisrooms.rateShopper.pages.HomePage.clickOnRefreshButton(HomePage.java:103)
	at com.axisrooms.rateShopper.test.RefreshTestForRates.refreshTest(RefreshTestForRates.java:27)
	at java.base/java.util.ArrayList.forEach(ArrayList.java:1511)
... Removed 35 stack frames
</div> <!-- stack-trace -->
                  <em>
(To check whether the user can successfully login)                  </em>
                </div> <!-- method-content -->
              </div> <!-- method -->
            </div> <!-- main-panel-content rounded-window-bottom -->
          </div> <!-- suite-Suite-class-failed -->
          <div class="suite-Suite-class-failed">
            <div class="main-panel-header rounded-window-top">
              <img src="failed.png"/>
              <span class="class-name">com.axisrooms.rateShopper.test.FiltersTest</span>
            </div> <!-- main-panel-header rounded-window-top -->
            <div class="main-panel-content rounded-window-bottom">
              <div class="method">
                <div class="method-content">
                  <a name="filtersTest({TimeForWait=5000, TestName=filtersTest, selectProperties=Coconut Lagoon-CGH Earth, Kumarakom, India...)">
                  </a> <!-- filtersTest({TimeForWait=5000, TestName=filtersTest, selectProperties=Coconut Lagoon-CGH Earth, Kumarakom, India...) -->
                  <span class="method-name">filtersTest</span>
                  <span class="parameters">({TimeForWait=5000, TestName=filtersTest, selectProperties=Coconut Lagoon-CGH Earth, Kumarakom, India, UserName=kancharla.p@axisrooms.com, Execute=yes, NoOfNights=1, RefreshFor=Rates , Month=, OTAs=1, NoOfAdults=1, DateQuickLinks=Today, Browser=chrome, Password=Axisrooms321#, Actual Result=})</span>
                  <div class="stack-trace">org.openqa.selenium.TimeoutException: Expected condition failed: waiting for element to be clickable: [[ChromeDriver: chrome on windows (3491e160845962217322c789a1f02bc8)] -&gt; xpath: //body/app-root[1]/ge-home[1]/ge-home-slider[1]/div[1]/div[1]/div[1]/ge-ota[1]/div[1]/div[1]/button[1]] (tried for 30 second(s) with 500 milliseconds interval)
Build info: version: &apos;4.11.0&apos;, revision: &apos;040bc5406b&apos;
System info: os.name: &apos;Windows 11&apos;, os.arch: &apos;amd64&apos;, os.version: &apos;10.0&apos;, java.version: &apos;17.0.9&apos;
Driver info: org.openqa.selenium.chrome.ChromeDriver
Capabilities {acceptInsecureCerts: false, browserName: chrome, browserVersion: 121.0.6167.140, chrome: {chromedriverVersion: 121.0.6167.85 (3f98d690ad7e..., userDataDir: C:\Users\Sameer\AppData\Loc...}, fedcm:accounts: true, goog:chromeOptions: {debuggerAddress: localhost:59372}, networkConnectionEnabled: false, pageLoadStrategy: normal, platformName: windows, proxy: Proxy(), se:cdp: ws://localhost:59372/devtoo..., se:cdpVersion: 121.0.6167.140, setWindowRect: true, strictFileInteractability: false, timeouts: {implicit: 0, pageLoad: 300000, script: 30000}, unhandledPromptBehavior: dismiss and notify, webauthn:extension:credBlob: true, webauthn:extension:largeBlob: true, webauthn:extension:minPinLength: true, webauthn:extension:prf: true, webauthn:virtualAuthenticators: true}
Session ID: 3491e160845962217322c789a1f02bc8
	at org.openqa.selenium.support.ui.WebDriverWait.timeoutException(WebDriverWait.java:84)
	at org.openqa.selenium.support.ui.FluentWait.until(FluentWait.java:230)
	at com.axisrooms.rateShopper.factories.ExplicitWaitFactory.elementToBeClickable(ExplicitWaitFactory.java:128)
	at com.axisrooms.rateShopper.factories.ExplicitWaitFactory.click(ExplicitWaitFactory.java:24)
	at com.axisrooms.rateShopper.pages.FiltersPage.clickOnOtasDropdown(FiltersPage.java:61)
	at com.axisrooms.rateShopper.test.FiltersTest.filtersTest(FiltersTest.java:29)
	at java.base/java.util.ArrayList.forEach(ArrayList.java:1511)
... Removed 27 stack frames
</div> <!-- stack-trace -->
                  <em>
(To check whether the user can successfully login)                  </em>
                </div> <!-- method-content -->
              </div> <!-- method -->
              <div class="method">
                <div class="method-content">
                  <a name="filtersTest({TimeForWait=5000, TestName=filtersTest, selectProperties=Coconut Lagoon-CGH Earth, Kumarakom, India...)">
                  </a> <!-- filtersTest({TimeForWait=5000, TestName=filtersTest, selectProperties=Coconut Lagoon-CGH Earth, Kumarakom, India...) -->
                  <span class="method-name">filtersTest</span>
                  <span class="parameters">({TimeForWait=5000, TestName=filtersTest, selectProperties=Coconut Lagoon-CGH Earth, Kumarakom, India, UserName=kancharla.p@axisrooms.com, Execute=yes, NoOfNights=3, RefreshFor=Rates , Month=, OTAs=3, NoOfAdults=3, DateQuickLinks=Today, Browser=chrome, Password=Axisrooms321#, Actual Result=})</span>
                  <div class="stack-trace">org.openqa.selenium.TimeoutException: Expected condition failed: waiting for element to be clickable: [[ChromeDriver: chrome on windows (b7ca7b043954aa281a9bb3c6e089a54e)] -&gt; xpath: //body/app-root[1]/ge-home[1]/ge-home-slider[1]/div[1]/div[1]/div[1]/ge-ota[1]/div[1]/div[1]/button[1]] (tried for 30 second(s) with 500 milliseconds interval)
Build info: version: &apos;4.11.0&apos;, revision: &apos;040bc5406b&apos;
System info: os.name: &apos;Windows 11&apos;, os.arch: &apos;amd64&apos;, os.version: &apos;10.0&apos;, java.version: &apos;17.0.9&apos;
Driver info: org.openqa.selenium.chrome.ChromeDriver
Capabilities {acceptInsecureCerts: false, browserName: chrome, browserVersion: 121.0.6167.140, chrome: {chromedriverVersion: 121.0.6167.85 (3f98d690ad7e..., userDataDir: C:\Users\Sameer\AppData\Loc...}, fedcm:accounts: true, goog:chromeOptions: {debuggerAddress: localhost:59249}, networkConnectionEnabled: false, pageLoadStrategy: normal, platformName: windows, proxy: Proxy(), se:cdp: ws://localhost:59249/devtoo..., se:cdpVersion: 121.0.6167.140, setWindowRect: true, strictFileInteractability: false, timeouts: {implicit: 0, pageLoad: 300000, script: 30000}, unhandledPromptBehavior: dismiss and notify, webauthn:extension:credBlob: true, webauthn:extension:largeBlob: true, webauthn:extension:minPinLength: true, webauthn:extension:prf: true, webauthn:virtualAuthenticators: true}
Session ID: b7ca7b043954aa281a9bb3c6e089a54e
	at org.openqa.selenium.support.ui.WebDriverWait.timeoutException(WebDriverWait.java:84)
	at org.openqa.selenium.support.ui.FluentWait.until(FluentWait.java:230)
	at com.axisrooms.rateShopper.factories.ExplicitWaitFactory.elementToBeClickable(ExplicitWaitFactory.java:128)
	at com.axisrooms.rateShopper.factories.ExplicitWaitFactory.click(ExplicitWaitFactory.java:24)
	at com.axisrooms.rateShopper.pages.FiltersPage.clickOnOtasDropdown(FiltersPage.java:61)
	at com.axisrooms.rateShopper.test.FiltersTest.filtersTest(FiltersTest.java:29)
	at java.base/java.util.ArrayList.forEach(ArrayList.java:1511)
... Removed 27 stack frames
</div> <!-- stack-trace -->
                  <em>
(To check whether the user can successfully login)                  </em>
                </div> <!-- method-content -->
              </div> <!-- method -->
              <div class="method">
                <div class="method-content">
                  <a name="filtersTest({TimeForWait=5000, TestName=filtersTest, selectProperties=Coconut Lagoon-CGH Earth, Kumarakom, India...)">
                  </a> <!-- filtersTest({TimeForWait=5000, TestName=filtersTest, selectProperties=Coconut Lagoon-CGH Earth, Kumarakom, India...) -->
                  <span class="method-name">filtersTest</span>
                  <span class="parameters">({TimeForWait=5000, TestName=filtersTest, selectProperties=Coconut Lagoon-CGH Earth, Kumarakom, India, UserName=kancharla.p@axisrooms.com, Execute=yes, NoOfNights=1, RefreshFor=Rates , Month=, OTAs=6, NoOfAdults=1, DateQuickLinks=Today, Browser=chrome, Password=Axisrooms321#, Actual Result=})</span>
                  <div class="stack-trace">org.openqa.selenium.TimeoutException: Expected condition failed: waiting for element to be clickable: [[ChromeDriver: chrome on windows (5d6c3902725279685fe9901563ce684d)] -&gt; xpath: //body/app-root[1]/ge-home[1]/ge-home-slider[1]/div[1]/div[1]/div[1]/ge-ota[1]/div[1]/div[1]/button[1]] (tried for 30 second(s) with 500 milliseconds interval)
Build info: version: &apos;4.11.0&apos;, revision: &apos;040bc5406b&apos;
System info: os.name: &apos;Windows 11&apos;, os.arch: &apos;amd64&apos;, os.version: &apos;10.0&apos;, java.version: &apos;17.0.9&apos;
Driver info: org.openqa.selenium.chrome.ChromeDriver
Capabilities {acceptInsecureCerts: false, browserName: chrome, browserVersion: 121.0.6167.140, chrome: {chromedriverVersion: 121.0.6167.85 (3f98d690ad7e..., userDataDir: C:\Users\Sameer\AppData\Loc...}, fedcm:accounts: true, goog:chromeOptions: {debuggerAddress: localhost:58672}, networkConnectionEnabled: false, pageLoadStrategy: normal, platformName: windows, proxy: Proxy(), se:cdp: ws://localhost:58672/devtoo..., se:cdpVersion: 121.0.6167.140, setWindowRect: true, strictFileInteractability: false, timeouts: {implicit: 0, pageLoad: 300000, script: 30000}, unhandledPromptBehavior: dismiss and notify, webauthn:extension:credBlob: true, webauthn:extension:largeBlob: true, webauthn:extension:minPinLength: true, webauthn:extension:prf: true, webauthn:virtualAuthenticators: true}
Session ID: 5d6c3902725279685fe9901563ce684d
	at org.openqa.selenium.support.ui.WebDriverWait.timeoutException(WebDriverWait.java:84)
	at org.openqa.selenium.support.ui.FluentWait.until(FluentWait.java:230)
	at com.axisrooms.rateShopper.factories.ExplicitWaitFactory.elementToBeClickable(ExplicitWaitFactory.java:128)
	at com.axisrooms.rateShopper.factories.ExplicitWaitFactory.click(ExplicitWaitFactory.java:24)
	at com.axisrooms.rateShopper.pages.FiltersPage.clickOnOtasDropdown(FiltersPage.java:61)
	at com.axisrooms.rateShopper.test.FiltersTest.filtersTest(FiltersTest.java:29)
	at java.base/java.util.ArrayList.forEach(ArrayList.java:1511)
... Removed 27 stack frames
</div> <!-- stack-trace -->
                  <em>
(To check whether the user can successfully login)                  </em>
                </div> <!-- method-content -->
              </div> <!-- method -->
              <div class="method">
                <div class="method-content">
                  <a name="filtersTest({TimeForWait=5000, TestName=filtersTest, selectProperties=Coconut Lagoon-CGH Earth, Kumarakom, India...)">
                  </a> <!-- filtersTest({TimeForWait=5000, TestName=filtersTest, selectProperties=Coconut Lagoon-CGH Earth, Kumarakom, India...) -->
                  <span class="method-name">filtersTest</span>
                  <span class="parameters">({TimeForWait=5000, TestName=filtersTest, selectProperties=Coconut Lagoon-CGH Earth, Kumarakom, India, UserName=kancharla.p@axisrooms.com, Execute=yes, NoOfNights=1, RefreshFor=Rates , Month=, OTAs=6, NoOfAdults=1, DateQuickLinks=Today, Browser=chrome, Password=Axisrooms321#, Actual Result=})</span>
                  <div class="stack-trace">org.openqa.selenium.TimeoutException: Expected condition failed: waiting for element to be clickable: [[ChromeDriver: chrome on windows (cbcbacd811fc8bb534436d52aa21bb8e)] -&gt; xpath: //body/app-root[1]/ge-home[1]/ge-home-slider[1]/div[1]/div[1]/div[1]/ge-ota[1]/div[1]/div[1]/button[1]] (tried for 30 second(s) with 500 milliseconds interval)
Build info: version: &apos;4.11.0&apos;, revision: &apos;040bc5406b&apos;
System info: os.name: &apos;Windows 11&apos;, os.arch: &apos;amd64&apos;, os.version: &apos;10.0&apos;, java.version: &apos;17.0.9&apos;
Driver info: org.openqa.selenium.chrome.ChromeDriver
Capabilities {acceptInsecureCerts: false, browserName: chrome, browserVersion: 121.0.6167.140, chrome: {chromedriverVersion: 121.0.6167.85 (3f98d690ad7e..., userDataDir: C:\Users\Sameer\AppData\Loc...}, fedcm:accounts: true, goog:chromeOptions: {debuggerAddress: localhost:59024}, networkConnectionEnabled: false, pageLoadStrategy: normal, platformName: windows, proxy: Proxy(), se:cdp: ws://localhost:59024/devtoo..., se:cdpVersion: 121.0.6167.140, setWindowRect: true, strictFileInteractability: false, timeouts: {implicit: 0, pageLoad: 300000, script: 30000}, unhandledPromptBehavior: dismiss and notify, webauthn:extension:credBlob: true, webauthn:extension:largeBlob: true, webauthn:extension:minPinLength: true, webauthn:extension:prf: true, webauthn:virtualAuthenticators: true}
Session ID: cbcbacd811fc8bb534436d52aa21bb8e
	at org.openqa.selenium.support.ui.WebDriverWait.timeoutException(WebDriverWait.java:84)
	at org.openqa.selenium.support.ui.FluentWait.until(FluentWait.java:230)
	at com.axisrooms.rateShopper.factories.ExplicitWaitFactory.elementToBeClickable(ExplicitWaitFactory.java:128)
	at com.axisrooms.rateShopper.factories.ExplicitWaitFactory.click(ExplicitWaitFactory.java:24)
	at com.axisrooms.rateShopper.pages.FiltersPage.clickOnOtasDropdown(FiltersPage.java:61)
	at com.axisrooms.rateShopper.test.FiltersTest.filtersTest(FiltersTest.java:29)
	at java.base/java.util.ArrayList.forEach(ArrayList.java:1511)
... Removed 27 stack frames
</div> <!-- stack-trace -->
                  <em>
(To check whether the user can successfully login)                  </em>
                </div> <!-- method-content -->
              </div> <!-- method -->
              <div class="method">
                <div class="method-content">
                  <a name="filtersTest({TimeForWait=5000, TestName=filtersTest, selectProperties=19VillaMira, Pondicherry, India, UserName=...)">
                  </a> <!-- filtersTest({TimeForWait=5000, TestName=filtersTest, selectProperties=19VillaMira, Pondicherry, India, UserName=...) -->
                  <span class="method-name">filtersTest</span>
                  <span class="parameters">({TimeForWait=5000, TestName=filtersTest, selectProperties=19VillaMira, Pondicherry, India, UserName=kancharla.p@axisrooms.com, Execute=yes, NoOfNights=4, RefreshFor=Rates , Month=, OTAs=4, NoOfAdults=4, DateQuickLinks=Today, Browser=chrome, Password=Axisrooms321#, Actual Result=})</span>
                  <div class="stack-trace">org.openqa.selenium.TimeoutException: Expected condition failed: waiting for visibility of Proxy element for: DefaultElementLocator &apos;By.xpath: (//*[name()=&apos;text&apos;][normalize-space()=&apos;Prices&apos;])[1]&apos; (tried for 10 second(s) with 500 milliseconds interval)
	at org.openqa.selenium.support.ui.WebDriverWait.timeoutException(WebDriverWait.java:84)
	at org.openqa.selenium.support.ui.FluentWait.until(FluentWait.java:230)
	at com.axisrooms.rateShopper.pages.RefreshPage.getPriceText(RefreshPage.java:123)
	at com.axisrooms.rateShopper.test.FiltersTest.filtersTest(FiltersTest.java:57)
	at java.base/java.util.ArrayList.forEach(ArrayList.java:1511)
Caused by: org.openqa.selenium.NoSuchElementException: no such element: Unable to locate element: {&quot;method&quot;:&quot;xpath&quot;,&quot;selector&quot;:&quot;(//*[name()=&apos;text&apos;][normalize-space()=&apos;Prices&apos;])[1]&quot;}
  (Session info: chrome=121.0.6167.140)
For documentation on this error, please visit: https://www.selenium.dev/documentation/webdriver/troubleshooting/errors#no-such-element-exception
Build info: version: &apos;4.11.0&apos;, revision: &apos;040bc5406b&apos;
System info: os.name: &apos;Windows 11&apos;, os.arch: &apos;amd64&apos;, os.version: &apos;10.0&apos;, java.version: &apos;17.0.9&apos;
Driver info: org.openqa.selenium.chrome.ChromeDriver
Command: [21a8cb4fc150408e35633971f8a723a5, findElement {using=xpath, value=(//*[name()=&apos;text&apos;][normalize-space()=&apos;Prices&apos;])[1]}]
Capabilities {acceptInsecureCerts: false, browserName: chrome, browserVersion: 121.0.6167.140, chrome: {chromedriverVersion: 121.0.6167.85 (3f98d690ad7e..., userDataDir: C:\Users\Sameer\AppData\Loc...}, fedcm:accounts: true, goog:chromeOptions: {debuggerAddress: localhost:58960}, networkConnectionEnabled: false, pageLoadStrategy: normal, platformName: windows, proxy: Proxy(), se:cdp: ws://localhost:58960/devtoo..., se:cdpVersion: 121.0.6167.140, setWindowRect: true, strictFileInteractability: false, timeouts: {implicit: 0, pageLoad: 300000, script: 30000}, unhandledPromptBehavior: dismiss and notify, webauthn:extension:credBlob: true, webauthn:extension:largeBlob: true, webauthn:extension:minPinLength: true, webauthn:extension:prf: true, webauthn:virtualAuthenticators: true}
Session ID: 21a8cb4fc150408e35633971f8a723a5
	at org.openqa.selenium.remote.codec.w3c.W3CHttpResponseCodec.createException(W3CHttpResponseCodec.java:200)
	at org.openqa.selenium.remote.codec.w3c.W3CHttpResponseCodec.decode(W3CHttpResponseCodec.java:133)
	at org.openqa.selenium.remote.codec.w3c.W3CHttpResponseCodec.decode(W3CHttpResponseCodec.java:52)
	at org.openqa.selenium.remote.HttpCommandExecutor.execute(HttpCommandExecutor.java:191)
	at org.openqa.selenium.remote.service.DriverCommandExecutor.invokeExecute(DriverCommandExecutor.java:196)
	at org.openqa.selenium.remote.service.DriverCommandExecutor.execute(DriverCommandExecutor.java:171)
	at org.openqa.selenium.remote.RemoteWebDriver.execute(RemoteWebDriver.java:518)
	at org.openqa.selenium.remote.ElementLocation$ElementFinder$2.findElement(ElementLocation.java:165)
	at org.openqa.selenium.remote.ElementLocation.findElement(ElementLocation.java:59)
	at org.openqa.selenium.remote.RemoteWebDriver.findElement(RemoteWebDriver.java:355)
	at org.openqa.selenium.remote.RemoteWebDriver.findElement(RemoteWebDriver.java:349)
	at org.openqa.selenium.support.pagefactory.DefaultElementLocator.findElement(DefaultElementLocator.java:68)
	at org.openqa.selenium.support.pagefactory.internal.LocatingElementHandler.invoke(LocatingElementHandler.java:38)
	at jdk.proxy2/jdk.proxy2.$Proxy18.isDisplayed(Unknown Source)
	at org.openqa.selenium.support.ui.ExpectedConditions.elementIfVisible(ExpectedConditions.java:304)
	at org.openqa.selenium.support.ui.ExpectedConditions.access$000(ExpectedConditions.java:37)
	at org.openqa.selenium.support.ui.ExpectedConditions$10.apply(ExpectedConditions.java:290)
	at org.openqa.selenium.support.ui.ExpectedConditions$10.apply(ExpectedConditions.java:287)
	at org.openqa.selenium.support.ui.FluentWait.until(FluentWait.java:205)
	... 30 more
... Removed 32 stack frames
</div> <!-- stack-trace -->
                  <em>
(To check whether the user can successfully login)                  </em>
                </div> <!-- method-content -->
              </div> <!-- method -->
              <div class="method">
                <div class="method-content">
                  <a name="filtersTest({TimeForWait=5000, TestName=filtersTest, selectProperties=Coconut Lagoon-CGH Earth, Kumarakom, India...)">
                  </a> <!-- filtersTest({TimeForWait=5000, TestName=filtersTest, selectProperties=Coconut Lagoon-CGH Earth, Kumarakom, India...) -->
                  <span class="method-name">filtersTest</span>
                  <span class="parameters">({TimeForWait=5000, TestName=filtersTest, selectProperties=Coconut Lagoon-CGH Earth, Kumarakom, India, UserName=kancharla.p@axisrooms.com, Execute=yes, NoOfNights=3, RefreshFor=Rates , Month=, OTAs=3, NoOfAdults=3, DateQuickLinks=Today, Browser=chrome, Password=Axisrooms321#, Actual Result=})</span>
                  <div class="stack-trace">org.openqa.selenium.TimeoutException: Expected condition failed: waiting for element to be clickable: [[ChromeDriver: chrome on windows (963bae2c9cf2db288463a2344ea97413)] -&gt; xpath: //body/app-root[1]/ge-home[1]/ge-home-slider[1]/div[1]/div[1]/div[1]/ge-ota[1]/div[1]/div[1]/button[1]] (tried for 30 second(s) with 500 milliseconds interval)
Build info: version: &apos;4.11.0&apos;, revision: &apos;040bc5406b&apos;
System info: os.name: &apos;Windows 11&apos;, os.arch: &apos;amd64&apos;, os.version: &apos;10.0&apos;, java.version: &apos;17.0.9&apos;
Driver info: org.openqa.selenium.chrome.ChromeDriver
Capabilities {acceptInsecureCerts: false, browserName: chrome, browserVersion: 121.0.6167.140, chrome: {chromedriverVersion: 121.0.6167.85 (3f98d690ad7e..., userDataDir: C:\Users\Sameer\AppData\Loc...}, fedcm:accounts: true, goog:chromeOptions: {debuggerAddress: localhost:59482}, networkConnectionEnabled: false, pageLoadStrategy: normal, platformName: windows, proxy: Proxy(), se:cdp: ws://localhost:59482/devtoo..., se:cdpVersion: 121.0.6167.140, setWindowRect: true, strictFileInteractability: false, timeouts: {implicit: 0, pageLoad: 300000, script: 30000}, unhandledPromptBehavior: dismiss and notify, webauthn:extension:credBlob: true, webauthn:extension:largeBlob: true, webauthn:extension:minPinLength: true, webauthn:extension:prf: true, webauthn:virtualAuthenticators: true}
Session ID: 963bae2c9cf2db288463a2344ea97413
	at org.openqa.selenium.support.ui.WebDriverWait.timeoutException(WebDriverWait.java:84)
	at org.openqa.selenium.support.ui.FluentWait.until(FluentWait.java:230)
	at com.axisrooms.rateShopper.factories.ExplicitWaitFactory.elementToBeClickable(ExplicitWaitFactory.java:128)
	at com.axisrooms.rateShopper.factories.ExplicitWaitFactory.click(ExplicitWaitFactory.java:24)
	at com.axisrooms.rateShopper.pages.FiltersPage.clickOnOtasDropdown(FiltersPage.java:61)
	at com.axisrooms.rateShopper.test.FiltersTest.filtersTest(FiltersTest.java:29)
	at java.base/java.util.ArrayList.forEach(ArrayList.java:1511)
... Removed 27 stack frames
</div> <!-- stack-trace -->
                  <em>
(To check whether the user can successfully login)                  </em>
                </div> <!-- method-content -->
              </div> <!-- method -->
              <div class="method">
                <div class="method-content">
                  <a name="filtersTest({TimeForWait=5000, TestName=filtersTest, selectProperties=Coconut Lagoon-CGH Earth, Kumarakom, India...)">
                  </a> <!-- filtersTest({TimeForWait=5000, TestName=filtersTest, selectProperties=Coconut Lagoon-CGH Earth, Kumarakom, India...) -->
                  <span class="method-name">filtersTest</span>
                  <span class="parameters">({TimeForWait=5000, TestName=filtersTest, selectProperties=Coconut Lagoon-CGH Earth, Kumarakom, India, UserName=kancharla.p@axisrooms.com, Execute=yes, NoOfNights=1, RefreshFor=Rates , Month=, OTAs=1, NoOfAdults=1, DateQuickLinks=Today, Browser=chrome, Password=Axisrooms321#, Actual Result=})</span>
                  <div class="stack-trace">org.openqa.selenium.TimeoutException: Expected condition failed: waiting for element to be clickable: [[ChromeDriver: chrome on windows (6e95871bbf5b44fb75e0cd5dac7755e7)] -&gt; xpath: //body/app-root[1]/ge-home[1]/ge-home-slider[1]/div[1]/div[1]/div[1]/ge-ota[1]/div[1]/div[1]/button[1]] (tried for 30 second(s) with 500 milliseconds interval)
Build info: version: &apos;4.11.0&apos;, revision: &apos;040bc5406b&apos;
System info: os.name: &apos;Windows 11&apos;, os.arch: &apos;amd64&apos;, os.version: &apos;10.0&apos;, java.version: &apos;17.0.9&apos;
Driver info: org.openqa.selenium.chrome.ChromeDriver
Capabilities {acceptInsecureCerts: false, browserName: chrome, browserVersion: 121.0.6167.140, chrome: {chromedriverVersion: 121.0.6167.85 (3f98d690ad7e..., userDataDir: C:\Users\Sameer\AppData\Loc...}, fedcm:accounts: true, goog:chromeOptions: {debuggerAddress: localhost:58787}, networkConnectionEnabled: false, pageLoadStrategy: normal, platformName: windows, proxy: Proxy(), se:cdp: ws://localhost:58787/devtoo..., se:cdpVersion: 121.0.6167.140, setWindowRect: true, strictFileInteractability: false, timeouts: {implicit: 0, pageLoad: 300000, script: 30000}, unhandledPromptBehavior: dismiss and notify, webauthn:extension:credBlob: true, webauthn:extension:largeBlob: true, webauthn:extension:minPinLength: true, webauthn:extension:prf: true, webauthn:virtualAuthenticators: true}
Session ID: 6e95871bbf5b44fb75e0cd5dac7755e7
	at org.openqa.selenium.support.ui.WebDriverWait.timeoutException(WebDriverWait.java:84)
	at org.openqa.selenium.support.ui.FluentWait.until(FluentWait.java:230)
	at com.axisrooms.rateShopper.factories.ExplicitWaitFactory.elementToBeClickable(ExplicitWaitFactory.java:128)
	at com.axisrooms.rateShopper.factories.ExplicitWaitFactory.click(ExplicitWaitFactory.java:24)
	at com.axisrooms.rateShopper.pages.FiltersPage.clickOnOtasDropdown(FiltersPage.java:61)
	at com.axisrooms.rateShopper.test.FiltersTest.filtersTest(FiltersTest.java:29)
	at java.base/java.util.ArrayList.forEach(ArrayList.java:1511)
... Removed 27 stack frames
</div> <!-- stack-trace -->
                  <em>
(To check whether the user can successfully login)                  </em>
                </div> <!-- method-content -->
              </div> <!-- method -->
              <div class="method">
                <div class="method-content">
                  <a name="filtersTest({TimeForWait=5000, TestName=filtersTest, selectProperties=Coconut Lagoon-CGH Earth, Kumarakom, India...)">
                  </a> <!-- filtersTest({TimeForWait=5000, TestName=filtersTest, selectProperties=Coconut Lagoon-CGH Earth, Kumarakom, India...) -->
                  <span class="method-name">filtersTest</span>
                  <span class="parameters">({TimeForWait=5000, TestName=filtersTest, selectProperties=Coconut Lagoon-CGH Earth, Kumarakom, India, UserName=kancharla.p@axisrooms.com, Execute=yes, NoOfNights=3, RefreshFor=Rates , Month=, OTAs=3, NoOfAdults=3, DateQuickLinks=Today, Browser=chrome, Password=Axisrooms321#, Actual Result=})</span>
                  <div class="stack-trace">org.openqa.selenium.TimeoutException: Expected condition failed: waiting for element to be clickable: [[ChromeDriver: chrome on windows (19c7c5cef08a8d07d8ef11fde2551dba)] -&gt; xpath: //body/app-root[1]/ge-home[1]/ge-home-slider[1]/div[1]/div[1]/div[1]/ge-ota[1]/div[1]/div[1]/button[1]] (tried for 30 second(s) with 500 milliseconds interval)
Build info: version: &apos;4.11.0&apos;, revision: &apos;040bc5406b&apos;
System info: os.name: &apos;Windows 11&apos;, os.arch: &apos;amd64&apos;, os.version: &apos;10.0&apos;, java.version: &apos;17.0.9&apos;
Driver info: org.openqa.selenium.chrome.ChromeDriver
Capabilities {acceptInsecureCerts: false, browserName: chrome, browserVersion: 121.0.6167.140, chrome: {chromedriverVersion: 121.0.6167.85 (3f98d690ad7e..., userDataDir: C:\Users\Sameer\AppData\Loc...}, fedcm:accounts: true, goog:chromeOptions: {debuggerAddress: localhost:58904}, networkConnectionEnabled: false, pageLoadStrategy: normal, platformName: windows, proxy: Proxy(), se:cdp: ws://localhost:58904/devtoo..., se:cdpVersion: 121.0.6167.140, setWindowRect: true, strictFileInteractability: false, timeouts: {implicit: 0, pageLoad: 300000, script: 30000}, unhandledPromptBehavior: dismiss and notify, webauthn:extension:credBlob: true, webauthn:extension:largeBlob: true, webauthn:extension:minPinLength: true, webauthn:extension:prf: true, webauthn:virtualAuthenticators: true}
Session ID: 19c7c5cef08a8d07d8ef11fde2551dba
	at org.openqa.selenium.support.ui.WebDriverWait.timeoutException(WebDriverWait.java:84)
	at org.openqa.selenium.support.ui.FluentWait.until(FluentWait.java:230)
	at com.axisrooms.rateShopper.factories.ExplicitWaitFactory.elementToBeClickable(ExplicitWaitFactory.java:128)
	at com.axisrooms.rateShopper.factories.ExplicitWaitFactory.click(ExplicitWaitFactory.java:24)
	at com.axisrooms.rateShopper.pages.FiltersPage.clickOnOtasDropdown(FiltersPage.java:61)
	at com.axisrooms.rateShopper.test.FiltersTest.filtersTest(FiltersTest.java:29)
	at java.base/java.util.ArrayList.forEach(ArrayList.java:1511)
... Removed 27 stack frames
</div> <!-- stack-trace -->
                  <em>
(To check whether the user can successfully login)                  </em>
                </div> <!-- method-content -->
              </div> <!-- method -->
              <div class="method">
                <div class="method-content">
                  <a name="filtersTest({TimeForWait=5000, TestName=filtersTest, selectProperties=Coconut Lagoon-CGH Earth, Kumarakom, India...)">
                  </a> <!-- filtersTest({TimeForWait=5000, TestName=filtersTest, selectProperties=Coconut Lagoon-CGH Earth, Kumarakom, India...) -->
                  <span class="method-name">filtersTest</span>
                  <span class="parameters">({TimeForWait=5000, TestName=filtersTest, selectProperties=Coconut Lagoon-CGH Earth, Kumarakom, India, UserName=kancharla.p@axisrooms.com, Execute=yes, NoOfNights=1, RefreshFor=Rates , Month=, OTAs=1, NoOfAdults=1, DateQuickLinks=Today, Browser=chrome, Password=Axisrooms321#, Actual Result=})</span>
                  <div class="stack-trace">org.openqa.selenium.TimeoutException: Expected condition failed: waiting for element to be clickable: [[ChromeDriver: chrome on windows (bc8a655da229b03ff637c2724240264f)] -&gt; xpath: //body/app-root[1]/ge-home[1]/ge-home-slider[1]/div[1]/div[1]/div[1]/ge-ota[1]/div[1]/div[1]/button[1]] (tried for 30 second(s) with 500 milliseconds interval)
Build info: version: &apos;4.11.0&apos;, revision: &apos;040bc5406b&apos;
System info: os.name: &apos;Windows 11&apos;, os.arch: &apos;amd64&apos;, os.version: &apos;10.0&apos;, java.version: &apos;17.0.9&apos;
Driver info: org.openqa.selenium.chrome.ChromeDriver
Capabilities {acceptInsecureCerts: false, browserName: chrome, browserVersion: 121.0.6167.140, chrome: {chromedriverVersion: 121.0.6167.85 (3f98d690ad7e..., userDataDir: C:\Users\Sameer\AppData\Loc...}, fedcm:accounts: true, goog:chromeOptions: {debuggerAddress: localhost:59137}, networkConnectionEnabled: false, pageLoadStrategy: normal, platformName: windows, proxy: Proxy(), se:cdp: ws://localhost:59137/devtoo..., se:cdpVersion: 121.0.6167.140, setWindowRect: true, strictFileInteractability: false, timeouts: {implicit: 0, pageLoad: 300000, script: 30000}, unhandledPromptBehavior: dismiss and notify, webauthn:extension:credBlob: true, webauthn:extension:largeBlob: true, webauthn:extension:minPinLength: true, webauthn:extension:prf: true, webauthn:virtualAuthenticators: true}
Session ID: bc8a655da229b03ff637c2724240264f
	at org.openqa.selenium.support.ui.WebDriverWait.timeoutException(WebDriverWait.java:84)
	at org.openqa.selenium.support.ui.FluentWait.until(FluentWait.java:230)
	at com.axisrooms.rateShopper.factories.ExplicitWaitFactory.elementToBeClickable(ExplicitWaitFactory.java:128)
	at com.axisrooms.rateShopper.factories.ExplicitWaitFactory.click(ExplicitWaitFactory.java:24)
	at com.axisrooms.rateShopper.pages.FiltersPage.clickOnOtasDropdown(FiltersPage.java:61)
	at com.axisrooms.rateShopper.test.FiltersTest.filtersTest(FiltersTest.java:29)
	at java.base/java.util.ArrayList.forEach(ArrayList.java:1511)
... Removed 27 stack frames
</div> <!-- stack-trace -->
                  <em>
(To check whether the user can successfully login)                  </em>
                </div> <!-- method-content -->
              </div> <!-- method -->
            </div> <!-- main-panel-content rounded-window-bottom -->
          </div> <!-- suite-Suite-class-failed -->
          <div class="suite-Suite-class-passed">
            <div class="main-panel-header rounded-window-top">
              <img src="passed.png"/>
              <span class="class-name">com.axisrooms.rateShopper.test.ReportTest</span>
            </div> <!-- main-panel-header rounded-window-top -->
            <div class="main-panel-content rounded-window-bottom">
              <div class="method">
                <div class="method-content">
                  <a name="reportTest({TimeForWait=5000, TestName=reportTest, selectProperties=19VillaMira, Pondicherry, India, UserName=k...)">
                  </a> <!-- reportTest({TimeForWait=5000, TestName=reportTest, selectProperties=19VillaMira, Pondicherry, India, UserName=k...) -->
                  <span class="method-name">reportTest</span>
                  <span class="parameters">({TimeForWait=5000, TestName=reportTest, selectProperties=19VillaMira, Pondicherry, India, UserName=kancharla.p@axisrooms.com, Execute=yes, NoOfNights=5, RefreshFor=Rates , Month=, OTAs=, NoOfAdults=2, DateQuickLinks=Today, Browser=chrome, Password=Axisrooms321#, Actual Result=})</span>
                  <em>
(To check whether the user can successfully login)                  </em>
                </div> <!-- method-content -->
              </div> <!-- method -->
              <div class="method">
                <div class="method-content">
                  <a name="reportTest({TimeForWait=5000, TestName=reportTest, selectProperties=Coconut Lagoon-CGH Earth, Kumarakom, India,...)">
                  </a> <!-- reportTest({TimeForWait=5000, TestName=reportTest, selectProperties=Coconut Lagoon-CGH Earth, Kumarakom, India,...) -->
                  <span class="method-name">reportTest</span>
                  <span class="parameters">({TimeForWait=5000, TestName=reportTest, selectProperties=Coconut Lagoon-CGH Earth, Kumarakom, India, UserName=kancharla.p@axisrooms.com, Execute=yes, NoOfNights=5, RefreshFor=Rates , Month=, OTAs=, NoOfAdults=2, DateQuickLinks=Today, Browser=chrome, Password=Axisrooms321#, Actual Result=})</span>
                  <em>
(To check whether the user can successfully login)                  </em>
                </div> <!-- method-content -->
              </div> <!-- method -->
            </div> <!-- main-panel-content rounded-window-bottom -->
          </div> <!-- suite-Suite-class-passed -->
          <div class="suite-Suite-class-passed">
            <div class="main-panel-header rounded-window-top">
              <img src="passed.png"/>
              <span class="class-name">com.axisrooms.rateShopper.test.RefreshTestForRates</span>
            </div> <!-- main-panel-header rounded-window-top -->
            <div class="main-panel-content rounded-window-bottom">
              <div class="method">
                <div class="method-content">
                  <a name="refreshTest({TimeForWait=5000, TestName=refreshTest, selectProperties=Coconut Lagoon-CGH Earth, Kumarakom, India...)">
                  </a> <!-- refreshTest({TimeForWait=5000, TestName=refreshTest, selectProperties=Coconut Lagoon-CGH Earth, Kumarakom, India...) -->
                  <span class="method-name">refreshTest</span>
                  <span class="parameters">({TimeForWait=5000, TestName=refreshTest, selectProperties=Coconut Lagoon-CGH Earth, Kumarakom, India, UserName=kancharla.p@axisrooms.com, Execute=yes, NoOfNights=3, RefreshFor=Rates , Month=, OTAs=, NoOfAdults=2, DateQuickLinks=Today, Browser=chrome, Password=Axisrooms321#, Actual Result=180000})</span>
                  <em>
(To check whether the user can successfully login)                  </em>
                </div> <!-- method-content -->
              </div> <!-- method -->
              <div class="method">
                <div class="method-content">
                  <a name="refreshTest({TimeForWait=5000, TestName=refreshTest, selectProperties=Coconut Lagoon-CGH Earth, Kumarakom, India...)">
                  </a> <!-- refreshTest({TimeForWait=5000, TestName=refreshTest, selectProperties=Coconut Lagoon-CGH Earth, Kumarakom, India...) -->
                  <span class="method-name">refreshTest</span>
                  <span class="parameters">({TimeForWait=5000, TestName=refreshTest, selectProperties=Coconut Lagoon-CGH Earth, Kumarakom, India, UserName=kancharla.p@axisrooms.com, Execute=yes, NoOfNights=5, RefreshFor=Rates , Month=, OTAs=, NoOfAdults=2, DateQuickLinks=Today, Browser=chrome, Password=Axisrooms321#, Actual Result=180000})</span>
                  <em>
(To check whether the user can successfully login)                  </em>
                </div> <!-- method-content -->
              </div> <!-- method -->
              <div class="method">
                <div class="method-content">
                  <a name="refreshTest({TimeForWait=5000, TestName=refreshTest, selectProperties=19VillaMira, Pondicherry, India, UserName=...)">
                  </a> <!-- refreshTest({TimeForWait=5000, TestName=refreshTest, selectProperties=19VillaMira, Pondicherry, India, UserName=...) -->
                  <span class="method-name">refreshTest</span>
                  <span class="parameters">({TimeForWait=5000, TestName=refreshTest, selectProperties=19VillaMira, Pondicherry, India, UserName=kancharla.p@axisrooms.com, Execute=yes, NoOfNights=5, RefreshFor=Rates , Month=, OTAs=, NoOfAdults=2, DateQuickLinks=Today, Browser=chrome, Password=Axisrooms321#, Actual Result=180000})</span>
                  <em>
(To check whether the user can successfully login)                  </em>
                </div> <!-- method-content -->
              </div> <!-- method -->
              <div class="method">
                <div class="method-content">
                  <a name="refreshTest({TimeForWait=5000, TestName=refreshTest, selectProperties=19VillaMira, Pondicherry, India, UserName=...)">
                  </a> <!-- refreshTest({TimeForWait=5000, TestName=refreshTest, selectProperties=19VillaMira, Pondicherry, India, UserName=...) -->
                  <span class="method-name">refreshTest</span>
                  <span class="parameters">({TimeForWait=5000, TestName=refreshTest, selectProperties=19VillaMira, Pondicherry, India, UserName=kancharla.p@axisrooms.com, Execute=yes, NoOfNights=2, RefreshFor=Rates , Month=, OTAs=, NoOfAdults=2, DateQuickLinks=Today, Browser=chrome, Password=Axisrooms321#, Actual Result=180000})</span>
                  <em>
(To check whether the user can successfully login)                  </em>
                </div> <!-- method-content -->
              </div> <!-- method -->
              <div class="method">
                <div class="method-content">
                  <a name="refreshTest({TimeForWait=5000, TestName=refreshTest, selectProperties=Coconut Lagoon-CGH Earth, Kumarakom, India...)">
                  </a> <!-- refreshTest({TimeForWait=5000, TestName=refreshTest, selectProperties=Coconut Lagoon-CGH Earth, Kumarakom, India...) -->
                  <span class="method-name">refreshTest</span>
                  <span class="parameters">({TimeForWait=5000, TestName=refreshTest, selectProperties=Coconut Lagoon-CGH Earth, Kumarakom, India, UserName=kancharla.p@axisrooms.com, Execute=yes, NoOfNights=1, RefreshFor=Rates , Month=, OTAs=, NoOfAdults=2, DateQuickLinks=Today, Browser=chrome, Password=Axisrooms321#, Actual Result=180000})</span>
                  <em>
(To check whether the user can successfully login)                  </em>
                </div> <!-- method-content -->
              </div> <!-- method -->
            </div> <!-- main-panel-content rounded-window-bottom -->
          </div> <!-- suite-Suite-class-passed -->
          <div class="suite-Suite-class-passed">
            <div class="main-panel-header rounded-window-top">
              <img src="passed.png"/>
              <span class="class-name">com.axisrooms.rateShopper.test.FiltersTest</span>
            </div> <!-- main-panel-header rounded-window-top -->
            <div class="main-panel-content rounded-window-bottom">
              <div class="method">
                <div class="method-content">
                  <a name="filtersTest({TimeForWait=5000, TestName=filtersTest, selectProperties=19VillaMira, Pondicherry, India, UserName=...)">
                  </a> <!-- filtersTest({TimeForWait=5000, TestName=filtersTest, selectProperties=19VillaMira, Pondicherry, India, UserName=...) -->
                  <span class="method-name">filtersTest</span>
                  <span class="parameters">({TimeForWait=5000, TestName=filtersTest, selectProperties=19VillaMira, Pondicherry, India, UserName=kancharla.p@axisrooms.com, Execute=yes, NoOfNights=2, RefreshFor=Rates , Month=, OTAs=2, NoOfAdults=2, DateQuickLinks=Today, Browser=chrome, Password=Axisrooms321#, Actual Result=})</span>
                  <em>
(To check whether the user can successfully login)                  </em>
                </div> <!-- method-content -->
              </div> <!-- method -->
              <div class="method">
                <div class="method-content">
                  <a name="filtersTest({TimeForWait=5000, TestName=filtersTest, selectProperties=19VillaMira, Pondicherry, India, UserName=...)">
                  </a> <!-- filtersTest({TimeForWait=5000, TestName=filtersTest, selectProperties=19VillaMira, Pondicherry, India, UserName=...) -->
                  <span class="method-name">filtersTest</span>
                  <span class="parameters">({TimeForWait=5000, TestName=filtersTest, selectProperties=19VillaMira, Pondicherry, India, UserName=kancharla.p@axisrooms.com, Execute=yes, NoOfNights=2, RefreshFor=Rates , Month=, OTAs=2, NoOfAdults=2, DateQuickLinks=Today, Browser=chrome, Password=Axisrooms321#, Actual Result=})</span>
                  <em>
(To check whether the user can successfully login)                  </em>
                </div> <!-- method-content -->
              </div> <!-- method -->
              <div class="method">
                <div class="method-content">
                  <a name="filtersTest({TimeForWait=5000, TestName=filtersTest, selectProperties=19VillaMira, Pondicherry, India, UserName=...)">
                  </a> <!-- filtersTest({TimeForWait=5000, TestName=filtersTest, selectProperties=19VillaMira, Pondicherry, India, UserName=...) -->
                  <span class="method-name">filtersTest</span>
                  <span class="parameters">({TimeForWait=5000, TestName=filtersTest, selectProperties=19VillaMira, Pondicherry, India, UserName=kancharla.p@axisrooms.com, Execute=yes, NoOfNights=4, RefreshFor=Rates , Month=, OTAs=4, NoOfAdults=4, DateQuickLinks=Today, Browser=chrome, Password=Axisrooms321#, Actual Result=})</span>
                  <em>
(To check whether the user can successfully login)                  </em>
                </div> <!-- method-content -->
              </div> <!-- method -->
              <div class="method">
                <div class="method-content">
                  <a name="filtersTest({TimeForWait=5000, TestName=filtersTest, selectProperties=19VillaMira, Pondicherry, India, UserName=...)">
                  </a> <!-- filtersTest({TimeForWait=5000, TestName=filtersTest, selectProperties=19VillaMira, Pondicherry, India, UserName=...) -->
                  <span class="method-name">filtersTest</span>
                  <span class="parameters">({TimeForWait=5000, TestName=filtersTest, selectProperties=19VillaMira, Pondicherry, India, UserName=kancharla.p@axisrooms.com, Execute=yes, NoOfNights=4, RefreshFor=Rates , Month=, OTAs=4, NoOfAdults=4, DateQuickLinks=Today, Browser=chrome, Password=Axisrooms321#, Actual Result=})</span>
                  <em>
(To check whether the user can successfully login)                  </em>
                </div> <!-- method-content -->
              </div> <!-- method -->
              <div class="method">
                <div class="method-content">
                  <a name="filtersTest({TimeForWait=5000, TestName=filtersTest, selectProperties=19VillaMira, Pondicherry, India, UserName=...)">
                  </a> <!-- filtersTest({TimeForWait=5000, TestName=filtersTest, selectProperties=19VillaMira, Pondicherry, India, UserName=...) -->
                  <span class="method-name">filtersTest</span>
                  <span class="parameters">({TimeForWait=5000, TestName=filtersTest, selectProperties=19VillaMira, Pondicherry, India, UserName=kancharla.p@axisrooms.com, Execute=yes, NoOfNights=5, RefreshFor=Rates , Month=, OTAs=5, NoOfAdults=5, DateQuickLinks=Today, Browser=chrome, Password=Axisrooms321#, Actual Result=})</span>
                  <em>
(To check whether the user can successfully login)                  </em>
                </div> <!-- method-content -->
              </div> <!-- method -->
              <div class="method">
                <div class="method-content">
                  <a name="filtersTest({TimeForWait=5000, TestName=filtersTest, selectProperties=19VillaMira, Pondicherry, India, UserName=...)">
                  </a> <!-- filtersTest({TimeForWait=5000, TestName=filtersTest, selectProperties=19VillaMira, Pondicherry, India, UserName=...) -->
                  <span class="method-name">filtersTest</span>
                  <span class="parameters">({TimeForWait=5000, TestName=filtersTest, selectProperties=19VillaMira, Pondicherry, India, UserName=kancharla.p@axisrooms.com, Execute=yes, NoOfNights=5, RefreshFor=Rates , Month=, OTAs=5, NoOfAdults=5, DateQuickLinks=Today, Browser=chrome, Password=Axisrooms321#, Actual Result=})</span>
                  <em>
(To check whether the user can successfully login)                  </em>
                </div> <!-- method-content -->
              </div> <!-- method -->
              <div class="method">
                <div class="method-content">
                  <a name="filtersTest({TimeForWait=5000, TestName=filtersTest, selectProperties=19VillaMira, Pondicherry, India, UserName=...)">
                  </a> <!-- filtersTest({TimeForWait=5000, TestName=filtersTest, selectProperties=19VillaMira, Pondicherry, India, UserName=...) -->
                  <span class="method-name">filtersTest</span>
                  <span class="parameters">({TimeForWait=5000, TestName=filtersTest, selectProperties=19VillaMira, Pondicherry, India, UserName=kancharla.p@axisrooms.com, Execute=yes, NoOfNights=2, RefreshFor=Rates , Month=, OTAs=2, NoOfAdults=2, DateQuickLinks=Today, Browser=chrome, Password=Axisrooms321#, Actual Result=})</span>
                  <em>
(To check whether the user can successfully login)                  </em>
                </div> <!-- method-content -->
              </div> <!-- method -->
            </div> <!-- main-panel-content rounded-window-bottom -->
          </div> <!-- suite-Suite-class-passed -->
          <div class="suite-Suite-class-passed">
            <div class="main-panel-header rounded-window-top">
              <img src="passed.png"/>
              <span class="class-name">com.axisrooms.rateShopper.test.LoginTest</span>
            </div> <!-- main-panel-header rounded-window-top -->
            <div class="main-panel-content rounded-window-bottom">
              <div class="method">
                <div class="method-content">
                  <a name="loginTest({TimeForWait=, TestName=loginTest, selectProperties=, UserName=kancharla.p@axisrooms.com, Execute=ye...)">
                  </a> <!-- loginTest({TimeForWait=, TestName=loginTest, selectProperties=, UserName=kancharla.p@axisrooms.com, Execute=ye...) -->
                  <span class="method-name">loginTest</span>
                  <span class="parameters">({TimeForWait=, TestName=loginTest, selectProperties=, UserName=kancharla.p@axisrooms.com, Execute=yes, NoOfNights=, RefreshFor=, Month=, OTAs=, NoOfAdults=, DateQuickLinks=, Browser=chrome, Password=Axisrooms321#, Actual Result=})</span>
                  <em>
(To check whether the user can successfully login)                  </em>
                </div> <!-- method-content -->
              </div> <!-- method -->
            </div> <!-- main-panel-content rounded-window-bottom -->
          </div> <!-- suite-Suite-class-passed -->
        </div> <!-- panel Suite -->
        <div panel-name="test-xml-Suite" class="panel">
          <div class="main-panel-header rounded-window-top">
            <span class="header-content">C:\Users\Sameer\git\RateShopper\testng.xml</span>
          </div> <!-- main-panel-header rounded-window-top -->
          <div class="main-panel-content rounded-window-bottom">
            <pre>
&lt;?xml version=&quot;1.0&quot; encoding=&quot;UTF-8&quot;?&gt;
&lt;!DOCTYPE suite SYSTEM &quot;https://testng.org/testng-1.0.dtd&quot;&gt;
&lt;suite name=&quot;Suite&quot; guice-stage=&quot;DEVELOPMENT&quot;&gt;
  &lt;listeners&gt;
    &lt;listener class-name=&quot;com.axisrooms.rateShopper.listeners.ListenerClass&quot;/&gt;
    &lt;listener class-name=&quot;com.axisrooms.rateShopper.listeners.MethodInterceptor&quot;/&gt;
    &lt;listener class-name=&quot;com.axisrooms.rateShopper.listeners.AnnotationTransformer&quot;/&gt;
  &lt;/listeners&gt;
  &lt;test thread-count=&quot;5&quot; name=&quot;Test&quot;&gt;
    &lt;classes&gt;
      &lt;class name=&quot;com.axisrooms.rateShopper.test.LoginTest&quot;/&gt;
      &lt;class name=&quot;com.axisrooms.rateShopper.test.LoginFunctionalityTest&quot;/&gt;
      &lt;class name=&quot;com.axisrooms.rateShopper.test.FiltersTest&quot;/&gt;
      &lt;class name=&quot;com.axisrooms.rateShopper.test.ReportTest&quot;/&gt;
      &lt;class name=&quot;com.axisrooms.rateShopper.test.RefreshTestForRatesAndMobileRates&quot;/&gt;
      &lt;class name=&quot;com.axisrooms.rateShopper.test.RefreshTestForRates&quot;/&gt;
    &lt;/classes&gt;
  &lt;/test&gt; &lt;!-- Test --&gt;
&lt;/suite&gt; &lt;!-- Suite --&gt;
            </pre>
          </div> <!-- main-panel-content rounded-window-bottom -->
        </div> <!-- panel -->
        <div panel-name="testlist-Suite" class="panel">
          <div class="main-panel-header rounded-window-top">
            <span class="header-content">Tests for Suite</span>
          </div> <!-- main-panel-header rounded-window-top -->
          <div class="main-panel-content rounded-window-bottom">
            <ul>
              <li>
                <span class="test-name">Test (6 classes)</span>
              </li>
            </ul>
          </div> <!-- main-panel-content rounded-window-bottom -->
        </div> <!-- panel -->
        <div panel-name="group-Suite" class="panel">
          <div class="main-panel-header rounded-window-top">
            <span class="header-content">Groups for Suite</span>
          </div> <!-- main-panel-header rounded-window-top -->
          <div class="main-panel-content rounded-window-bottom">
          </div> <!-- main-panel-content rounded-window-bottom -->
        </div> <!-- panel -->
        <div panel-name="times-Suite" class="panel">
          <div class="main-panel-header rounded-window-top">
            <span class="header-content">Times for Suite</span>
          </div> <!-- main-panel-header rounded-window-top -->
          <div class="main-panel-content rounded-window-bottom">
            <div class="times-div">
              <script type="text/javascript">
suiteTableInitFunctions.push('tableData_Suite');
function tableData_Suite() {
var data = new google.visualization.DataTable();
data.addColumn('number', 'Number');
data.addColumn('string', 'Method');
data.addColumn('string', 'Class');
data.addColumn('number', 'Time (ms)');
data.addRows(44);
data.setCell(0, 0, 0)
data.setCell(0, 1, 'refreshTest')
data.setCell(0, 2, 'com.axisrooms.rateShopper.test.RefreshTestForRates')
data.setCell(0, 3, 1047233);
data.setCell(1, 0, 1)
data.setCell(1, 1, 'refreshTest')
data.setCell(1, 2, 'com.axisrooms.rateShopper.test.RefreshTestForRates')
data.setCell(1, 3, 538397);
data.setCell(2, 0, 2)
data.setCell(2, 1, 'refreshTest')
data.setCell(2, 2, 'com.axisrooms.rateShopper.test.RefreshTestForRates')
data.setCell(2, 3, 521345);
data.setCell(3, 0, 3)
data.setCell(3, 1, 'filtersTest')
data.setCell(3, 2, 'com.axisrooms.rateShopper.test.FiltersTest')
data.setCell(3, 3, 115766);
data.setCell(4, 0, 4)
data.setCell(4, 1, 'refreshTest')
data.setCell(4, 2, 'com.axisrooms.rateShopper.test.RefreshTestForRates')
data.setCell(4, 3, 81250);
data.setCell(5, 0, 5)
data.setCell(5, 1, 'refreshTest')
data.setCell(5, 2, 'com.axisrooms.rateShopper.test.RefreshTestForRates')
data.setCell(5, 3, 78289);
data.setCell(6, 0, 6)
data.setCell(6, 1, 'refreshTest')
data.setCell(6, 2, 'com.axisrooms.rateShopper.test.RefreshTestForRates')
data.setCell(6, 3, 77051);
data.setCell(7, 0, 7)
data.setCell(7, 1, 'refreshTest')
data.setCell(7, 2, 'com.axisrooms.rateShopper.test.RefreshTestForRates')
data.setCell(7, 3, 76654);
data.setCell(8, 0, 8)
data.setCell(8, 1, 'refreshTest')
data.setCell(8, 2, 'com.axisrooms.rateShopper.test.RefreshTestForRates')
data.setCell(8, 3, 76628);
data.setCell(9, 0, 9)
data.setCell(9, 1, 'refreshTest')
data.setCell(9, 2, 'com.axisrooms.rateShopper.test.RefreshTestForRates')
data.setCell(9, 3, 76626);
data.setCell(10, 0, 10)
data.setCell(10, 1, 'refreshTest')
data.setCell(10, 2, 'com.axisrooms.rateShopper.test.RefreshTestForRates')
data.setCell(10, 3, 76533);
data.setCell(11, 0, 11)
data.setCell(11, 1, 'refreshTest')
data.setCell(11, 2, 'com.axisrooms.rateShopper.test.RefreshTestForRates')
data.setCell(11, 3, 76532);
data.setCell(12, 0, 12)
data.setCell(12, 1, 'refreshTest')
data.setCell(12, 2, 'com.axisrooms.rateShopper.test.RefreshTestForRates')
data.setCell(12, 3, 76446);
data.setCell(13, 0, 13)
data.setCell(13, 1, 'refreshTest')
data.setCell(13, 2, 'com.axisrooms.rateShopper.test.RefreshTestForRates')
data.setCell(13, 3, 76442);
data.setCell(14, 0, 14)
data.setCell(14, 1, 'refreshTest')
data.setCell(14, 2, 'com.axisrooms.rateShopper.test.RefreshTestForRates')
data.setCell(14, 3, 76398);
data.setCell(15, 0, 15)
data.setCell(15, 1, 'refreshTest')
data.setCell(15, 2, 'com.axisrooms.rateShopper.test.RefreshTestForRates')
data.setCell(15, 3, 76315);
data.setCell(16, 0, 16)
data.setCell(16, 1, 'refreshTest')
data.setCell(16, 2, 'com.axisrooms.rateShopper.test.RefreshTestForRates')
data.setCell(16, 3, 76303);
data.setCell(17, 0, 17)
data.setCell(17, 1, 'refreshTest')
data.setCell(17, 2, 'com.axisrooms.rateShopper.test.RefreshTestForRates')
data.setCell(17, 3, 76248);
data.setCell(18, 0, 18)
data.setCell(18, 1, 'refreshTest')
data.setCell(18, 2, 'com.axisrooms.rateShopper.test.RefreshTestForRates')
data.setCell(18, 3, 76116);
data.setCell(19, 0, 19)
data.setCell(19, 1, 'refreshTest')
data.setCell(19, 2, 'com.axisrooms.rateShopper.test.RefreshTestForRates')
data.setCell(19, 3, 76110);
data.setCell(20, 0, 20)
data.setCell(20, 1, 'filtersTest')
data.setCell(20, 2, 'com.axisrooms.rateShopper.test.FiltersTest')
data.setCell(20, 3, 75723);
data.setCell(21, 0, 21)
data.setCell(21, 1, 'filtersTest')
data.setCell(21, 2, 'com.axisrooms.rateShopper.test.FiltersTest')
data.setCell(21, 3, 75631);
data.setCell(22, 0, 22)
data.setCell(22, 1, 'filtersTest')
data.setCell(22, 2, 'com.axisrooms.rateShopper.test.FiltersTest')
data.setCell(22, 3, 75513);
data.setCell(23, 0, 23)
data.setCell(23, 1, 'filtersTest')
data.setCell(23, 2, 'com.axisrooms.rateShopper.test.FiltersTest')
data.setCell(23, 3, 75485);
data.setCell(24, 0, 24)
data.setCell(24, 1, 'filtersTest')
data.setCell(24, 2, 'com.axisrooms.rateShopper.test.FiltersTest')
data.setCell(24, 3, 75479);
data.setCell(25, 0, 25)
data.setCell(25, 1, 'filtersTest')
data.setCell(25, 2, 'com.axisrooms.rateShopper.test.FiltersTest')
data.setCell(25, 3, 75382);
data.setCell(26, 0, 26)
data.setCell(26, 1, 'filtersTest')
data.setCell(26, 2, 'com.axisrooms.rateShopper.test.FiltersTest')
data.setCell(26, 3, 75382);
data.setCell(27, 0, 27)
data.setCell(27, 1, 'refreshTest')
data.setCell(27, 2, 'com.axisrooms.rateShopper.test.RefreshTestForRates')
data.setCell(27, 3, 73858);
data.setCell(28, 0, 28)
data.setCell(28, 1, 'refreshTest')
data.setCell(28, 2, 'com.axisrooms.rateShopper.test.RefreshTestForRates')
data.setCell(28, 3, 63493);
data.setCell(29, 0, 29)
data.setCell(29, 1, 'loginTest')
data.setCell(29, 2, 'com.axisrooms.rateShopper.test.LoginTest')
data.setCell(29, 3, 62950);
data.setCell(30, 0, 30)
data.setCell(30, 1, 'filtersTest')
data.setCell(30, 2, 'com.axisrooms.rateShopper.test.FiltersTest')
data.setCell(30, 3, 39779);
data.setCell(31, 0, 31)
data.setCell(31, 1, 'filtersTest')
data.setCell(31, 2, 'com.axisrooms.rateShopper.test.FiltersTest')
data.setCell(31, 3, 39774);
data.setCell(32, 0, 32)
data.setCell(32, 1, 'filtersTest')
data.setCell(32, 2, 'com.axisrooms.rateShopper.test.FiltersTest')
data.setCell(32, 3, 39754);
data.setCell(33, 0, 33)
data.setCell(33, 1, 'filtersTest')
data.setCell(33, 2, 'com.axisrooms.rateShopper.test.FiltersTest')
data.setCell(33, 3, 39733);
data.setCell(34, 0, 34)
data.setCell(34, 1, 'filtersTest')
data.setCell(34, 2, 'com.axisrooms.rateShopper.test.FiltersTest')
data.setCell(34, 3, 39676);
data.setCell(35, 0, 35)
data.setCell(35, 1, 'filtersTest')
data.setCell(35, 2, 'com.axisrooms.rateShopper.test.FiltersTest')
data.setCell(35, 3, 39663);
data.setCell(36, 0, 36)
data.setCell(36, 1, 'filtersTest')
data.setCell(36, 2, 'com.axisrooms.rateShopper.test.FiltersTest')
data.setCell(36, 3, 39626);
data.setCell(37, 0, 37)
data.setCell(37, 1, 'filtersTest')
data.setCell(37, 2, 'com.axisrooms.rateShopper.test.FiltersTest')
data.setCell(37, 3, 39615);
data.setCell(38, 0, 38)
data.setCell(38, 1, 'reportTest')
data.setCell(38, 2, 'com.axisrooms.rateShopper.test.ReportTest')
data.setCell(38, 3, 14030);
data.setCell(39, 0, 39)
data.setCell(39, 1, 'reportTest')
data.setCell(39, 2, 'com.axisrooms.rateShopper.test.ReportTest')
data.setCell(39, 3, 14015);
data.setCell(40, 0, 40)
data.setCell(40, 1, 'refreshTest')
data.setCell(40, 2, 'com.axisrooms.rateShopper.test.RefreshTestForRates')
data.setCell(40, 3, 12170);
data.setCell(41, 0, 41)
data.setCell(41, 1, 'refreshTest')
data.setCell(41, 2, 'com.axisrooms.rateShopper.test.RefreshTestForRates')
data.setCell(41, 3, 10664);
data.setCell(42, 0, 42)
data.setCell(42, 1, 'refreshTest')
data.setCell(42, 2, 'com.axisrooms.rateShopper.test.RefreshTestForRates')
data.setCell(42, 3, 10358);
data.setCell(43, 0, 43)
data.setCell(43, 1, 'refreshTestForRatesAndMobileRates')
data.setCell(43, 2, 'com.axisrooms.rateShopper.test.RefreshTestForRatesAndMobileRates')
data.setCell(43, 3, 3901);
window.suiteTableData['Suite']= { tableData: data, tableDiv: 'times-div-Suite'}
return data;
}
              </script>
              <span class="suite-total-time">Total running time: 1 hours</span>
              <div id="times-div-Suite">
              </div> <!-- times-div-Suite -->
            </div> <!-- times-div -->
          </div> <!-- main-panel-content rounded-window-bottom -->
        </div> <!-- panel -->
        <div panel-name="reporter-Suite" class="panel">
          <div class="main-panel-header rounded-window-top">
            <span class="header-content">Reporter output for Suite</span>
          </div> <!-- main-panel-header rounded-window-top -->
          <div class="main-panel-content rounded-window-bottom">
          </div> <!-- main-panel-content rounded-window-bottom -->
        </div> <!-- panel -->
        <div panel-name="ignored-methods-Suite" class="panel">
          <div class="main-panel-header rounded-window-top">
            <span class="header-content">0 ignored methods</span>
          </div> <!-- main-panel-header rounded-window-top -->
          <div class="main-panel-content rounded-window-bottom">
          </div> <!-- main-panel-content rounded-window-bottom -->
        </div> <!-- panel -->
        <div panel-name="chronological-Suite" class="panel">
          <div class="main-panel-header rounded-window-top">
            <span class="header-content">Methods in chronological order</span>
          </div> <!-- main-panel-header rounded-window-top -->
          <div class="main-panel-content rounded-window-bottom">
            <div class="chronological-class">
              <div class="chronological-class-name">com.axisrooms.rateShopper.test.LoginTest</div> <!-- chronological-class-name -->
              <div class="configuration-method before">
                <span class="method-name">setUp([{TimeForWait=, TestName=loginTest, selectProperties=, UserName=kancharla.p@axisrooms.com, Execute=y...)</span>
                <span class="method-start">0 ms</span>
              </div> <!-- configuration-method before -->
              <div class="test-method">
                <span class="method-name">loginTest({TimeForWait=, TestName=loginTest, selectProperties=, UserName=kancharla.p@axisrooms.com, Execute=ye...)</span>
                <span class="method-start">7317 ms</span>
              </div> <!-- test-method -->
              <div class="configuration-method after">
                <span class="method-name">tearDown</span>
                <span class="method-start">70271 ms</span>
              </div> <!-- configuration-method after -->
            </div> <!-- chronological-class -->
            <div class="chronological-class">
              <div class="chronological-class-name">com.axisrooms.rateShopper.test.FiltersTest</div> <!-- chronological-class-name -->
              <div class="configuration-method before">
                <span class="method-name">setUp([{TimeForWait=5000, TestName=filtersTest, selectProperties=Coconut Lagoon-CGH Earth, Kumarakom, Indi...)</span>
                <span class="method-start">70463 ms</span>
              </div> <!-- configuration-method before -->
              <div class="test-method">
                <img src="failed.png">
                </img>
                <span class="method-name">filtersTest({TimeForWait=5000, TestName=filtersTest, selectProperties=Coconut Lagoon-CGH Earth, Kumarakom, India...)</span>
                <span class="method-start">76909 ms</span>
              </div> <!-- test-method -->
              <div class="configuration-method after">
                <span class="method-name">tearDown</span>
                <span class="method-start">116687 ms</span>
              </div> <!-- configuration-method after -->
              <div class="configuration-method before">
                <span class="method-name">setUp([{TimeForWait=5000, TestName=filtersTest, selectProperties=19VillaMira, Pondicherry, India, UserName...)</span>
                <span class="method-start">116811 ms</span>
              </div> <!-- configuration-method before -->
              <div class="test-method">
                <span class="method-name">filtersTest({TimeForWait=5000, TestName=filtersTest, selectProperties=19VillaMira, Pondicherry, India, UserName=...)</span>
                <span class="method-start">123461 ms</span>
              </div> <!-- test-method -->
              <div class="configuration-method after">
                <span class="method-name">tearDown</span>
                <span class="method-start">199185 ms</span>
              </div> <!-- configuration-method after -->
              <div class="configuration-method before">
                <span class="method-name">setUp([{TimeForWait=5000, TestName=filtersTest, selectProperties=Coconut Lagoon-CGH Earth, Kumarakom, Indi...)</span>
                <span class="method-start">199302 ms</span>
              </div> <!-- configuration-method before -->
              <div class="test-method">
                <img src="failed.png">
                </img>
                <span class="method-name">filtersTest({TimeForWait=5000, TestName=filtersTest, selectProperties=Coconut Lagoon-CGH Earth, Kumarakom, India...)</span>
                <span class="method-start">206464 ms</span>
              </div> <!-- test-method -->
              <div class="configuration-method after">
                <span class="method-name">tearDown</span>
                <span class="method-start">246083 ms</span>
              </div> <!-- configuration-method after -->
              <div class="configuration-method before">
                <span class="method-name">setUp([{TimeForWait=5000, TestName=filtersTest, selectProperties=19VillaMira, Pondicherry, India, UserName...)</span>
                <span class="method-start">246217 ms</span>
              </div> <!-- configuration-method before -->
              <div class="test-method">
                <span class="method-name">filtersTest({TimeForWait=5000, TestName=filtersTest, selectProperties=19VillaMira, Pondicherry, India, UserName=...)</span>
                <span class="method-start">253404 ms</span>
              </div> <!-- test-method -->
              <div class="configuration-method after">
                <span class="method-name">tearDown</span>
                <span class="method-start">328884 ms</span>
              </div> <!-- configuration-method after -->
              <div class="configuration-method before">
                <span class="method-name">setUp([{TimeForWait=5000, TestName=filtersTest, selectProperties=Coconut Lagoon-CGH Earth, Kumarakom, Indi...)</span>
                <span class="method-start">329006 ms</span>
              </div> <!-- configuration-method before -->
              <div class="test-method">
                <img src="failed.png">
                </img>
                <span class="method-name">filtersTest({TimeForWait=5000, TestName=filtersTest, selectProperties=Coconut Lagoon-CGH Earth, Kumarakom, India...)</span>
                <span class="method-start">335350 ms</span>
              </div> <!-- test-method -->
              <div class="configuration-method after">
                <span class="method-name">tearDown</span>
                <span class="method-start">374977 ms</span>
              </div> <!-- configuration-method after -->
              <div class="configuration-method before">
                <span class="method-name">setUp([{TimeForWait=5000, TestName=filtersTest, selectProperties=19VillaMira, Pondicherry, India, UserName...)</span>
                <span class="method-start">375094 ms</span>
              </div> <!-- configuration-method before -->
              <div class="test-method">
                <img src="failed.png">
                </img>
                <span class="method-name">filtersTest({TimeForWait=5000, TestName=filtersTest, selectProperties=19VillaMira, Pondicherry, India, UserName=...)</span>
                <span class="method-start">382393 ms</span>
              </div> <!-- test-method -->
              <div class="configuration-method after">
                <span class="method-name">tearDown</span>
                <span class="method-start">498162 ms</span>
              </div> <!-- configuration-method after -->
              <div class="configuration-method before">
                <span class="method-name">setUp([{TimeForWait=5000, TestName=filtersTest, selectProperties=Coconut Lagoon-CGH Earth, Kumarakom, Indi...)</span>
                <span class="method-start">498349 ms</span>
              </div> <!-- configuration-method before -->
              <div class="test-method">
                <img src="failed.png">
                </img>
                <span class="method-name">filtersTest({TimeForWait=5000, TestName=filtersTest, selectProperties=Coconut Lagoon-CGH Earth, Kumarakom, India...)</span>
                <span class="method-start">507773 ms</span>
              </div> <!-- test-method -->
              <div class="configuration-method after">
                <span class="method-name">tearDown</span>
                <span class="method-start">547555 ms</span>
              </div> <!-- configuration-method after -->
              <div class="configuration-method before">
                <span class="method-name">setUp([{TimeForWait=5000, TestName=filtersTest, selectProperties=19VillaMira, Pondicherry, India, UserName...)</span>
                <span class="method-start">547684 ms</span>
              </div> <!-- configuration-method before -->
              <div class="test-method">
                <span class="method-name">filtersTest({TimeForWait=5000, TestName=filtersTest, selectProperties=19VillaMira, Pondicherry, India, UserName=...)</span>
                <span class="method-start">556389 ms</span>
              </div> <!-- test-method -->
              <div class="configuration-method after">
                <span class="method-name">tearDown</span>
                <span class="method-start">631772 ms</span>
              </div> <!-- configuration-method after -->
              <div class="configuration-method before">
                <span class="method-name">setUp([{TimeForWait=5000, TestName=filtersTest, selectProperties=Coconut Lagoon-CGH Earth, Kumarakom, Indi...)</span>
                <span class="method-start">631887 ms</span>
              </div> <!-- configuration-method before -->
              <div class="test-method">
                <img src="failed.png">
                </img>
                <span class="method-name">filtersTest({TimeForWait=5000, TestName=filtersTest, selectProperties=Coconut Lagoon-CGH Earth, Kumarakom, India...)</span>
                <span class="method-start">639141 ms</span>
              </div> <!-- test-method -->
              <div class="configuration-method after">
                <span class="method-name">tearDown</span>
                <span class="method-start">678819 ms</span>
              </div> <!-- configuration-method after -->
              <div class="configuration-method before">
                <span class="method-name">setUp([{TimeForWait=5000, TestName=filtersTest, selectProperties=19VillaMira, Pondicherry, India, UserName...)</span>
                <span class="method-start">678934 ms</span>
              </div> <!-- configuration-method before -->
              <div class="test-method">
                <span class="method-name">filtersTest({TimeForWait=5000, TestName=filtersTest, selectProperties=19VillaMira, Pondicherry, India, UserName=...)</span>
                <span class="method-start">685519 ms</span>
              </div> <!-- test-method -->
              <div class="configuration-method after">
                <span class="method-name">tearDown</span>
                <span class="method-start">761005 ms</span>
              </div> <!-- configuration-method after -->
              <div class="configuration-method before">
                <span class="method-name">setUp([{TimeForWait=5000, TestName=filtersTest, selectProperties=Coconut Lagoon-CGH Earth, Kumarakom, Indi...)</span>
                <span class="method-start">761133 ms</span>
              </div> <!-- configuration-method before -->
              <div class="test-method">
                <img src="failed.png">
                </img>
                <span class="method-name">filtersTest({TimeForWait=5000, TestName=filtersTest, selectProperties=Coconut Lagoon-CGH Earth, Kumarakom, India...)</span>
                <span class="method-start">767512 ms</span>
              </div> <!-- test-method -->
              <div class="configuration-method after">
                <span class="method-name">tearDown</span>
                <span class="method-start">807246 ms</span>
              </div> <!-- configuration-method after -->
              <div class="configuration-method before">
                <span class="method-name">setUp([{TimeForWait=5000, TestName=filtersTest, selectProperties=19VillaMira, Pondicherry, India, UserName...)</span>
                <span class="method-start">807367 ms</span>
              </div> <!-- configuration-method before -->
              <div class="test-method">
                <span class="method-name">filtersTest({TimeForWait=5000, TestName=filtersTest, selectProperties=19VillaMira, Pondicherry, India, UserName=...)</span>
                <span class="method-start">813757 ms</span>
              </div> <!-- test-method -->
              <div class="configuration-method after">
                <span class="method-name">tearDown</span>
                <span class="method-start">889271 ms</span>
              </div> <!-- configuration-method after -->
              <div class="configuration-method before">
                <span class="method-name">setUp([{TimeForWait=5000, TestName=filtersTest, selectProperties=Coconut Lagoon-CGH Earth, Kumarakom, Indi...)</span>
                <span class="method-start">889451 ms</span>
              </div> <!-- configuration-method before -->
              <div class="test-method">
                <img src="failed.png">
                </img>
                <span class="method-name">filtersTest({TimeForWait=5000, TestName=filtersTest, selectProperties=Coconut Lagoon-CGH Earth, Kumarakom, India...)</span>
                <span class="method-start">896405 ms</span>
              </div> <!-- test-method -->
              <div class="configuration-method after">
                <span class="method-name">tearDown</span>
                <span class="method-start">936069 ms</span>
              </div> <!-- configuration-method after -->
              <div class="configuration-method before">
                <span class="method-name">setUp([{TimeForWait=5000, TestName=filtersTest, selectProperties=19VillaMira, Pondicherry, India, UserName...)</span>
                <span class="method-start">936193 ms</span>
              </div> <!-- configuration-method before -->
              <div class="test-method">
                <span class="method-name">filtersTest({TimeForWait=5000, TestName=filtersTest, selectProperties=19VillaMira, Pondicherry, India, UserName=...)</span>
                <span class="method-start">943557 ms</span>
              </div> <!-- test-method -->
              <div class="configuration-method after">
                <span class="method-name">tearDown</span>
                <span class="method-start">1018940 ms</span>
              </div> <!-- configuration-method after -->
              <div class="configuration-method before">
                <span class="method-name">setUp([{TimeForWait=5000, TestName=filtersTest, selectProperties=Coconut Lagoon-CGH Earth, Kumarakom, Indi...)</span>
                <span class="method-start">1019058 ms</span>
              </div> <!-- configuration-method before -->
              <div class="test-method">
                <img src="failed.png">
                </img>
                <span class="method-name">filtersTest({TimeForWait=5000, TestName=filtersTest, selectProperties=Coconut Lagoon-CGH Earth, Kumarakom, India...)</span>
                <span class="method-start">1025279 ms</span>
              </div> <!-- test-method -->
              <div class="configuration-method after">
                <span class="method-name">tearDown</span>
                <span class="method-start">1065034 ms</span>
              </div> <!-- configuration-method after -->
              <div class="configuration-method before">
                <span class="method-name">setUp([{TimeForWait=5000, TestName=filtersTest, selectProperties=19VillaMira, Pondicherry, India, UserName...)</span>
                <span class="method-start">1065194 ms</span>
              </div> <!-- configuration-method before -->
              <div class="test-method">
                <span class="method-name">filtersTest({TimeForWait=5000, TestName=filtersTest, selectProperties=19VillaMira, Pondicherry, India, UserName=...)</span>
                <span class="method-start">1071969 ms</span>
              </div> <!-- test-method -->
              <div class="configuration-method after">
                <span class="method-name">tearDown</span>
                <span class="method-start">1147601 ms</span>
              </div> <!-- configuration-method after -->
            </div> <!-- chronological-class -->
            <div class="chronological-class">
              <div class="chronological-class-name">com.axisrooms.rateShopper.test.ReportTest</div> <!-- chronological-class-name -->
              <div class="configuration-method before">
                <span class="method-name">setUp([{TimeForWait=5000, TestName=reportTest, selectProperties=Coconut Lagoon-CGH Earth, Kumarakom, India...)</span>
                <span class="method-start">1147751 ms</span>
              </div> <!-- configuration-method before -->
              <div class="test-method">
                <span class="method-name">reportTest({TimeForWait=5000, TestName=reportTest, selectProperties=Coconut Lagoon-CGH Earth, Kumarakom, India,...)</span>
                <span class="method-start">1154882 ms</span>
              </div> <!-- test-method -->
              <div class="configuration-method after">
                <span class="method-name">tearDown</span>
                <span class="method-start">1168899 ms</span>
              </div> <!-- configuration-method after -->
              <div class="configuration-method before">
                <span class="method-name">setUp([{TimeForWait=5000, TestName=reportTest, selectProperties=19VillaMira, Pondicherry, India, UserName=...)</span>
                <span class="method-start">1169087 ms</span>
              </div> <!-- configuration-method before -->
              <div class="test-method">
                <span class="method-name">reportTest({TimeForWait=5000, TestName=reportTest, selectProperties=19VillaMira, Pondicherry, India, UserName=k...)</span>
                <span class="method-start">1176435 ms</span>
              </div> <!-- test-method -->
              <div class="configuration-method after">
                <span class="method-name">tearDown</span>
                <span class="method-start">1190466 ms</span>
              </div> <!-- configuration-method after -->
            </div> <!-- chronological-class -->
            <div class="chronological-class">
              <div class="chronological-class-name">com.axisrooms.rateShopper.test.RefreshTestForRatesAndMobileRates</div> <!-- chronological-class-name -->
              <div class="configuration-method before">
                <span class="method-name">setUp([{TimeForWait=5000, TestName=refreshTestForRatesAndMobileRates, selectProperties=Coconut Lagoon-CGH ...)</span>
                <span class="method-start">1190613 ms</span>
              </div> <!-- configuration-method before -->
              <div class="test-method">
                <img src="failed.png">
                </img>
                <span class="method-name">refreshTestForRatesAndMobileRates({TimeForWait=5000, TestName=refreshTestForRatesAndMobileRates, selectProperties=Coconut Lagoon-CGH E...)</span>
                <span class="method-start">1198936 ms</span>
              </div> <!-- test-method -->
              <div class="configuration-method after">
                <span class="method-name">tearDown</span>
                <span class="method-start">1202839 ms</span>
              </div> <!-- configuration-method after -->
            </div> <!-- chronological-class -->
            <div class="chronological-class">
              <div class="chronological-class-name">com.axisrooms.rateShopper.test.RefreshTestForRates</div> <!-- chronological-class-name -->
              <div class="configuration-method before">
                <span class="method-name">setUp([{TimeForWait=5000, TestName=refreshTest, selectProperties=Casino hotel, Cochin, India, UserName=kan...)</span>
                <span class="method-start">1203028 ms</span>
              </div> <!-- configuration-method before -->
              <div class="test-method">
                <img src="failed.png">
                </img>
                <span class="method-name">refreshTest({TimeForWait=5000, TestName=refreshTest, selectProperties=Casino hotel, Cochin, India, UserName=kanc...)</span>
                <span class="method-start">1209068 ms</span>
              </div> <!-- test-method -->
              <div class="configuration-method after">
                <span class="method-name">tearDown</span>
                <span class="method-start">1285697 ms</span>
              </div> <!-- configuration-method after -->
              <div class="configuration-method before">
                <span class="method-name">setUp([{TimeForWait=5000, TestName=refreshTest, selectProperties=19VillaMira, Pondicherry, India, UserName...)</span>
                <span class="method-start">1285878 ms</span>
              </div> <!-- configuration-method before -->
              <div class="test-method">
                <img src="failed.png">
                </img>
                <span class="method-name">refreshTest({TimeForWait=5000, TestName=refreshTest, selectProperties=19VillaMira, Pondicherry, India, UserName=...)</span>
                <span class="method-start">1293151 ms</span>
              </div> <!-- test-method -->
              <div class="configuration-method after">
                <span class="method-name">tearDown</span>
                <span class="method-start">1303816 ms</span>
              </div> <!-- configuration-method after -->
              <div class="configuration-method before">
                <span class="method-name">setUp([{TimeForWait=5000, TestName=refreshTest, selectProperties=Coconut Lagoon-CGH Earth, Kumarakom, Indi...)</span>
                <span class="method-start">1303970 ms</span>
              </div> <!-- configuration-method before -->
              <div class="test-method">
                <img src="failed.png">
                </img>
                <span class="method-name">refreshTest({TimeForWait=5000, TestName=refreshTest, selectProperties=Coconut Lagoon-CGH Earth, Kumarakom, India...)</span>
                <span class="method-start">1312193 ms</span>
              </div> <!-- test-method -->
              <div class="configuration-method after">
                <span class="method-name">tearDown</span>
                <span class="method-start">1324365 ms</span>
              </div> <!-- configuration-method after -->
              <div class="configuration-method before">
                <span class="method-name">setUp([{TimeForWait=5000, TestName=refreshTest, selectProperties=19VillaMira, Pondicherry, India, UserName...)</span>
                <span class="method-start">1324481 ms</span>
              </div> <!-- configuration-method before -->
              <div class="test-method">
                <img src="failed.png">
                </img>
                <span class="method-name">refreshTest({TimeForWait=5000, TestName=refreshTest, selectProperties=19VillaMira, Pondicherry, India, UserName=...)</span>
                <span class="method-start">1331444 ms</span>
              </div> <!-- test-method -->
              <div class="configuration-method after">
                <span class="method-name">tearDown</span>
                <span class="method-start">1407977 ms</span>
              </div> <!-- configuration-method after -->
              <div class="configuration-method before">
                <span class="method-name">setUp([{TimeForWait=5000, TestName=refreshTest, selectProperties=Coconut Lagoon-CGH Earth, Kumarakom, Indi...)</span>
                <span class="method-start">1408085 ms</span>
              </div> <!-- configuration-method before -->
              <div class="test-method">
                <img src="failed.png">
                </img>
                <span class="method-name">refreshTest({TimeForWait=5000, TestName=refreshTest, selectProperties=Coconut Lagoon-CGH Earth, Kumarakom, India...)</span>
                <span class="method-start">1415544 ms</span>
              </div> <!-- test-method -->
              <div class="configuration-method after">
                <span class="method-name">tearDown</span>
                <span class="method-start">1492171 ms</span>
              </div> <!-- configuration-method after -->
              <div class="configuration-method before">
                <span class="method-name">setUp([{TimeForWait=5000, TestName=refreshTest, selectProperties=19VillaMira, Pondicherry, India, UserName...)</span>
                <span class="method-start">1492283 ms</span>
              </div> <!-- configuration-method before -->
              <div class="test-method">
                <img src="failed.png">
                </img>
                <span class="method-name">refreshTest({TimeForWait=5000, TestName=refreshTest, selectProperties=19VillaMira, Pondicherry, India, UserName=...)</span>
                <span class="method-start">1499469 ms</span>
              </div> <!-- test-method -->
              <div class="configuration-method after">
                <span class="method-name">tearDown</span>
                <span class="method-start">1575579 ms</span>
              </div> <!-- configuration-method after -->
              <div class="configuration-method before">
                <span class="method-name">setUp([{TimeForWait=5000, TestName=refreshTest, selectProperties=Coconut Lagoon-CGH Earth, Kumarakom, Indi...)</span>
                <span class="method-start">1575700 ms</span>
              </div> <!-- configuration-method before -->
              <div class="test-method">
                <img src="failed.png">
                </img>
                <span class="method-name">refreshTest({TimeForWait=5000, TestName=refreshTest, selectProperties=Coconut Lagoon-CGH Earth, Kumarakom, India...)</span>
                <span class="method-start">1582341 ms</span>
              </div> <!-- test-method -->
              <div class="configuration-method after">
                <span class="method-name">tearDown</span>
                <span class="method-start">1658657 ms</span>
              </div> <!-- configuration-method after -->
              <div class="configuration-method before">
                <span class="method-name">setUp([{TimeForWait=5000, TestName=refreshTest, selectProperties=19VillaMira, Pondicherry, India, UserName...)</span>
                <span class="method-start">1658781 ms</span>
              </div> <!-- configuration-method before -->
              <div class="test-method">
                <img src="failed.png">
                </img>
                <span class="method-name">refreshTest({TimeForWait=5000, TestName=refreshTest, selectProperties=19VillaMira, Pondicherry, India, UserName=...)</span>
                <span class="method-start">1665226 ms</span>
              </div> <!-- test-method -->
              <div class="configuration-method after">
                <span class="method-name">tearDown</span>
                <span class="method-start">1741344 ms</span>
              </div> <!-- configuration-method after -->
              <div class="configuration-method before">
                <span class="method-name">setUp([{TimeForWait=5000, TestName=refreshTest, selectProperties=Coconut Lagoon-CGH Earth, Kumarakom, Indi...)</span>
                <span class="method-start">1741471 ms</span>
              </div> <!-- configuration-method before -->
              <div class="test-method">
                <img src="failed.png">
                </img>
                <span class="method-name">refreshTest({TimeForWait=5000, TestName=refreshTest, selectProperties=Coconut Lagoon-CGH Earth, Kumarakom, India...)</span>
                <span class="method-start">1749892 ms</span>
              </div> <!-- test-method -->
              <div class="configuration-method after">
                <span class="method-name">tearDown</span>
                <span class="method-start">1826334 ms</span>
              </div> <!-- configuration-method after -->
              <div class="configuration-method before">
                <span class="method-name">setUp([{TimeForWait=5000, TestName=refreshTest, selectProperties=19VillaMira, Pondicherry, India, UserName...)</span>
                <span class="method-start">1826472 ms</span>
              </div> <!-- configuration-method before -->
              <div class="test-method">
                <img src="failed.png">
                </img>
                <span class="method-name">refreshTest({TimeForWait=5000, TestName=refreshTest, selectProperties=19VillaMira, Pondicherry, India, UserName=...)</span>
                <span class="method-start">1832992 ms</span>
              </div> <!-- test-method -->
              <div class="configuration-method after">
                <span class="method-name">tearDown</span>
                <span class="method-start">1843352 ms</span>
              </div> <!-- configuration-method after -->
              <div class="configuration-method before">
                <span class="method-name">setUp([{TimeForWait=5000, TestName=refreshTest, selectProperties=19VillaMira, Pondicherry, India, UserName...)</span>
                <span class="method-start">1843487 ms</span>
              </div> <!-- configuration-method before -->
              <div class="test-method">
                <img src="failed.png">
                </img>
                <span class="method-name">refreshTest({TimeForWait=5000, TestName=refreshTest, selectProperties=19VillaMira, Pondicherry, India, UserName=...)</span>
                <span class="method-start">1850940 ms</span>
              </div> <!-- test-method -->
              <div class="configuration-method after">
                <span class="method-name">tearDown</span>
                <span class="method-start">1927244 ms</span>
              </div> <!-- configuration-method after -->
              <div class="configuration-method before">
                <span class="method-name">setUp([{TimeForWait=5000, TestName=refreshTest, selectProperties=Coconut Lagoon-CGH Earth, Kumarakom, Indi...)</span>
                <span class="method-start">1927386 ms</span>
              </div> <!-- configuration-method before -->
              <div class="test-method">
                <img src="failed.png">
                </img>
                <span class="method-name">refreshTest({TimeForWait=5000, TestName=refreshTest, selectProperties=Coconut Lagoon-CGH Earth, Kumarakom, India...)</span>
                <span class="method-start">1933837 ms</span>
              </div> <!-- test-method -->
              <div class="configuration-method after">
                <span class="method-name">tearDown</span>
                <span class="method-start">2010371 ms</span>
              </div> <!-- configuration-method after -->
              <div class="configuration-method before">
                <span class="method-name">setUp([{TimeForWait=5000, TestName=refreshTest, selectProperties=19VillaMira, Pondicherry, India, UserName...)</span>
                <span class="method-start">2010559 ms</span>
              </div> <!-- configuration-method before -->
              <div class="test-method">
                <img src="failed.png">
                </img>
                <span class="method-name">refreshTest({TimeForWait=5000, TestName=refreshTest, selectProperties=19VillaMira, Pondicherry, India, UserName=...)</span>
                <span class="method-start">2018663 ms</span>
              </div> <!-- test-method -->
              <div class="configuration-method after">
                <span class="method-name">tearDown</span>
                <span class="method-start">2095062 ms</span>
              </div> <!-- configuration-method after -->
              <div class="configuration-method before">
                <span class="method-name">setUp([{TimeForWait=5000, TestName=refreshTest, selectProperties=Coconut Lagoon-CGH Earth, Kumarakom, Indi...)</span>
                <span class="method-start">2095190 ms</span>
              </div> <!-- configuration-method before -->
              <div class="test-method">
                <img src="failed.png">
                </img>
                <span class="method-name">refreshTest({TimeForWait=5000, TestName=refreshTest, selectProperties=Coconut Lagoon-CGH Earth, Kumarakom, India...)</span>
                <span class="method-start">2101714 ms</span>
              </div> <!-- test-method -->
              <div class="configuration-method after">
                <span class="method-name">tearDown</span>
                <span class="method-start">2180004 ms</span>
              </div> <!-- configuration-method after -->
              <div class="configuration-method before">
                <span class="method-name">setUp([{TimeForWait=5000, TestName=refreshTest, selectProperties=19VillaMira, Pondicherry, India, UserName...)</span>
                <span class="method-start">2180127 ms</span>
              </div> <!-- configuration-method before -->
              <div class="test-method">
                <img src="failed.png">
                </img>
                <span class="method-name">refreshTest({TimeForWait=5000, TestName=refreshTest, selectProperties=19VillaMira, Pondicherry, India, UserName=...)</span>
                <span class="method-start">2183341 ms</span>
              </div> <!-- test-method -->
              <div class="configuration-method after">
                <span class="method-name">tearDown</span>
                <span class="method-start">2264593 ms</span>
              </div> <!-- configuration-method after -->
              <div class="configuration-method before">
                <span class="method-name">setUp([{TimeForWait=5000, TestName=refreshTest, selectProperties=Coconut Lagoon-CGH Earth, Kumarakom, Indi...)</span>
                <span class="method-start">2264748 ms</span>
              </div> <!-- configuration-method before -->
              <div class="test-method">
                <img src="failed.png">
                </img>
                <span class="method-name">refreshTest({TimeForWait=5000, TestName=refreshTest, selectProperties=Coconut Lagoon-CGH Earth, Kumarakom, India...)</span>
                <span class="method-start">2271573 ms</span>
              </div> <!-- test-method -->
              <div class="configuration-method after">
                <span class="method-name">tearDown</span>
                <span class="method-start">2348021 ms</span>
              </div> <!-- configuration-method after -->
              <div class="configuration-method before">
                <span class="method-name">setUp([{TimeForWait=5000, TestName=refreshTest, selectProperties=19VillaMira, Pondicherry, India, UserName...)</span>
                <span class="method-start">2348166 ms</span>
              </div> <!-- configuration-method before -->
              <div class="test-method">
                <img src="failed.png">
                </img>
                <span class="method-name">refreshTest({TimeForWait=5000, TestName=refreshTest, selectProperties=19VillaMira, Pondicherry, India, UserName=...)</span>
                <span class="method-start">2356879 ms</span>
              </div> <!-- test-method -->
              <div class="configuration-method after">
                <span class="method-name">tearDown</span>
                <span class="method-start">2433128 ms</span>
              </div> <!-- configuration-method after -->
              <div class="configuration-method before">
                <span class="method-name">setUp([{TimeForWait=5000, TestName=refreshTest, selectProperties=Coconut Lagoon-CGH Earth, Kumarakom, Indi...)</span>
                <span class="method-start">2433252 ms</span>
              </div> <!-- configuration-method before -->
              <div class="test-method">
                <img src="failed.png">
                </img>
                <span class="method-name">refreshTest({TimeForWait=5000, TestName=refreshTest, selectProperties=Coconut Lagoon-CGH Earth, Kumarakom, India...)</span>
                <span class="method-start">2440415 ms</span>
              </div> <!-- test-method -->
              <div class="configuration-method after">
                <span class="method-name">tearDown</span>
                <span class="method-start">2517085 ms</span>
              </div> <!-- configuration-method after -->
              <div class="configuration-method before">
                <span class="method-name">setUp([{TimeForWait=5000, TestName=refreshTest, selectProperties=19VillaMira, Pondicherry, India, UserName...)</span>
                <span class="method-start">2517336 ms</span>
              </div> <!-- configuration-method before -->
              <div class="test-method">
                <span class="method-name">refreshTest({TimeForWait=5000, TestName=refreshTest, selectProperties=19VillaMira, Pondicherry, India, UserName=...)</span>
                <span class="method-start">2572709 ms</span>
              </div> <!-- test-method -->
              <div class="configuration-method after">
                <span class="method-name">tearDown</span>
                <span class="method-start">3094056 ms</span>
              </div> <!-- configuration-method after -->
              <div class="configuration-method before">
                <span class="method-name">setUp([{TimeForWait=5000, TestName=refreshTest, selectProperties=Coconut Lagoon-CGH Earth, Kumarakom, Indi...)</span>
                <span class="method-start">3094408 ms</span>
              </div> <!-- configuration-method before -->
              <div class="test-method">
                <span class="method-name">refreshTest({TimeForWait=5000, TestName=refreshTest, selectProperties=Coconut Lagoon-CGH Earth, Kumarakom, India...)</span>
                <span class="method-start">3100518 ms</span>
              </div> <!-- test-method -->
              <div class="configuration-method after">
                <span class="method-name">tearDown</span>
                <span class="method-start">3174376 ms</span>
              </div> <!-- configuration-method after -->
              <div class="configuration-method before">
                <span class="method-name">setUp([{TimeForWait=5000, TestName=refreshTest, selectProperties=19VillaMira, Pondicherry, India, UserName...)</span>
                <span class="method-start">3174630 ms</span>
              </div> <!-- configuration-method before -->
              <div class="test-method">
                <span class="method-name">refreshTest({TimeForWait=5000, TestName=refreshTest, selectProperties=19VillaMira, Pondicherry, India, UserName=...)</span>
                <span class="method-start">3180817 ms</span>
              </div> <!-- test-method -->
              <div class="configuration-method after">
                <span class="method-name">tearDown</span>
                <span class="method-start">4228051 ms</span>
              </div> <!-- configuration-method after -->
              <div class="configuration-method before">
                <span class="method-name">setUp([{TimeForWait=5000, TestName=refreshTest, selectProperties=Coconut Lagoon-CGH Earth, Kumarakom, Indi...)</span>
                <span class="method-start">4228234 ms</span>
              </div> <!-- configuration-method before -->
              <div class="test-method">
                <span class="method-name">refreshTest({TimeForWait=5000, TestName=refreshTest, selectProperties=Coconut Lagoon-CGH Earth, Kumarakom, India...)</span>
                <span class="method-start">4234072 ms</span>
              </div> <!-- test-method -->
              <div class="configuration-method after">
                <span class="method-name">tearDown</span>
                <span class="method-start">4297568 ms</span>
              </div> <!-- configuration-method after -->
              <div class="configuration-method before">
                <span class="method-name">setUp([{TimeForWait=5000, TestName=refreshTest, selectProperties=19VillaMira, Pondicherry, India, UserName...)</span>
                <span class="method-start">4297688 ms</span>
              </div> <!-- configuration-method before -->
              <div class="test-method">
                <img src="failed.png">
                </img>
                <span class="method-name">refreshTest({TimeForWait=5000, TestName=refreshTest, selectProperties=19VillaMira, Pondicherry, India, UserName=...)</span>
                <span class="method-start">4303350 ms</span>
              </div> <!-- test-method -->
              <div class="configuration-method after">
                <span class="method-name">tearDown</span>
                <span class="method-start">4380404 ms</span>
              </div> <!-- configuration-method after -->
              <div class="configuration-method before">
                <span class="method-name">setUp([{TimeForWait=5000, TestName=refreshTest, selectProperties=Coconut Lagoon-CGH Earth, Kumarakom, Indi...)</span>
                <span class="method-start">4380531 ms</span>
              </div> <!-- configuration-method before -->
              <div class="test-method">
                <span class="method-name">refreshTest({TimeForWait=5000, TestName=refreshTest, selectProperties=Coconut Lagoon-CGH Earth, Kumarakom, India...)</span>
                <span class="method-start">4471912 ms</span>
              </div> <!-- test-method -->
              <div class="configuration-method after">
                <span class="method-name">tearDown</span>
                <span class="method-start">5010309 ms</span>
              </div> <!-- configuration-method after -->
          </div> <!-- main-panel-content rounded-window-bottom -->
        </div> <!-- panel -->
      </div> <!-- main-panel-root -->
    </div> <!-- wrapper -->
  </body>
<script type="text/javascript" src="testng-reports2.js"></script>
</html>
